UDrdsfPlQXby9Y5py1DxC66pjDEBnaX+WEYa8a+nJ+MOWDKUUPaPliAh2dWhRGUYKIOUEH2CWuYu8+v2S/WhdgN06uQPh5+/975rV503U5cDYrMo
lAmYLZHVBMxWS3O38mzzn6b3BL3F5azmmDqVg7PJ4W0p/f2I5YpBBE7J+jhCH32LIctaJt2+8ws/eh4eK+mSntg9R9IpEAUpeRCXdAdMq61nhOogeSaZ6d/6yqI6OWhYE8WeO9Nc8hgIgv8KCAV5P1iQ9aQgxxRcZTbqOsYXC9pzYfEKS/Cq6Ndzb6NfGks75WNDq4ums+Q=
W9Q4j6TGWXz6TJmm8wSQmWUhhAnEvc+1teLLeEIh3pSXx0wmc+3JCp3QshzAHi/+8OmZHnMsRfA4i5QYbWp6jv47qz6bnQGek/xqbJ9vP9cndiufTV9zfxNqsyA=
p0EBdiJlWlhKcCLItttKTQSAvZQBYmeVjCoXscJHPgJsVW3J2sTxVRiz3o+JPxqd8gbTfL4Of1KjmRGie6gqoMfLz0uvgosztRsjgzt+syw=
mKc0ermCUvRi+D+x775aGxHwceNAc3KpuDEXxJ2rN7XGfkhz0iuOF6vpQj2fdbffwRWIe+45BfPa79AfriVxsz0=
tln0wXFVUvvzjCnFAhNoupGTh++VDSi/sMAj8jWL5MeZTjpAn2hSFgF908jXnZ2iZyxLNejNFmG5gGnDCOPK6aABXyQl+9+1rq7wExobltcTeYodh4UfUiwll5umqf2zwh+Yv1Z1WbMV
uU+RWkBW2D1HI4flbmW7jpyzTw1KpHa8NZdfPKyFLM6+mdZMJwQ87vO+ipIeRCnpyy1xpKqO52G9GRFlQwDo1E201QNUR4eDlRVfhusl4SbjROLR79Dfb1fO66c9Z5NHY1KzGA==
PvESHxz0zTjUSAK9r9hs4DHe5PvT8cM9bd3TNrhiRmGEUl4WDWXH+KO1gUJbRB/lHPVaIXV43ZNcSzZJPGnr1LFjUzUiNmRjrvMKd2/RXs0z/VOS4B3jy3JBwdPeN2yPQm1Vsxk=
m1aMLnctjTTEP+3vZCiovZq4SQRuo2KqE4dfOa+hNsyzmdZMJwQ87vO+ipIeRCnpyy1xpKqO52G9GRFlQwDo1E201QNUR4eDlRVfhusl4SbjROLR79Dfb1fO66c9Z5NHY1KzGA==
05vbKYaj6p/C2UNX03Zz4Sy9lQathGIWMZ3jiGd9LSL3zJt1uC0GYamguYNYQ1pp0KGvZFXbL7XejgDTartmV4PZWt3XpQ9SPEVHW/bJbTNyfyh/ZhVpsyU=
pizojJtb1xbcjxur8upyiuAhp0FhtEEthJFmFjWV/5iLRUkCE5S3hYRlwqHt6EUzNJv+CXRZA/TJU6s1WgacQ8bDwrcngbZtq23LEniNeyvaEQkTlkdEb3odbbMh
Or8lkGvxkOlSHV3SyBTtS/rAoBn2jzM/4JazGXkAHcm/smU4IR0iiWTBSwTja+I3iLmCFVUsDx/t9RxKWpuQjzSHUa1gNY2B7XJeYV0zzD1/I2BLUnd8EWuzJw==
vIzs6740XejNkN7SeuySqZq4SQRuo2KqE4dfOa+hNsyomdZMJwQ87vO+ipIeRCnpyy1xpKqO52G9GRFlQwDo1E201QNUR4eDlRVfhusl4SbjROLR79Dfb1fO66c9Z5NHY1KzGA==
HhV3byoZ5uC2zxdzKvdEWN4FkHJIkGIFqKQsGDWH4p7LD0cCAYmxxc5wxK65t0xzKYriSDpORuXGQ6E0eEXIQ9/w2aEngbZtq23LEniNeyvaEQkTlkdEb3odbbMh
1rDaq/kevPuo2OQ4vpeSDLSSjKTVmEcJc5agbuiQ+RuWmwF0iMvAPjMeGE+PeVMJOTlE3khFTD1SRpY3mop/PMnbqUEXPNqw5ZrArdHjuI/ggaAKhV3tHCfui3GS+v+ni9Sn4RzdXAJLaa5YaoKjStMxsVpr4Kn/9yQv8/+Ky6tFMwP7q7az9A==
8tv8HruX9AgeNEn37luHzqUCD28adnpdb5oJScb6zlIUILI+L7LV9EmgYWdPkb5NUz1zmQJdQ0vSASHT/vfMD6ItdbM5
CYFdQbafiK+vYCPlQXc/t6QCD28adnpdb5oJScb6zlIUILI+L7LV9EmgYWdPkb5NUz1zmQJdQ0vSASHT/vfMD6ItdbM5
TxFu4HBB8+xoc00ukKuB7KYCD28adnpdb5oJScb6zlIUILI+L7LV9EmgYWdPkb5NUz1zmQJdQ0vSASHT/vfMD6ItdbM5
1vMyac1VQXS7CGPw3rrd7acCD28adnpdb5oJScb6zlIUILI+L7LV9EmgYWdPkb5NUz1zmQJdQ0vSASHT/vfMD6ItdbM5
dgxmIWOGl2eJgabxm7EF9hZq66/TFsEv1g6ODbsytelaErqigLg+vqMqQYS9yP3H8znqnSfFP1hOZXcbBmnds+Lf+D+2NXmzNQ==
DlYFwa/AZmRnauCWEi/2jSYziATcsfy14eDQY1E31oqTlEAPOuvCCKCgv1OUcUmK3L7RR2B9Duk+jd5WYG5wvPYmjz6bnQGek/xoa59oP9cndiufTV9zfxNqsyA=
OgidV2L3jH2eWQd45AM8RKICD28adnpdb5oJScb6zlIUILI+L7LV9EmgYWdPkb5NUz1zmAJdQ0vSASHT/vfMD6ItdbM5
aCXUmYmbcB2vwpWzr3+ojhZw7a/PDsAv1g6ODbsytelaErqigLg+vqMqQYS9yP3H8znqnSfFP1hOZXcbBmnds+Lf+D+2NXmzNQ==
azgacjjZRgfNw0/Yn3XVYaMCD28adnpdb5oJScb6zlIUILI+L7LV9EmgYWdPkb5NUz1zmAJdQ0vSASHT/vfMD6ItdbM5
0bStxNHZLmD5Rh3tY+ZYZ6ACD28adnpdb5oJScb6zlIUILI+L7LV9EmgYWdPkb5NUz1zmAJdQ0vSASHT/vfMD6ItdbM5
BBXbS9JpSVeKeHhFovwuF6ECD28adnpdb5oJScb6zlIUILI+L7LV9EmgYWdPkb5NUz1zmAJdQ0vSASHT/vfMD6ItdbM5
BLt9bVCEfbGr7XCEIIQ3VhZq663UHMAv1g6ODbsytelaErqigLg+vqMqQYS9yP3H8znqnSfFP1hOZXcbBmnds+Lf+D+2NXmzNQ==
RRw+TxgxjJMbRTs+MNqpgRBo4a/WGN8v1g6ODbsytelaErqigLg+vqMqQYS9yP3H8znqnSfFP1hOZXcbBmnds+Lf+D+2NXmzNQ==
td12zkuWSe+40EoyyQGq4BJw7a/PDsAv1g6ODbsytelaErqigLg+vqMqQYS9yP3H8znqnSfFP1hOZXcbBmnds+Lf+D+2NXmzNQ==
//iil5PCoCd32UpzRjW2GBdw7a/PDsAv1g6ODbsytelaErqigLg+vqMqQYS9yP3H8znqnSfFP1hOZXcbBmnds+Lf+D+2NXmzNQ==
H/EdytE/K3GizbNWLenXMhRw7a/PDsAv1g6ODbsytelaErqigLg+vqMqQYS9yP3H8znqnSfFP1hOZXcbBmnds+Lf+D+2NXmzNQ==
vo4xPPyFGDN6XRCP5CmnRRVw7a/PDsAv1g6ODbsytelaErqigLg+vqMqQYS9yP3H8znqnSfFP1hOZXcbBmnds+Lf+D+2NXmzNQ==
Gd4ig09jlCqS7fdEwLjpxhNw7a/PDsAv1g6ODbsytelaErqigLg+vqMqQYS9yP3H8znqnSfFP1hOZXcbBmnds+Lf+D+2NXmzNQ==
2X9oEudy+kFVLFHaseMA5xZo4a/WGN8v1g6ODbsytelaErqigLg+vqMqQYS9yP3H8znqnSfFP1hOZXcbBmnds+Lf+D+2NXmzNQ==
FFghUzo7tNjyoB5HRYJn7fctNglVOD0TPIsWSdypi1QRI7M1QvbE406zandPkb5NUz1zmAJdQ0vSASHT/vfMD6ItdbM5
8M8wscCDvItmYp0m7XgAGvctNglVOD0TPI8UR9ypi1QRI7M1QvbE406zandPkb5NUz1zmAJdQ0vSASHT/vfMD6ItdbM5
nfe+4NQJHnOBEzjbW9UME9G70I+EsA6KxURPr7Y22NeUzQh2D/EfrTqQ138JqEeGyNUDmmfxIxz70eHdG6kncLM+
t2OnmkFUGFYJFrkaLgBDCM7RUkHLkaU+ij8oliEVVX1vSIfXqQD3PkhtszLHWfNEO4kxtfvB1wizRg==
S6itD92v3LQvTQBlmDSlMI9d8kREad3BNHTEIZs7jcWUZVk5QbgwmQnjeJWjQ5wjhsfIyQezSw==
pIQfoREVPevyIn9kFk2+Ow0ZNZoQXZKAKjjhR146z5AqmLHM5OfVFTzF4YnJMrjp84SQxXsDpBOu59DZD7ND
mETZYmRiaWBtFOu37EIhTIZB/RvOBfQ8uus+NZ6IVf/iunMonigFZEhHeb1oFbVRlf/jMadUxC0X48j72hekIXOzPw==
TZQpw0LR/hW+AMN/72QFtlUm0YdsLwGGHV++oZPHgL1aYFSbsKkQMPsjrHo99LAQC3hGN5fhRi37jfseja0p7Gqx+ZMGpxQvij19szE=
JmCIeDS7MUByAdiQEN6wFU47Lhj+hsXfxepiChnZkP3lL2X1jSMWppDY/8qo2Yv27AJwJV4UPmYN60TQIRze0NiFD/ja0bXNeSNbpwl/SaeWG77rCniF9QyFcSm5OYmJYEXg5auDFPO+pyB5X7MT
Ina9VRTeT9zAWxRO4rdDxeZ9eH0/wgfGkoSXmOBrAhDJ4ZDqOddCnl4H08nCczRRGYvXp/PrjY+8nQJOW/AZ25hbW1MDjn5dSQBfCr/iOfab/erqTw89/bBAt0/JOOd2w6WjCyHBw0x7AcGt2zlHQLMO
9K7C7m8VMf0byCSU9kxwYE47Lhj+hsXfxepiChnZkP3lL2X1jSMWppDY/8qo2Yv27AJwJV4UPmYN60TQIRze0NiFD/ja0bXNeSNbpwl7QLCRG77rCniF9QyFcSm5Po+JYEXg5auDFPO+pyB5X7MT
xoUHDf5jONc7oRvGEvRyVn0pOx2/MjCr6gkJ2W9eGtCMLYKqyuX+wgMp0fKb2C2x5/2Jm89yC6MVq+PT2w6zPA==
ciQpm00ntq3C7OYknUT04GsWx7IXWwJ7z4XtWadIz262IBCa0s1ZBQeqmlwUiTIWArEervstwe6z7G19vxn5Z0fmqw+t7zOPM3qzMA==
ZZx7VMI6XdDRNwxEEWdkUq6M4hj8kiQopo2VHmMCdY27smUqNhZ4k2iPSBfjbO0tlbveFBA9FgXbumtaXI6NiDiGUa1gNY2B7X1aYVw1zD1/I2BLUnd8EWuzJw==
WitaLwHqKAZBB9ty/BLF3FJx9r6GWrpp0FfJROc5t+scQLq1nKEJ+rl+Voan3PrW8znqnSfFP1NIZXYdBmnds+Lf+D+2NXmzNQ==
y6XBnRoovoDdCrS4rXug6K+M4hj8kiQopo2VHmMCdY27smUqNhZ4k2iPSBfjbO0tlbveFBA9FgXbumtaXI6NiDiGUa1gNY2B7XNaYVw1zD1/I2BLUnd8EWuzJw==
P4EYYFfDoB+IUE0xZ264BlJx9r6GWrpp0FfJROc5t+scQLq1nKEJ+rl+Voan3PrW8znqnSfFP1tPZXsdBmnds+Lf+D+2NXmzNQ==
VDvqmJGq9K1bowsPGKB35K+M4hj8kiQopo2VHmMCdY27smUqNhZ4k2iPSBfjbO0tlbveFBA9FgXbumtaXI6NiDiGUa1gNY2B7XtdYVE1zD1/I2BLUnd8EWuzJw==
/9I+YwjfWcXTarg0603r3PctPS4bZ3pDZM8ISdizyF8UJKd6NebY8FOofndPkb5NUz1znAJdT03SASHT/vfMD6ItdbM5
wDZccZ5CuzPyMQ8BFzlvP2IEyLkbXQZrz47+QLYBijHpL1HJyctDGRqImlwUkzQWHqkfrvstwe6z7Gx7vxT5Z0fmqw+t7zOPM3qzMA==
kRJmj5r5ffep7EOs4wd64VJx9r6GWrpp0FfJROc5t+scQLq1nKEJ+rl+Voan3PrW8znqnSfFP1hMZXodBmnds+Lf+D+2NXmzNQ==
OYoz66NMpTbjaG7WYhXUaa+M4hj8kiQopo2VHmMCdY27smUqNhZ4k2iPSBfjbO0tlbveFBA9FgXbumtaXI6NiDiGUa1gNY2B7XheYVA1zD1/I2BLUnd8EWuzJw==
RZLNwj1We4/GSGET4nqgJOLtp8vM2q/NTHCZ3o2ZlgSEiFosJDxO9MGNgBZkdgxNNfPN2pq5jo8M6fllLeZAhndMU3GSrdmlR4qafFQpsnZCUR7OO81BTnPMaVp/tXmHh4ar7+2Psy9zWrMQ
h5vmEVKFjRNqHAgNSaA/jOLtp8vM2q/NTHCZ3o2ZlgSEiFosJDxO9MGNgBZkdgxNNfPN2pq5jo8M6fllLeZAhndMU3GSrdmlR4qafFQpsnZCUR7OO81BTnPMb1p/tXmHh4ar7+2Psy9zWrMQ
Vw756vRRp64fgffai4UXWOVEncJnCCgZnXRscmgIYoc5dArykmBPTGNVEQ41JinP9bGshIzyZ0PuNMO8vLRyK/0gaJjRhrPrkWNLPwtjXNN0v3gotyHmrVtN2x1qbU1oivCZk+bntK8qfV2zEQ==
A4Ze2CERptOhp1m4T82QlHcrm5h701smT2xtZnq1kLNUFhIG6pnBkz+nUKQfzdbft3qqETAaWOaPrmFaG1Gypn/jJfHQDG+jebR/2gmOuwAULRoAG41ZQWt1H2yzIg==
rRipwEXMR2jTZxdkWN08OVPdkaB4UQe7oHCwdlwBPjruHbZrotlSN1r3tnBtOv+y+thBrHRnZbVsBZFp2TKrycbAQKSLgzSzHieAOX+zMw==
36n72CB6lFaCeTcx4rJLhjYb8lsUhbGJ5KvR5VGDsa0hV/OtggQa2JwvpILmxb8KU/GxGusgqD13YywzfsrL68XzA7srdrM0
Pln6gIT4yxRlhXed0g31fjYb8lsUhbGJ5KvR5VGDsa0hV/OtggQa2JwvpILmxb8KU/GxGusgrT13YywzfsrL68XzA7srdrM0
uuJ6QrSCbkkfFMhLx0v4GFJx9r6GWrph2BbYBbBntOlEW7yvgLwr+rl+TICnwOLX8znqnSfFP1NMZXAYBmjds+Lf+D+2NXmzNQ==
mlp26NlrVN39ytxk3jJzlBl24K7UWeRg0QmODrBntOlEW7yvgLwr+rl+TICnwOLX8znqnSfFP11PZXAYBmjds+Lf+D+2NXmzNQ==
ArVXCa2bZ65JahvhlhCU/+aesRwWLIjQgX81ktKm1i3+QIv9zMYCA055/t/ORyII8bpjSm5o1cTYxwld2FVlMWX81RHykLSMp2NYmwpXlAFjsy8=
FI4GLVUTEZnR8QKn2elqH3crm5h701smT2xtZnq1kLNUFhIG6pnBkz+nUKQfzdbft3qqETAaWOaPrmFaH1iloX/jJfHQDG+jebR/2gyPuwEULRoAG41ZQWt1H2yzIg==
gWpfBxD6AQ0iP01jajg043crm5h701smT2xtZnq1lLNUFhIG6pnBkz+nUKQfzdbft3qqETAaWOaPrmFaG1Gypn/jJfHQDG+jebR/2guKuwYULRoAG41ZQWt1H2yzIg==
ThYCIdkH6LF43KcQnKIbOPctPS4bZ3pDZ88ISdizyF8UJKd6NeLY8FOofndPkb5NUz1znwNdQ0jSACHT/vfMD6ItdbM5
8whoysIsYegufVat1TTelBl24K7UWeRg0QmODrNntOlEW7yvgLwr+rl6TICnwOLX8znqnSfFP1pOZXcYBmjds+Lf+D+2NXmzNQ==
xsVcoqVTN9VTFZALRHgc/r+n3nZS0/DzGkgH6qSfcuV/D3DcA5nq6ll3kZH5EyMBKpCaRCCLVM4u8d/2S/WhdgN06eMPgJy/9r5rV503U5cDYrMo
cRTm4L6RqQePxO8vzc4jPM1G6wucBrFjvvluf56HUujhunMunigFZEhHeb1oFbVRlfLkMaVQxCwX48j72hekIXOzPw==
2RHvuilSpV76TTtZXNBJnXcrm5h701smT2xtZnq1lLNUFhIG6pnBkz+nUKQfzdbft3qqETAaWOaPrmFaH1iloX/jJfHQDG+jebR/2giOuwYULRoAG41ZQWt1H2yzIg==
WQyQPEOtabGkPhdZrkNYw3crm5h701smT2xtZnq1kLNUFhIG6pnBkz+nUKQfzdbft3qqETAaWOaPrmFaG1Gypn/jJfHQDG+jebR/2g2OuwYULRoAG41ZQWt1H2yzIg==
lO+hGXNAtUzCFzSY1+aXIs1G6wucBrJjvvluf56HUujhunMqnigFZEhHeb1oFbVRlf3iMaVQxCwX48j72hekIXOzPw==
ZoQ5Q9jSgFtLZe31fLHi9fctPS4bZ3pDZM8ISdizyF8UJKd6NebY8FOofndPkb5NUz1znwBdQkjSACHT/vfMD6ItdbM5
uP0og5lCUCcC8cK501QcT3EeleN/+Gs1ECJfWzKfvd0BH3WBi2feytqaWGls2Cr779gnB+kw1w5JXJMDBAlS1LsZ0eU7sTd4szY=
MXP4HeQW0WLiQO5tkDcULOVEncJnCCgZnXRscmgIYoc5dArykmBPTGNVEQ41JinP9bGshIzyZ0PuNMO8vLRyK/0gaJjRhrPrkWNLOwJ0W9N0v3gotyHmrVtN2xJsbUtqivCZk+bntK8qfV2zEQ==
jyUW2U3vrV07AQcqm794NPctPS4bZ3pDZM8ISdizyF8UJKd6NebY8FOofndPkb5NUz1zmQNdQkrSACHT/vfMD6ItdbM5
JZv/GqU1scj6MSjyWomlmR8WesWKgL/VILYeO1qZigdyF85gZTr3ogK4aZwspx1lxKUJGVGzIXlYIih0M8Psw/YHuCl3szs=
2OaIzPqhsHi7LvqJruOQ9b+n3nZS0/DzGkgH6qSfcuV/D3DcA5nq6Vl3kZH5EyMBKpCaRCSLVM4u8d/2S/WhdgN06+MPgZ6/9r5rV503U5cDYrMo
rYRtOL61azXdyvnpsC5ktTgS3fsfWxJohobxQ6MBijHpL1HJyctDGRqImlwUkzQWHqkfrvstwe6z7G99vxT+Z0bmqw+t7zOPM3qzMA==
+kU6E2SvrnkoDmKj366IRubZtBsWKoaPg2V8mc6mw2TvQYztzMYCA055/t/ORyII8bpjSm5o1cTYxwld2FVlMWX+0hH5krSMp2NYmwpXlAFjsy8=
LAlY8NL38bzPLDTfnjjE4XrLw+tRSfHvhwR2WCeOgulvhSVlaNf8KQyLhI9ozDP6oY4koJ+QKpc7ibJ9T1WH3LX12rtemJVzKo8AX54FYbMt
nikD2Zvq2zTrI6/4nn4XOJjkcVlu1oevK1EVz6P8KmjrxkYpK03pFbRvmMmoE3gf5ES3eiUGqDDjCI733zHujQMdQ5v0PZSLguCxU06XPE+SDWWzKQ==
KFzXG8NNVGQfYWjwR6retLGauaHz8dZkXzrO/P8oIAqczLuGcNW5lsdukTXxEzE9gYezfaIUGsi8/+RSRlU/mvMh8crLMKIpV7Nv495aS3tlI0NrC2azJA==
zKlZ7y3I8waRYHzbYS8nATSXlaQNSbeoiwY/FyOOgulvhSVlaNf8KQyLhI9ozDP6oY4koJ+QKpc7ibJ9T1WH2rX137temJVzKo8AX54FYbMt
GI5OWy/unx4ZPhd9bU5ld0jY98EPcGDCzHRb7sBNOR5XFjGdgcvxdVG/05WSDBrArAfEerYNf1KjmRGie6gppMfMz0uugosztRsjgzt+syw=
HG9NH83QAggufMZCn0MZIVo47Mk0EPX6WMl1cTdtatMGOTav5mc6+Om6ezp2SP00kAfBDTD13aEdf2+BDfMcXO+jEKviN4wxe7M3
qbFgkozoPABENB3iDe+8fM1G6wucBrJjvvluf56HUujhunMqnigFZEhHeb1oFbVRlf7nMaVTxCwX48j72hekIXOzPw==
bbu1g6twmwiJvB5Qozb6881G6wucG7Jjvvluf56HUujhunMqnigFZEhHeb1oFbVRlf7nMalTxCwX48j72hekIXOzPw==
jW5/3ey7G4+Q23WpbkyBafctPS4bZ3pDZM8ISdizyF8UJKd6NebY8FOofndPkb5NUz1zkwRdRUzSACHT/vfMD6ItdbM5
WMi66tNsR6d7qCDjAbEH1VPakqdvBVCxunb3PBMBMDW4FrZrotlSN1r3tnBtOv+y+thBrHRnZbVsBZFp2TOrycPEQKSLgzSzHieAOX+zMw==
OICI3YztTTVbwroSRQhWLRn12VluQ9G4rTVTGdoeUryRvb8zkjftJUEnpelrT+7S2oJoQYyw+sOvIHevSVgnlsLG4+igoYKseyGBDVuZB2CzLg==
1LT1aIFyKe/4lmIktuxfrmWQm6oMBvChngF2WCeOgulvhSVlaNf8KQyLhI9ozDP6oY4koJ+QKpc7ibJ9T1WH27f13bxemJVzKo8AX54FYbMt
TRT/P96LI6pY6tkqAbdbGgId7VsnTyPckDeh1yIqvqNg2DhVrQbwz8AqDlhXiK7ilv+0hRlZJ3d87CQPWYDLTGmLlZmhm93Vm3OWblo+EH18jIJ/T5wPE7lkX6oLfptUUJ36kJsd+bGrJX9csxI=
vGB8TvaMUTXjFudIIf2E8S5o2IA+i184RXFmbhnsxbAXDQ8BwMvNxzy8BP9Z8OucqTv1CSELfaXbo3ZeWg7wrTz8Iu/PDG+jebR/2gqKuwUQLRoAG41ZQWt1H2yzIg==
UMAFWkKUUp/Zdry+gIynHGXn30OM7bcQbXsbeIFMGRgZPsfm8Kd2ZC19pphXrpLpf2UVJbh3jKmc6zRPOOzD+tGu9OAvcLoXyynivX81l9Kk1Sz8Dngl87ovcJ9OZVGzHQ==
v94EgZ8EmHohQyTwqBquG6q2mS8UxOvmF0oH6qbRJL44EXnaH9rh6Vl3kZH5EyMBKpCaRCSLVM4u8d/2S/WhdgN07+UPg5i/9r5rV503U5cDYrMo
GVuV2I4QoZUqzBkO/y4BnDjoNdQP9sYa7MwuN6WJpwx9AVuVmdiFGlEv7dIsCcEZq90GCzJZIpeKt4aQfTrv0soYEQyE5/VV3EVBSak8m6kdBDAEGwOEU05ncBlvsyM=
81UQWoLXkIqlFQ1oLbDb8QGtITqu2bIbYzyrpeEYXUr5z1WipIlJqVN9btvqGRpnoteegHU658LS+Dl8vCetBTTlOfkhvBJZpWSY1ENDfGMmR2gJZ7Mr
uwDtkhKBPslvu69pcE8soEjY98EPcGDCzHRb7sBNOR5XFjGdgcvxdVG/05WSDBrArAfEerYNf1KjmRGie6gipcfAyEuugosztRsjgzt+syw=
HuEFki3tvxjHyDuZRZQm/V/sLDqriq4XcnOv9rERSE2wgFGipIlJqVN9btvqGRpnoteegHU658LS+Dl8vCetBTTlOfkhuhBZpWSY1ENDfGMmR2gJZ7Mr
PKZkahkeKwzR9ifNytcbdlo47Mk0EPX6WMl1cTdtatMGOTav5mc6+Om6ezp2SP00kAfBDTD13aEdf2yBAfQcXO+jEKviN4wxe7M3
vB0FwAL651hRpBhEVM63qs1G6wucBrJjvvluf56HUujhunMqnigFZEhHeb1oFbVRlfPnMaBVxCwX48j72hekIXOzPw==
ul6zViuYkJpsmY6iU/rUleZ9eH0/wgfGkoSXmOBrAhDJ4ZDqOddCnl4H08nCczRRGYvXp/PrjY+8nQJOW/AZ25hbW1MDjn5dSQBfCr/iOfaf9P3tTw89/bBAt0/JOOd2wqKjDyHBy017AcGt2zlHQLMO
