aIs/acbyxRY9JWNXrdpbYIn/dVdr1sS1MhgD06/GKj+TgQJvZW3Mc8xl3ZzpTjMB/VXpNHZXrQ/+FJ6ExTLmjAEPV5j7NJOCgemhSkmXJ02ADWWzKQ==
tcGYA3b7OJkqAdbZyvr0LzV0Z7kkHW1jfE7tABBmSQHSvnNieHgczKSlVXRL/pf2I0Brw71klFqk3tFhaJpYbt25jqgOmnSq4KDmoinO7VflNEEV4iwsQ2Edr4Xs6+02Nxh3SxL5Di/pVdijOI3BOlRmZ3GJTaW0uk9Z/yo8IiTZWpLcFTfbWPfMB1K1QT0qNf9zfbSVqbPl
93hfuFgnnBgmZ2QDwHxa7d8XhndKiXhE6qw6FjCS95fVAU0MG5S8nvgxiu/tnWQTFNWlXzMeC+HVReE0fkeFb8bExsQ9gr5sqX/fGHOEeyLZGRkKkUdfbWgdbbMh
jQJqAb3/g/WvWcm9e5DaNGLPwPtPWLqzwF92CWuKiv1VyjIoMoTxGFyNhJJo/WO99dc4sYqNDuQhirp8TUeT2L/837JdkYVqLY8bXYwFYbMt
fjDDdY6/4M35L16fjJRZh9/4242Yog+Y1FQMv6lj2N23iAxpRuYQl1yK1HcIqlWRyNwKmm7yKwzi1uHGGbsncLM+
iSIA3smLWaJHFBFibqysigbxyR0ezTGGLIVP3jdbJUq61COoHQBY7SVmjoKF/OEn6Vufr33W8xTcuBrKcyaExNFU0aqC0lZZofk9ISJrx7P1LQh2T1zXyyf+uoLXP71W8E19W1WfmwlhByCu5STOxAn+qSHneyYga8RvFhySEZouUB1Tk8cWkMN3jIHP3LXM1EGoevYTPnqawbEAI6MlgYcp+3rOLq0IX3GsI+jUQhbXsJzYqwijWW40cM4HjrtkQHzirPAH4PzG4vTzERCXCqoQ10O3RorpNYFAwiRiryBhQB0bdsGjSTyzVcZZpjcYucPbP7HfZz0yvZeEhbKmjMGPm5g7tNOCwWnhSokX501AjSWzaQ==
xfzvVlKPkD9qSOOSvdzAGERlFkX4gn9ycmT2CJSqpZGdyYQNVYTgHy/+NSqIDcMk9xgafPjEf2jBmNx9wS7Coon0hRct4+MvgW63JDiwFuq/7uBUVcyN6l7KUkmFMXFBruNjwzHVNHZzpBO7g3Y24pv3mUb0VaEbCQcfmQXP7I7pLCr0TUZVoZvD4hAPzGM2UNr1CqrIwZPP3xKA5z9AYUNUETyQOZR6ymt6ij5JPeDv6wGRgzGnuhK2KZi7OeAD5NwmJhMI4FhXsOdpijx87stG3/TE5L7sLB/k7OIquJOdmDN6bujrQ4u+TpmRCcyiaKqLMGVYwVsqWSfZWHuZ5lWu0yj9eye/zWejDVa1m6TJ+kIcRRdHWGes15LlIS2qBZ9DvQT1GbNV
asuXnKiAITpLfUY4Mb7djPsx8iTyklNGvlynFjE4sUhy0JaTonB44MofqWS4RTrQrl7LMP38D9AsZICtNoFC9qQLeFjCYtofeLH9AIeW+dfZmP9M68s2AgbgP/bQwary3ZJKmXtuS2iVnA1gGSvW8DYx6BCYisEKQXF0Wgq0XlnQ3mbnBm7jTi2x9KLJZxl6ripALccr+nuJyc4LrwroxgFK3S7fKCqzZGrMni/nGz0GfXqOln/4hnK0TZ86a8YCjLRYSWrRXO0th9jnHN+rZCJIxpNWlIN6nD2dZC+7aoEAALyI9o6Ly0skzb0t3j7MNEi0ICV4X9xlsOmD88xMQHDp8IhZaKhm3vRmIFeKUrzl+EE5iyazZA==
riOCaVTYP2pr4EZZ3F1nbRK36OMfRQgN5hbM54788mcJneQIJuArBPwl30TL8E4sDPwzqA3gaK2Vhj4CFRwxZ7l7b68N9iPUjNiKSsNGNAThNMGqkvImmVFZTaGyy5fzJc04dn+8B4t3XioCp59NloBtbVtF/6vJ0WeQLnVEngTZ3tkhF1t2YLsk/5ascqHaHrANU4Pn5tCz13wBX3xlDIQhmHrGc266SmEhgNMDVcF3Cet63s6dSO+RHKN4NJJWh5Bs2Nsoc5k+VOBOt+4LpHAc8qzgJ5A8NkKEc4Gwx0p68OdDh6ZaqWUh0EJUwl/gEWANG2ahk4mM0+VGycZn2Gnjqz9B/zd94l0HBDVSFszxb4uYK5QjwrHJEcoZtzeNEO0Vs1k=
H8l9OlvykiVNiZlNHAlt4jT2+FW7pmre2fVRTaACL1wk9CtuyLQv0x15da89uq/1TzqHC6n1ztELs0c=
HWK/I5yLLRZ9aF0HHQ1CFYYgOMJxdxrhIlhu8h+NTGCwiXBoGUCpRpkU5kCXqlKcJZjB2csGs0Q=
UbnEhX4u+1Y9Z6k34hanAJAnVndW43+fYmhmUrrMWyCS/R/6k3pFUlrSoZzJwlJmeDlDDaFF7kxfkAu1+Hq/8BR8fGcJGwj1t6DcEeY+YL+c4mSvaJKF/kk0XaKOqpvkov4RnrlDd1izFg==
j50o3kP1Wre6j11o6zE3EDfV4vL36NM2V8nVOpp5U2epHx8aHX/Ntemwg0BOVRSlRuRRb28l1JRBTSVcOzqu3ahyWBdPYmB6teI6BHXSVswx70OZ6xPjwnFJ0crZN3eNUG1Vsxk=
gjnzm3GYS84uzeBcenLfKfaEJ1eNrSoBhh6IHc/VDwesVF1eWt65kPkuSkoYFZvhkQm2gJ9cU/lIlmdcdNDki7mXkHk3LESdVtL4E/xOvEPY3t0yifgF7r5GQ8jC0glyiU9vVLMa
mFXImFmJLSjobumZOGH5eTHe5PvT78cgcdnVP5ldSWWkHx8aHX/Ntemwg0BOVRSlRuRRb28l1JRBTSVcOzqu3ahyWBdPYmB6teI6BHXSVswx70OZ6xPjwnFJ0crZN3eNUG1Vsxk=
lAuxxsSFIxwjfVwaU4mf0Bd+YCxRRiViWuLBrAkSMvb4qeNdYbXOPF9gK8W4qh9glOycN0kr6MW3kDwhpm6ALxxyxH8o4qUOSUR9Uk76O3QibnFOeXMXaLMm
YoulgezZRPKylS5taOjv4wNa5PIeq3ADdE8tZlrmybgZBhoS2M3LiTHhBvgfpOOR6H63BDQINKPZv2BBNxS0tTb6KMu8FmyreLZtygmAtQYeLhMQAopZWmlnH2yzIg==
kEjtGET+bL9Q4E/OX9rMHXM1mRjFp93noeDaZE02kZyGhEg/f/eJC6qevwaHPwDEy7LEWmB9AfUsh/dWcHt+oPQd7CSYlQCcge1pYpFoNtQvZjKYTURxbRNqsyA=
qyDWtEV9aNhY8iJmRn1RcDHe5PvT78cgcdnVP5ldSWW/Hx8aHX/Ntemwg0BOVRSlRuRRb28l1JRBTSVcOzqu3ahyWBdPYmB6teI6BHXSVswx70KZ6xPjwnFJ0crZN3eNUG1Vsxk=
3xsMzGePpxt/AGYNE/sfSj1+08E3j1MrWHpnaFr01L5ZTBQSytDNyXv0APdL++rR9W+rRXofcbLWr2pAFVfgtS/JM928FmyreLZtyQmAtQYeLhMQAopZWmlnH2yzIg==
jRrslvrlB5icQff1HVOmJFqx+kifPJNZyHKlMnTwpCs591BZNwyE/dZyuDP8LnyjWH4dW4kYR04+JgMowvLJ0gmvL3SzOg==
M8FcADA/i7kZXxH7ZTgiKdwQhTciQTjkAUoa/O2HvtnfOb8yPVHlak1Pe93sxQGzTQ==
HF6uQoP9TfEArwRo07FIaTT2+FW7pmre2fVRTaACL1wk9CtuyLQv0xR5da09uq/1TzqHC6n1ztELs0c=
RxN4LyQSwhDyGrt+JumxE4YgOMJxdxrhIlhu8h+NTGCwiXBoGUmpRpsU5kCXqlKcJZjB2csGs0Q=
XG+iv7Wb7fFvgqcBQfHP0THe5PvT78cgcdnVP5ldSWW/Hx8aHX/Ntemwg0BOVRSlRuRRb28l1JRFTytcOzqu3ahyWBdPYmB6teI6BHXSVswx70qZ6xHjwnFJ0crZN3eNUG1Vsxk=
IV4j7f6gilW5cOJfLT7QOHM1mRjFp93noeDaZE02kZyGhEg/f/eJC6qevwaHPwDAybzEWmB9AfUsh/dWcHt+oPQd7CSYlQCcgeVpYpNoNtQvZjKYTURxbRNqsyA=
hdlFwYOd3fB3zNiDdXdTMgNa5PIeq3ADdE8tZlrmybgZBhoS2M3LiTHhBvgfpOOR6Hq1CjQINKPZv2BBNxS0tTb6KMu8FmyreLZtwwmAtwYeLhMQAopZWmlnH2yzIg==
Mvu9rQS9f//D8jyKgWuMlhd+YCxRRiViWuLBrAkSMvb4qeNdYbXOPF9gK8W4rh1ulOycN0kr6MW3kDwhpm6ALxxyxH8o4qUHSUR/Uk76O3QibnFOeXMXaLMm
ZSLXzneKR1YcB/yMEV449zHe5PvT78cgcdnVP5ldSWWkHx8aHX/Ntemwg0BOVRSlRuRRb28l1JRFTytcOzqu3ahyWBdPYmB6teI6BHXSVswx70qZ6xHjwnFJ0crZN3eNUG1Vsxk=
xnwcNWKe5LpZIg+iQtbDDPaEJ1eNrSoBhh6IHc/VDwesVF1eWt65kPkuSkoYFZvhkQm2gJ9cU/lIkmVSdNDki7mXkHk3LESdVtL4E/xOvEPY3t07ifgH7r5GQ8jC0glyiU9vVLMa
Rlv4Dvz9rqyNxgS3Chp+6DfV4vL36NM2V8nVOpp5U2epHx8aHX/Ntemwg0BOVRSlRuRRb28l1JRFTytcOzqu3ahyWBdPYmB6teI6BHXSVswx70qZ6xHjwnFJ0crZN3eNUG1Vsxk=
YZKOm+B0Rs7I+iLyvJfykZAnVndW43+fYmhmUrrMWyCS/R/6k3pFUlrSoZzJwlJmeDlDDaFF7kxfkAu1+H69/hR8fGcJGwj1t6DcEeY+YL+c4mSvaJKF90k0X6KOqpvkov4RnrlDd1izFg==
toVpnD1YOL92nnlQyD/Ca/7g+trTV7/9w6YiF7NCD1BXh7eEtDdgYz3ktbqbzHWEi0eSY0vR07DUpAkUKxkf4ZPsmAnfdUthXKoUF4gKFX/JvM867hJrLOK2IWaZW2dQsx4=
Lr4KbiOk5pNazlhdooW1MO3Gqw31jDM+uon+BXMQWs7wtWUvJQdpky/bDlCkP+wtk6yVAxsnDAn68zVKXpu4hRL0S65oNI+T9HlVbV06zzVvOmdLSXVuEWuzJw==
