eBxlJUKBSDaWcjYhx9inbIn/dVdr1sS1MhgD06/GKj+TgQJvZW3Mc8xl3ZzpTjMB/VXpNHZXrQ/+FJ6ExTLmjAEPVJ/7MZOCgemhSkmXJ02ADWWzKQ==
325UId6aOBgC+tz1mT/hKjV0Z7kkHW1jfE7tABBmSQHSvnNieHgczKSlVXRL/pf2I0Brw71klFqk3tFhaJpYbt25jqgOmnSq4KDmoinO7VflNEEV4iwsQ2Edr4Xs6+02Nxh3SxL5Di/pVdijOI3BOlRmZ3GJTaW0uk9Z/yo8IiTZWpLcFTfYX/fJB1K1QT0qNf9zfbSVqbPl
o0T0RAY+dcfr8Uf7L5cbod8XhndKiXhE6qw6FjCS95fVAU0MG5S8nvgxiu/tnWQTFNWlXzMeC+HVReE0fkeFb8bExsQ9gr5sqX/cH3OBeyLZGRkKkUdfbWgdbbMh
bwEF47T7aLBanceotuwFYmLPwPtPWLqzwF92CWuKiv1VyjIoMoTxGFyNhJJo/WO99dc4sYqNDuQhirp8TUeQ37/537JdkYVqLY8bXYwFYbMt
2vC6OiDqqQtkL8wGWoA/Gd/4242Yog+Y1FQMv6lj2N23iAxpRuYQl1yK1HcIqlWfz9wPmm7yKwzi1uHGGbsncLM+
Al06U1yQq+aA7dr8OL7ltZAnVndW43+fYmhmUrrMWyCS/R/6k3pFUlrSoZzJwlJmeDlDDaFF7kxfkAu1+Hq/8BR8fGcJGwj1t6DcEeY+YL+c4mSvaJKF/k40X6KOqpvkov4RnrlDd1izFg==
1Tuoo1eLIeXUM9EGxdcdNjfV4vL36NM2V8nVOpp5U2epHx8aHX/Ntemwg0BOVRSlRuRRb28l1JRBTSVcOzqu3ahyWBdPYmB6teI6BHXSVswx70Oe6xHjwnFJ0crZN3eNUG1Vsxk=
k40AhLCzVHKXxBWrgqRYhPaEJ1eNrSoBhh6IHc/VDwesVF1eWt65kPkuSkoYFZvhkQm2gJ9cU/lIlmdcdNDki7mXkHk3LESdVtL4E/xOvEPY3t0yjvgH7r5GQ8jC0glyiU9vVLMa
ubuwGKmaaT8/BL5ldpIgKzHe5PvT78cgcdnVP5ldSWWkHx8aHX/Ntemwg0BOVRSlRuRRb28l1JRBTSVcOzqu3ahyWBdPYmB6teI6BHXSVswx70Oe6xHjwnFJ0crZN3eNUG1Vsxk=
BftB12EOOwlD/CXmAPT0VRd+YCxRRiViWuLBrAkSMvb4qeNdYbXOPF9gK8W4qh9glOycN0kr6MW3kDwhpm6ALxxyxH8o4qUOTkR/Uk76O3QibnFOeXMXaLMm
ebxXKrkOtqmDcMiuzb2xpgNa5PIeq3ADdE8tZlrmybgZBhoS2M3LiTHhBvgfpOOR6H63BDQINKPZv2BBNxS0tTb6KMu8FmyreLZtyg6AtwYeLhMQAopZWmlnH2yzIg==
WwW3DpXa72Dohs4S5Fb28nM1mRjFp93noeDaZE02kZyGhEg/f/eJC6qevwaHPwDEy7LEWmB9AfUsh/dWcHt+oPQd7CSYlQCcgexuYpNoNtQvZjKYTURxbRNqsyA=
Bp5p73e285dgCHS04vEmvzHe5PvT78cgcdnVP5ldSWW/Hx8aHX/Ntemwg0BOVRSlRuRRb28l1JRBTSVcOzqu3ahyWBdPYmB6teI6BHXSVswx70Oe6xHjwnFJ0crZN3eNUG1Vsxk=
xPH9CJQl7Dw/wtp0ejEvtD1+08E3j1MrWHpnaFr01L5ZTBQSytDNyXv0APdL++rR9W+rRXofcbLWr2pAFVfgtS/JM928FmyreLZtyw6AtwYeLhMQAopZWmlnH2yzIg==
A/f0eocJcQxvMZGctAOk01qx+kifPJNZyHKlMnTwpCs591BZNwyE/dZyuDP8LnyjWH4dVY8YRk4+JgMowvLJ0gmvL3SzOg==
uU8RwZGf/73qdAmQR4dtddwQhTciQTjkAUoa/O2HsN/fOL8yPVHlak1Pe93sxQGzTQ==
vxc9g53msaUgBgK9BY6N9jT2+FW7pmre2fVRTaACL1wk9CtuyLQv0xp/daw9uq/1TzqHC6n1ztELs0c=
F7xjkOOTiygDPOuSyDTFt4YgOMJxdxrhIlhu8h+NTGCwiXBoGUevRpoU5kCXqlKcJZjB2csGs0Q=
M5N8b7zJlBLiWnIDSvj9bzHe5PvT78cgcdnVP5ldSWW/Hx8aHX/Ntemwg0BOVRSlRuRRb28l1JRFTytcOzqu3ahyWBdPYmB6teI6BHXSVswx70Sf6xDjwnFJ0crZN3eNUG1Vsxk=
FYX7C4oyLgH1c3JeczjEXHM1mRjFp93noeDaZE02kZyGhEg/f/eJC6qevwaHPwDAybzEWmB9AfUsh/dWcHt+oPQd7CSYlQCcgetvYpJoNtQvZjKYTURxbRNqsyA=
h51XsHeeB5CSLzaM875TkANa5PIeq3ADdE8tZlrmybgZBhoS2M3LiTHhBvgfpOOR6Hq1CjQINKPZv2BBNxS0tTb6KMu8FmyreLZtzQ+AtgYeLhMQAopZWmlnH2yzIg==
+5I+fHmeirWcuG6IpX0w6Rd+YCxRRiViWuLBrAkSMvb4qeNdYbXOPF9gK8W4rh1ulOycN0kr6MW3kDwhpm6ALxxyxH8o4qUJT0R+Uk76O3QibnFOeXMXaLMm
eQc36ndn4t9ox37xvqr6nTHe5PvT78cgcdnVP5ldSWWkHx8aHX/Ntemwg0BOVRSlRuRRb28l1JRFTytcOzqu3ahyWBdPYmB6teI6BHXSVswx70Sf6xDjwnFJ0crZN3eNUG1Vsxk=
ZCLJfXntjcfk+YjHu2WBG/aEJ1eNrSoBhh6IHc/VDwesVF1eWt65kPkuSkoYFZvhkQm2gJ9cU/lIkmVSdNDki7mXkHk3LESdVtL4E/xOvEPY3t01j/gG7r5GQ8jC0glyiU9vVLMa
6AUZ+Gfe72SsvZubmtii6zfV4vL36NM2V8nVOpp5U2epHx8aHX/Ntemwg0BOVRSlRuRRb28l1JRFTytcOzqu3ahyWBdPYmB6teI6BHXSVswx70Sf6xDjwnFJ0crZN3eNUG1Vsxk=
7AisBSa2Rdw0ipYAd68nzJAnVndW43+fYmhmUrrMWyCS/R/6k3pFUlrSoZzJwlJmeDlDDaFF7kxfkAu1+H69/hR8fGcJGwj1t6DcEeY+YL+c4mSvaJKF+U80XqKOqpvkov4RnrlDd1izFg==
bbzGJqSq0zKBM3oy8Zb9Av7g+trTV7/9w6YiF7NCD1BXh7eEtDdgYz3ktbqbzHWEi0eSY0vR07DUpAkUKxkf4ZPsmAnfdUthXKoUF4gKFXHPvM467hJrLOK2IWaZW2dQsx4=
ZCn58ZIZZ94JTg7ZFby8du3Gqw31jDM+uon+BXMQWs7wtWUvJQdpky/bDlCkP+wtk6yVAxsnDAn68zVKXpu4hRL0S65oNI+T+n9VbF06zzVvOmdLSXVuEWuzJw==
