642pAJWRt+87Z/7v1axiDq6pjDEBnaX+WEYa8a+nJ+MOWDKUUPaPliAh2dWhRGUYKIOUEH2CWuYu8+v2S/WhdgN07uUPg52/975rUZ03U5cDeaMt
/61pg2EZY224vePLt9Nozab3BL3F5azmmDqVg7PJ4W0p/f2I5YpBBE7J+jhCH32LIctaJt2+8ws/eh4eK+mSntg9R9IpEAUpeRCXdAdMq61nhOogeSaZ6d/6yqI6OWhYE8WeO9Nc8hgIgv8KCAV5P1iQ9aQgxxRcZTbqOsYXC9pzYfEKS/Cu6dd3baNfGks95WNDq4u9o+E=
rmGctZUu5jbFx78ufPdIVGUhhAnEvc+1teLLeEIh3pSXx0wmc+3JCp3QshzAHi/+8OmZHnMsRfA4i5QYbWp6jv47qz6bnQGek/xubZ9rPdcndiuZTV9zfxNxoyU=
gjh1jakzdmdi25IJyvPp9gSAvZQBYmeVjCoXscJHPgJsVW3J2sTxVRiz3o+JPxqd8gbTfL4Of1KjmRGie6guocfPzUuvgos1tRsjgztloyk=
vaIWWCwZX9o71q2wNIUNOxHwceNAc3KpuDEXxJ2rN7XGfkhz0iuOF6vpQj2fdbfTwBWMee45BfPc79AfriVqozg=
FD8DpFMZ8qQAUbWy/9xYwG/jMvXbUFfUIYtWKjfTX3IzlPCgD4D992S0D0IpUqbGrOYQncPwIA4VxZ6TtwGeisite7RsVuSu57s8Uxfa440eP9uvj/PN3PhD5AscWqSMfKtQJkWtrmElNj7/mStQU5sMrj7IFLe1xKsktFrQ6LVP/1OquCqtsyZl1FbznvJmssb7Q6Bl8AByDsI3j10bkj1rqFySGm3Gh3oPCEHymbASwyBh05fmglmEfUPGHulotxL9wR8PkGsSCUFWkSau6Q3szIdDribb9Ge1LfJBG4oixtMmbJ2zNRM8axKqGcTPXdVeBrBG+ByT/GPw11pthfTl+XlhslbZ6mHYVYNDuuPmRyiJPKNu
MhodEAv4K5WKeTy8JzlimtQYfADkY502BvV8576j6ozKkikC2+IdJPI+LaR71GflEnZh9ZQGcNK5KVikyKC6cYD5AgOf0hD/UEhZBQku2Vncrbl4pg2GKwCKN7f5fhIUq2s7KI3+MzJihf8fsWViQ7p5n7MUBB1B76ia1TXQA0dVjih9/Jm0KCtZ9/9uA8jvo2qrkHgZuiJdiykfvNqWxYCHgkihEeVP/s9y+c22JTxk+B8LrhNqwghKFiQCSJrOdsens+NC97lchJhmWd9Grr5Shn5T/l/fRf8FSnx4btlP+Gi/JbLuWeUJW84XC/l8PKdysJStrdw7HhAAWGOxU0nIcQ1EYWbnAo4gOKoOwuoTUTG6K0CiWbfHrZM/KssNhVODG+sNo1E=
/pB82yyKjEtgjC3RA3FJc6TbCBqHMZ1U80CHI0YZat/6erAuAa3oSAD0mm2Y3VLPd2aQQ6iMKSkBOrkFBEkp9A75xlc4jgfbsaqyiDPP62TlyjMOGsEPsznxgp/iHY+/PHDdvVcsKjn9hCNbTap4sRQtNJTTnYfTZheos3uOOxzQ7fpeZY8Zc/QONlkYI1IEySXlc4aLglVFIsXgPJwPB4Znqj6wzqbIyhy60m7j938L9ncFpEDoSlHLJvJmthby+wofo337NSY0rM5F11y4802G7mWdTatin58ZoGTDYry82W0gg5qg7JA3kU9R7CHBrNXmW/pKUBSiGqK2y7WhNoO04iWPw53/d/5rkR33U1eDOaNt
zgR9SIkqPJaKa0P0b0dWE/Lqhiv/OAaOcNOfdv37O0Sb5xU/7ywXxlMwB8nqQjEpXEKwHuF9qBigBBodOA2SnxdWkHPI3On5oUo59aQZaSTuycZn2F5HixFaMviTHys0hfozPnqRz2OZgQJvQk3Pb9xA3Y23/GppXXSjK+16uOF0HTSks81HA8ZnKEPb3nvMMN36boVfWSNU/rYpuPOSVKkV5UPm20KF5VJFEJzMT9dmV6oOUB7mmGrsOqLOMzcva8Z3NcQQKJrxu6YCxuZWIhs6H5OdK3V2lFxONXeMeKMttu5V/R1rsj/vmVDEkyJsXOltEGNK4LwwxxE/8Tzhkczl5muaGpDEAmoiRmvl4eZjhOIVbxPdr9cO6+G9J5MH4wmjXQ==
vaBA/cZbfqjOhoQGfS/d3JGTh++VDSi/sMAj8jWL5MeZTjpAn2hSFgF908jXnZ2iZyxLNejNFmG5gGnDCOPK6aABXyQl+9+1rq7wExobltcTeYodh4UfXi8lmpmmqf2zxB+Yv1Z1QqMQ
V/V5/JJzW30hkY1uHrKyPpyzTw1KpHa8NZdfPKyFLM6+mdZMJwQ87vO+ipIeRCnpyy1xpKqO52G9GRFlQwDo1E201QNUR4eDlRVfhusl4SbjRO7S793db1fO66E9Z5NHY0mjHQ==
IU1W/yG6JLpSnnwraf3CgDHe5PvT8cM9bd3TNrhiRmGEUl4WDWXH+KO1gUJbRB/lHPVaIXV43ZNcSzZJPGnr1LFjUzUiNmRjrvMKd2/RXs0z/VOe4x3uyXJBwdPYN2yPQm1Ooxw=
9xp3C5Ie8EhmUSxwKj7CIpq4SQRuo2KqE4dfOa+hNsyzmdZMJwQ87vO+ipIeRCnpyy1xpKqO52G9GRFlQwDo1E201QNUR4eDlRVfhusl4SbjRO7S793db1fO66E9Z5NHY0mjHQ==
d9hLKOoMhR4d2hs08wCHOiy9lQathGIWMZ3jiGd9LSL3zJt1uC0GYamguYNYQ1pp0KGvZFXbL7XejgDTartmV4PZWt3XpQ9eP0VKWfbJbTN0fyh/ZhVyoyA=
CRU+togbYRD5lv0DVzGy+eAhp0FhtEEthJFmFjWV/5iLRUkCE5S3hYRlwqHt6EUzNJv+CXRZA/TJU6s1WgacQ8bDwrcngbZtq23LHnuNdinaEQkTkEdEb3oddqMk
72Cy4L+airUn2309SdMlwvrAoBn2jzM/4JazGXkAHcm/smU4IR0iiWTBSwTja+I3iLmCFVUsDx/t9RxKWpuQjzSHUa1gNY2B7X5dYVAxzD1/I2ZLUnd8EXCjIg==
B+cjdJ0XaorrwZQ0j76uGJq4SQRuo2KqE4dfOa+hNsyomdZMJwQ87vO+ipIeRCnpyy1xpKqO52G9GRFlQwDo1E201QNUR4eDlRVfhusl4SbjRO7S793db1fO66E9Z5NHY0mjHQ==
Grcp94jp/VPvOWS8vDdSfQbxyR0ezTGGLIVP3i1QOWjKxG2lFRVDxFV224KUsvYu6lmBsGLK7w3E5wXRbD6SxcFQjvaGyl1TpudlSlF5hLehKw1zT1iCy37/rsrWOOZD6kInDUyFn15kS2v74ifBxFT6ilT1cT5jfsBoABqBFZdpTloKz9ccjc5igY7AkqjOgUeiZfIECAbYw71NaaYng5I48DqPIr0SVTyzIqvESAvapZHXpEajTCc3dM4b3O16RyX9r/IPqOHb4uO2HB2XZLYDwS6kX47vL9lA0Wk+uC5pQg49UdGpVDGmWMl2uwcdpMLyBrrYaTQ5hOWKn7GujcOdg50zvd6JwmHxU4gX/E9SjT6jbA==
GtcsL0UGwjLs+zbbU0ZlMN4FkHJIkGIFqKQsGDWH4p7LD0cCAYmxxc5wxK65t0xzKYriSDpORuXGQ6E0eEXIQ9/w2aEngbZtq23LE3uNdinaEQkTkEdEb3oddqMk
YegAqoJodfY5J7AkkxMCtbSSjKTVmEcJc5agbuiQ+RuWmwF0iMvAPjMeGE+PeVMJOTlE3khFTD1SRpY3mop/PMnbqUEXPNqw5ZrArdHjuI/ggaAKhV3tHCfui3GS+v+ni9Sn4RzdXAJLaa5YaoKjStMxsVpr4Kz/9ykt8/+Ky61FMwP7q62j8Q==
AXDVUgvz6FJ4Ws2K4G0+hRZq66/TFsEv1g6ODbsytelaErqigLg+vqMqQYS9yP3H8znqnSfFP1NOZXoZBmnds+Tf+D+2NWKjMA==
mUCCle1U5L8ouCt3+oczXiYziATcsfy14eDQY1E31oqTlEAPOuvCCKCgv1OUcUmK3L7RR2B9Duk+jd5WYG5wvPYmjz6bnQGek/xja59lPdcndiuZTV9zfxNxoyU=
yo4Oq7mU2HxH1h7dUJe3nhZw7a/PDsAv1g6ODbsytelaErqigLg+vqMqQYS9yP3H8znqnSfFP1NOZXoZBmnds+Tf+D+2NWKjMA==
bR3TQB2sd1PYytXEdIdSvKICD28adnpdb5oJScb6zlIUILI+L7LV9EmgYWdPkb5NUz1zkwJdTknSASHT+PfMD6ItbqM8
d63VPGCbWy6ABPZh4v078KMCD28adnpdb5oJScb6zlIUILI+L7LV9EmgYWdPkb5NUz1zkwJdTknSASHT+PfMD6ItbqM8
+0ILtj2e0tw1+i2NV5kPuKACD28adnpdb5oJScb6zlIUILI+L7LV9EmgYWdPkb5NUz1zkwJdTknSASHT+PfMD6ItbqM8
53dpE5h7uP8gd46+4ZgfHaECD28adnpdb5oJScb6zlIUILI+L7LV9EmgYWdPkb5NUz1zkwJdTknSASHT+PfMD6ItbqM8
1SyyS9k6OKxRKNDRIVpEAxZq663UHMAv1g6ODbsytelaErqigLg+vqMqQYS9yP3H8znqnSfFP1NOZXoZBmnds+Tf+D+2NWKjMA==
VVnmuoJdt2aWjt5rDcRvGBBo4a/WGN8v1g6ODbsytelaErqigLg+vqMqQYS9yP3H8znqnSfFP1NOZXoZBmnds+Tf+D+2NWKjMA==
4oFu2g3wX+Y6pWgUlGRz9hJw7a/PDsAv1g6ODbsytelaErqigLg+vqMqQYS9yP3H8znqnSfFP1NOZXoZBmnds+Tf+D+2NWKjMA==
mLQUUtK4pJtcTjA+rRIn7PctNglVOD0TPIsWSdypi1QRI7M1QvbE406zandPkb5NUz1zkwJdTknSASHT+PfMD6ItbqM8
3jtBrYNdNoPdl4fThO5wQfctNglVOD0TPI8UR9ypi1QRI7M1QvbE406zandPkb5NUz1zkwJdTknSASHT+PfMD6ItbqM8
gS0nZBtOkBkMVsQVL9DKudG70I+EsA6KxURPr7Y22NeUzQh2D/EfrTqQ138JqEeGw9UDl2XxIxz71+HdG6kna6M7
Uik8S2BjV5J9Rj0Mg4Fpvs7RUkHLkaU+ij8oliEVVX1vSIfXqQD3PkNtsz/FWfNEO48xtfvB1xOjQw==
hTCNarsmroettZxkHstDxo9d8kREad3BNHTEIZs7jcWUZVk5QbMwmQTheJWjQ5ojhsfIyRyjTg==
tDkAVKvGmPyA6CZaI/Uy5PLqhiv/OAaOcNOfdv37O0Sb5xU/7ywXxlMwB8nqQjEpXEKwHuF9qBigBBodOA2SnxdWkHPI3On5oUo59aQZaSTuycZn2F5HixFaMviTHys0hfozPnqRz2OZgQJvQk3Pb9xA3Y23/GppXXSjK+16uOF0HTSks81HA8ZnKEPb3nvMMN36boVfWSNU/rYpuPOSVKkV5UPm20KF5VJFEJzMT9dmV6oOUB7mmGrsOqLOMzcva8Z3NcQQKJrxu6YCxuZWIhs6H5OdK3V2lFxONXeMeKMttu5V/R1rsj/vmVDEkyJsXOltEGNK4LwwxxE/8Tzhkczl5muaGpDEAmoiRmvl4eZjhOMTbx3dr9cO6+G9J5MH4wmjXQ==
GnHfpaSglNnf4XnfKhAgyNQYfADkY502BvV8576j6ozKkikC2+IdJPI+LaR71GflEnZh9ZQGcNK5KVikyKC6cYD5AgOf0hD/UEhZBQku2Vncrbl4pg2GKwCKN7f5fhIUq2s7KI3+MzJihf8fsWViQ7p5n7MUBB1B76ia1TXQA0dVjih9/Jm0KCtZ9/9uA8jvo2qrkHgZuiJdiykfvNqWxYCHgkihEeVP/s9y+c22JTxk+B8LrhNqwghKFiQCSJrOdsens+NC97lchJhmWd9Grr5Shn5T/l/fRf8FSnx4btlP+Gi/JbLuWeUJW84XC/l8PKdysJStrdw7HhAAWGOxU0nIcQ1EYWbnAo4gOKoOwuoTUTG6K0CjX7fJrZM/KssNhVODG+sNo1E=
6T3idhVatGQdgY5S9ypbKn0pOx2/MjCr6gkJ2W9eGtCMLYKqyuX+wgMp0fKb2Cqw5/iOm89yC6UVq+PT2xWjOQ==
TsDTDmPnB3qKcks69uSHkWsWx7IXWwJ7z4XtWadIz262IBCa0s1ZBQeqmlwUiTIWArEervstwe6z7Gp8vxz+Z0fmqwmt7zOPM2GjNQ==
xPbey7IiEXXK1Pi6cVu/9a+M4hj8kiQopo2VHmMCdY27smUqNhZ4k2iPSBfjbO0tlbveFBA9FgXbumtaXI6NiDiGUa1gNY2B7XpbYVkyzD1/I2ZLUnd8EXCjIg==
YXt6gb8CKbc/RUWNKc82LVLG4MBbJiHUgnJZ44QNORkVEnDK38jzLUq5yYmPLhrArB3CeqoVflKjmRGie6gpoMfIzkuvgos1tRsjgztloyk=
7Pv7HzljEJrUFsjMxjsFNFJx9r6GWrpp0FfJROc5t+scQLq1nKEJ+rl+Voan3PrW8znqnSfFP15JZXMaBmnds+Tf+D+2NWKjMA==
aALHFtFQF3Pmo5E9E6IkXK6M4hj8kiQopo2VHmMCdY27smUqNhZ4k2iPSBfjbO0tlbveFBA9FgXbumtaXI6NiDiGUa1gNY2B7X5bYVkyzD1/I2ZLUnd8EXCjIg==
gFViXXoQ04zAvuKsDzCL0FLG4MBbJiHUgnJZ44QNORkVEnDK38jzLUq5yYmPLhrArB3CeqoVflKjmRGie6gtoMfIzkuvgos1tRsjgztloyk=
4llfPgBzn5S9h3W16dlEMU47Lhj+hsXfxepiChnZkP3lL2X1jSMWppDY/8qo2Yv27AJwJV4UPmYN60TQIRze0NiFD/ja0bXNeSNbpwl/SaeWG77rCniF9QyFcSm5M4uJZELg5auDEvO+pyB5RKMW
JEcwfhpFXO605pxhCw+0g+Z9eH0/wgbGkoSXmOBrAhDJ4ZDqOddCnl4H08nCczRRGYjXp/PrjY+8nQJOW/AZ25hbW1MBjn5dSQBfCr/iOfab/erqTw89/bBAt0/JOOd2wqejDybBw0x7B8Gt2zlHW6ML
Jw6MvOKZkF8+vW3ny/2GheZ9eH0/wgbGkoSXmOBrAhDJ4ZDqOddCnl4H08nCczRRGYjXp/PrjY+8nQJOW/AZ25hbW1MBjn5dSQBfCr/iOfaf9P3tTw89/bBAt0/JOOd2w6WjDybBw0x7B8Gt2zlHW6ML
hgjftdYCIQH+mosOzO2N5r8sbI5KS53MzXCB1P2Rn+JQ5Bj+w5qbVPRkWbDoGeCXOH4UWU8Zbi9Y3+LEwqTvvwuDbijMJcqNDfygwY/pm8uJk1M7GgRD81xPsOj/cY4N490jnNT9NgoiIVFTKNfczzJNXqMM
SBdhOWjQ3MmWDh/jPGp+G78sbI5KS57MzXCB1P2Rn+JQ5Bj+w5qbVPRgWbDoGeCXOH4UWUwZbi9Y3+LEwqTvvwuDbijMJcqJDfygwY/pm8uJk1M7GgRD81xPsOj/cY4N490jn9H9NQoiIVFTKNfczzJNXqMM
PK0UiNBXmfxLEyVz9S+v1KYCD28adnpdb5oJScb6zlIUILI+L7LV9EmgYWdPkb5NUz1znwNdRUrSASHT+PfMD6ItbqM8
LEdfwB9me+LSbuUu0ny8AnJIo5j2Walj3B7BQKFjm9gUCLqigLg+vqMqQZeyzOfH8znqnSfFP19PZXEaBmnds+Tf+D+2NWKjMA==
+p9/fSYJ+nFq8aEv8yk2C6cCD28adnpdb5oJScb6zlIUILI+L7LV9EmgYWdPkb5NUz1znQNdRUrSASHT+PfMD6ItbqM8
cN//VXkNPGcIk1SkW1MxhnJIo5j2Walj3B7BQKFim9gUCLqigLg+vqMqQZeyzOfH8znqnSfFP11PZXEaBmnds+Tf+D+2NWKjMA==
EBgx6VX93PxN33TfoY0kqaQCD28adnpdb5oJScb6zlIUILI+L7LV9EmgYWdPkb5NUz1znANdRUrSASHT+PfMD6ItbqM8
LqasdEQXHsRgrajtIZZjX3JIo5j2Walj3B7BQKFhm9gUCLqigLg+vqMqQZeyzOfH8znqnSfFP1xPZXEaBmnds+Tf+D+2NWKjMA==
/GPh4Y7DxiFm/rDZ4WBGr6UCD28adnpdb5oJScb6zlIUILI+L7LV9EmgYWdPkb5NUz1zkgNdRUrSASHT+PfMD6ItbqM8
9Y9zolbWkj9fBEepp/cCmHJIo5j2Walj3B7BQKFgm9gUCLqigLg+vqMqQZeyzOfH8znqnSfFP1JPZXEaBmnds+Tf+D+2NWKjMA==
DGe+v/tkzrPQe1bUEmrnFtPMwr7RZHzz7tEz7SK99ce1TCBVuglIEQF609yq2ZO1JmhaPqjLFmft/3reANGYvJciX3st68+7hvznQxgHnMgTeYodh4UfXyklkZqmqf2zxB+Yv1Z1QqMQ
06wJXpmd8F4SxaVtOs9jZ9PMwr7RZH/z7tEz7SK99ce1TCBVuglIEQF609yq2ZO1JmhaPqjLFmft/3reANGYvZciX3st68+7hvznQxgHnMgTeYodh4UfWiglkZqmqf2zxB+Yv1Z1QqMQ
QY5018qh/fTIhuU8runIVdPMwr7RZH7z7tEz7SK99ce1TCBVuglIEQF609yq2ZO1JmhaPqjLFmft/3reANGYvpciX3st68+7hvznQxgHnMgTeYodh4UfXSglkZqmqf2zxB+Yv1Z1QqMQ
hCtXxYbp450YVbGTo8QlFtPMwr7RZHnz7tEz7SK99ce1TCBVuglIEQF609yq2ZO1JmhaPqjLFmft/3reANGYv5ciX3st68+7hvznQxgHnMgTeYodh4UfWi0lkJqmqf2zxB+Yv1Z1QqMQ
tST2fo5r1WV36aDttnCtHU47Lhj+hsXfxepiChnZkP3lL2X1jSMWppDY/8qo2Yv27AJwJV4UPmYN60TQIRze0NiFD/ja0bXNeSNbpwl7QLCRG77rCniF9QyFcSm5PY+JZkLg5auDEvO+pyB5RKMW
13EFwehMImi3N6WquZAMwM7RUkHLkaU+ij8oliEVVX1vSIfXqQD3PkJtszPGWfNEO48xtfvB1xOjQw==
ZJaz7dmN1tDYT1SOgva5c49d8kREad3BNHTEIZs7jcWUZVk5QbIwmQjieJWjQ5ojhsfIyRyjTg==
njOHU6/ctbODlSmQZwKlfXcrm5h701smT2xtZnq1kLNUFhIG6pnBkz+nUKQfzdbft3qqETAaWOaPrmFaG1Gypn/jJfHQDG+jebR/2gqPuwQWLRsAG4tZQWt1H3ejJw==
+lJJprjhsdl2Q1XY339l9d4FkHJIkGIFqKQsGDWH4p7LD0cCAYmxxc5wxK65t0xzKYriSDpORuXGQ6E0eEXIQ9/w2aEngbZtq23LEnyNdivaEQkTkEdEb3oddqMk
/2oVe0qI0Zh7/OCHErK39W/jMvXbUFfVIYtWKjfTX3IzlPCgD4D992S0D0IpUqbGrOYQncPwIA4VxZ6TtwGeisite7RsVuSu57s8Uxfa440eP9uvj/PN3PhD5AscWqSMfKtQJkWtrmElNj7/mStQU5sMrj7IFLe1xKsktFrQ6LVP/1OquCqtsyZl1FbznvJmssb7Q6Bl8AByDsI3j10bkj1rqFySGm3Gh3oPCEHymbASwyBh05fmglmEfUPGHulotxL9wR8PkGsSCUFWkSau6Q3szIdDribb9Ge1LfJBG4oixtMmbJ2zNRM8axKqGcTPXdVeBrBG+ByT/GPw11pthfTl+XlhuFfZ7WTYVYNDuuPmRyiJPKNu
P6VoFBQaK/qpKe27WTB252+UFQbXfh/Di5FvwYJZFZgV6rYaT5OHopv0SFCHAHVHnBRnEvGSnraEBgiNy/AoHg2ltmOPQcZaIA0DBOTWbN5fW5QDTxobvXYfw7+H88XM4GOMO+Sa/NzUS+hWzS0m0V2W1i/Ba2ijs2y2LsAUv6XcSwzEYhAw5SdfqxowqiVDngV8hiveilZa5uNTqGX4EGouKgf3HcNClQsQrBqa5XZ/2mdYmTKhwDojOHHbl+6SQeRVs/5esbhfsoVxl48YG6rp6QbJ5lbZZczUl0uuLsvsR90dCoFD2ooma1bkHTuFa5yDwvJZ/D91tUYWuEbwDIscS4DvmrXVnEUByek43ylVBHCFWwPC0w5nMJk0o2Y=
0QTJUIfIZ1YLRehLD/icIvctNglVOD0TPI8UR9ypi1QRI7M1QvbE406zandPkb5NUz1znAVdR0zSASHT+PfMD6ItbqM8
So5i/CJcOest3zV/uwQF4TthThp2YmkyY/mRwrvILMAHqEgrb+KLVXV7o+P7BaNJ
dEaAxEQhSEYt5LVWiRfjCM7RUkHLkaU+ij8oliEVVX1vSIfXqQD3PkxqszbAWfNEO48xtfvB1xOjQw==
E1GJdPrdhuDT8+EHCdPJ9Y9d8kREad3BNHTEIZs7jcWUZVk5Qbw3mQ3keJWjQ5ojhsfIyRyjTg==
176D01YCQbDD+YeoZg3tM5q4SQRuo2KqE4dfOa+hNsyomdZMJwQ87vO+ipIeRCnpyy1xpKqO52G5Gx9lQwDo1E201QNUR4eDlRVfhusl4SbjROzU79TYb1fO66E9Z5NHY0mjHQ==
l0U9x1mL3u5ZN3upY9p6ivrAoBn2jzM/4JazGXkAHcm/smU4IR0iiWTBSwTja+IzireCFVUsDx/t9RxKWpuQjzSHUa1gNY2B7XxbYVk0zD1/I2ZLUnd8EXCjIg==
yptHb94YVI0kSmqv8NGHvOAhp0FhtEEthJFmFjWV/5iLRUkCE5S3hYRlwqHt6EUzNJ/8B3RZA/TJU6s1WgacQ8bDwrcngbZtq23LHH2NfyzaEQkTkEdEb3oddqMk
A1/SkkJ58fBWD2DLrAd/yiy9lQathGIWMZ3jiGd9LSL3zJt1uC0GYamguYNYR1hn0KGvZFXbL7XejgDTartmV4PZWt3XpQ9cOUVDXPbJbTN0fyh/ZhVyoyA=
raU2wE8L72IJiL73tCRR0Zq4SQRuo2KqE4dfOa+hNsyzmdZMJwQ87vO+ipIeRCnpyy1xpKqO52G5Gx9lQwDo1E201QNUR4eDlRVfhusl4SbjROzU79TYb1fO66E9Z5NHY0mjHQ==
p+Y6kliNVZLFIRzeAwn8mTHe5PvT8cM9bd3TNrhiRmGEUl4WDWXH+KO1gUJbRB/lHPVaIXV43ZNcTzRHPGnr1LFjUzUiNmRjrvMKd2/RXs0z/VOc5R3nzHJBwdPYN2yPQm1Ooxw=
gfnOFQfDbbF8BrYHBo1GQJyzTw1KpHa8NZdfPKyFLM6+mdZMJwQ87vO+ipIeRCnpyy1xpKqO52G5Gx9lQwDo1E201QNUR4eDlRVfhusl4SbjROzU79TYb1fO66E9Z5NHY0mjHQ==
ljFdd0fQeVflbpjz6G3ecpGTh++VDSi/sMAj8jWL5MeZTjpAn2hSFgF908jXnZ2iZyxLNejNFmG5gGnDCOfI56ABXyQl+9+1rq7wExobltcTeYodh4UfXCklk5ymqf2zxB+Yv1Z1QqMQ
xxwBJ201QIb5ppL/+OUqPCSwlwKU+KgScG1fdYdYABwEMM3o4qBnLzpp5doKrJWhZW8YLbMgjqGY4TJPP/HQqYL6vPMrWLUByynivX81l9yh1Sv8Dnkl87wvcJ9OZUqjGA==
57FzoJAMwEsVbAMQxntC1gl+bz9ce25+TeGGoEQFOva3uedQLrXOPFEuKcXx5ApvievfN0sw48mJ2Sxxv2yiBHlox3cp4LceTEpzVkD5M2Q7b3FVe2EXc6Mj
