IeS9u2WsHEVirQBtgixjy66pjDEBnaX+WEYa8a+nJ+MOWDKUUPaPliAh2dWhRGUYKIOUEH2CWuYu8+v2S/WhdgN06+APhp+/975rV503U5cDYrMo
R1aRf+6JMm9Qc0gBJkvXTab3BL3F5azmmDqVg7PJ4W0p/f2I5YpBBE7J+jhCH32LIctaJt2+8ws/eh4eK+mSntg9R9IpEAUpeRCXdAdMq61nhOogeSaZ6d/6yqI6OWhYE8WeO9Nc8hgIgv8KCAV5P1iQ9aQgxxRcZTbqOsYXC9pzYfEKS/Cr7Ndyb6NfGks75WNDq4ums+Q=
UYL3lI+Ucw7j2ZINbhA12mUhhAnEvc+1teLLeEIh3pSXx0wmc+3JCp3QshzAHi/+8OmZHnMsRfA4i5QYbWp6jv47qz6bnQGek/xraJ9uP9cndiufTV9zfxNqsyA=
/ZJXBQlFp687pUv4Ug3hewSAvZQBYmeVjCoXscJHPgJsVW3J2sTxVRiz3o+JPxqd8gbTfL4Of1KjmRGie6grpMfKz0uvgosztRsjgzt+syw=
oIAqDI7j9jhPXkCMf5lRuBHwceNAc3KpuDEXxJ2rN7XGfkhz0iuOF6vpQj2fdbfYxRWJe+45BfPa79AfriVxsz0=
GecDZhob7ySeHcAtFw8M4ZGTh++VDSi/sMAj8jWL5MeZTjpAn2hSFgF908jXnZ2iZyxLNejNFmG5gGnDCOPK6aABXyQl+9+1rq7wExobltcTeYodh4UfUy4lkZumqf2zwh+Yv1Z1WbMV
VZ7vCTQ8hiPcXJxIfh5dQpyzTw1KpHa8NZdfPKyFLM6+mdZMJwQ87vO+ipIeRCnpyy1xpKqO52G9GRFlQwDo1E201QNUR4eDlRVfhusl4SbjROPT79bfb1fO66c9Z5NHY1KzGA==
fpzw8idTZE+8rBLVc9r9DTHe5PvT8cM9bd3TNrhiRmGEUl4WDWXH+KO1gUJbRB/lHPVaIXV43ZNcSzZJPGnr1LFjUzUiNmRjrvMKd2/RXs0z/VOT4h3ly3JBwdPeN2yPQm1Vsxk=
Y2VyOhg78W4Vv0wprAOFaJq4SQRuo2KqE4dfOa+hNsyzmdZMJwQ87vO+ipIeRCnpyy1xpKqO52G9GRFlQwDo1E201QNUR4eDlRVfhusl4SbjROPT79bfb1fO66c9Z5NHY1KzGA==
h2jRPZbHTEbmeQOnV6AoVyy9lQathGIWMZ3jiGd9LSL3zJt1uC0GYamguYNYQ1pp0KGvZFXbL7XejgDTartmV4PZWt3XpQ9TPkVBW/bJbTNyfyh/ZhVpsyU=
AB06+x56YVpPBllyBWXodOAhp0FhtEEthJFmFjWV/5iLRUkCE5S3hYRlwqHt6EUzNJv+CXRZA/TJU6s1WgacQ8bDwrcngbZtq23LE3qNfSvaEQkTlkdEb3odbbMh
M+PdEOl34OTUZ5FBrvSa1PrAoBn2jzM/4JazGXkAHcm/smU4IR0iiWTBSwTja+I3iLmCFVUsDx/t9RxKWpuQjzSHUa1gNY2B7XNcYVszzD1/I2BLUnd8EWuzJw==
9ARj8ow4/FDee/UanYKeVJq4SQRuo2KqE4dfOa+hNsyomdZMJwQ87vO+ipIeRCnpyy1xpKqO52G9GRFlQwDo1E201QNUR4eDlRVfhusl4SbjROPT79bfb1fO66c9Z5NHY1KzGA==
CF2K+cc/UMLuVdhJcSfqDt4FkHJIkGIFqKQsGDWH4p7LD0cCAYmxxc5wxK65t0xzKYriSDpORuXGQ6E0eEXIQ9/w2aEngbZtq23LEnqNfSvaEQkTlkdEb3odbbMh
sXoM8hPSWwVfc1IRnL+dQPctNglVOD0TPI8UR9ypi1QRI7M1QvbE406zandPkb5NUz1znwVdREvSASHT/vfMD6ItdbM5
BxXgU/eJ5+psgTwiQGYmQTthThp2YmkyY/mRwrvIL8AHq08rb+KLU3V7o+P7HrNM
6qw1foA1JoJHbTwNpOO2Bs7RUkHLkaU+ij8oliEVVX1vSIfXqQD3Pk9qszXHWfNEO4kxtfvB1wizRg==
cWqcUhsu6XJD40pf5A+Y/o9d8kREad3BNHTEIZs7jcWUZVk5Qb83mQ7jeJWjQ5wjhsfIyQezSw==
X8ZyQuZT26t8fml5o6dRcpq4SQRuo2KqE4dfOa+hNsyomdZMJwQ87vO+ipIeRCnpyy1xpKqO52G5Gx9lQwDo1E201QNUR4eDlRVfhusl4SbjRO/U79ffb1fO66c9Z5NHY1KzGA==
ypOC6vFFbKoNUyPTORMHoPrAoBn2jzM/4JazGXkAHcm/smU4IR0iiWTBSwTja+IzireCFVUsDx/t9RxKWpuQjzSHUa1gNY2B7X9bYVozzD1/I2BLUnd8EWuzJw==
+RF0N+8uxBGkD4BU0IYg7eAhp0FhtEEthJFmFjWV/5iLRUkCE5S3hYRlwqHt6EUzNJ/8B3RZA/TJU6s1WgacQ8bDwrcngbZtq23LH32NfCvaEQkTlkdEb3odbbMh
UGmVTc+P/tJYFoTjsMYkuiy9lQathGIWMZ3jiGd9LSL3zJt1uC0GYamguYNYR1hn0KGvZFXbL7XejgDTartmV4PZWt3XpQ9fOUVAW/bJbTNyfyh/ZhVpsyU=
Arvvqj0+oJEMhdH7lJzNeJq4SQRuo2KqE4dfOa+hNsyzmdZMJwQ87vO+ipIeRCnpyy1xpKqO52G5Gx9lQwDo1E201QNUR4eDlRVfhusl4SbjRO/U79ffb1fO66c9Z5NHY1KzGA==
uA1nOXXnaUYFD4tA1F2h9zHe5PvT8cM9bd3TNrhiRmGEUl4WDWXH+KO1gUJbRB/lHPVaIXV43ZNcTzRHPGnr1LFjUzUiNmRjrvMKd2/RXs0z/VOf5R3ky3JBwdPeN2yPQm1Vsxk=
FqkSJBWNmGLuvrdnErHa55yzTw1KpHa8NZdfPKyFLM6+mdZMJwQ87vO+ipIeRCnpyy1xpKqO52G5Gx9lQwDo1E201QNUR4eDlRVfhusl4SbjRO/U79ffb1fO66c9Z5NHY1KzGA==
IorTST4fC7Fxz3nVEwpdL5GTh++VDSi/sMAj8jWL5MeZTjpAn2hSFgF908jXnZ2iZyxLNejNFmG5gGnDCOfI56ABXyQl+9+1rq7wExobltcTeYodh4UfXyklkJumqf2zwh+Yv1Z1WbMV
zz07+rN+e4fwKczi6ekMiiSwlwKU+KgScG1fdYdYABwEMM3o4qBnLzpp5doKrJWhZW8YLbMgjqGY4TJPP/HQqYL6vPMrWLUByynivX81l9+h1Sj7Dnkl87ovcJ9OZVGzHQ==
VUOmEZoKgwHkiembP2Ejnwl+bz9ce25+TeGGoEQFOva3uedQLrXOPFEuKcXx5ApvievfN0sw48mJ2Sxxv2yiBHlox3cp4LceT0pzVUf5M2Q7aXFVe2EXaLMm
