trvHqk21IJqXB25+QgxuBK6pjDEBnaX+WEYa8a+nJ+MOWDKUUPaPliAh2dWhRGUYKIOUEH2CWuYu8+v2S/WhdgN06eAPjZ+/975rUZ03U5cDeaMt
sATK3eaMe68JdXRUulvqEKb3BL3F5azmmDqVg7PJ4W0p/f2I5YpBBE7J+jhCH32LIctaJt2+8ws/eh4eK+mSntg9R9IpEAUpeRCXdAdMq61nhOogeSaZ6d/6yqI6OWhYE8WeO9Nc8hgIgv8KCAV5P1iQ9aQgxxRcZTbqOsYXC9pzYfEKS/Cp7Nd5b6NfGks95WNDq4u9o+E=
jNw7dzJ8KY6unisnSKZrg2UhhAnEvc+1teLLeEIh3pSXx0wmc+3JCp3QshzAHi/+8OmZHnMsRfA4i5QYbWp6jv47qz6bnQGek/xpaJ9lP9cndiuZTV9zfxNxoyU=
S8ss0TPfm7jlEsg89WBjygSAvZQBYmeVjCoXscJHPgJsVW3J2sTxVRiz3o+JPxqd8gbTfL4Of1KjmRGie6gppMfBz0uvgos1tRsjgztloyk=
/UWH/0E5UlMRp9lgk4mCqBHwceNAc3KpuDEXxJ2rN7XGfkhz0iuOF6vpQj2fdbfexRWCe+45BfPc79AfriVqozg=
2oVDPDOSTlVPAOCPPBQilaTbCBqHMZ1U80CHI0YZat/6erAuAa3oSAD0mm2Y3VLPd2aQQ6iMKSkBOrkFBEkp9A75xlc4jgfbsaqyiDPP62TlyjMOGsEPsznxgp/iHY+/PHDdvVcsKjn9hCNbTap4sRQtNJTTnYfTZheos3uOOxzQ7fpeZY8Zc/QONlkYI1IEySXlc4aLglVFIsXgPJwPB4Znqj6wzqbIyhy60m7j938L9ncFpEDoSlHLJvJmthby+wofo337NSY0rM5F11y4802G7mWdTatin58ZoGTDYry82W0gg5qg7JA3kU9R7CHBrNXmW/pKUBSiGqK2y7WhNoO07SCPzZ//d/5rkR33U1eDOaNt
SeIC9Ba0xYIIEqi89X+N2dQYfADkY502BvV8576j6ozKkikC2+IdJPI+LaR71GflEnZh9ZQGcNK5KVikyKC6cYD5AgOf0hD/UEhZBQku2Vncrbl4pg2GKwCKN7f5fhIUq2s7KI3+MzJihf8fsWViQ7p5n7MUBB1B76ia1TXQA0dVjih9/Jm0KCtZ9/9uA8jvo2qrkHgZuiJdiykfvNqWxYCHgkihEeVP/s9y+c22JTxk+B8LrhNqwghKFiQCSJrOdsens+NC97lchJhmWd9Grr5Shn5T/l/fRf8FSnx4btlP+Gi/JbLuWeUJW84XC/l8PKdysJStrdw7HhAAWGOxU0nIcQ1EYWbnAo4gOKoOwuoTUTG6K0CtXLfJr5M/KssNhVODG+sNo1E=
b5VlZVZ6eJNJBFE7bJqHnW/jMvXbUFfUIYtWKjfTX3IzlPCgD4D992S0D0IpUqbGrOYQncPwIA4VxZ6TtwGeisite7RsVuSu57s8Uxfa440eP9uvj/PN3PhD5AscWqSMfKtQJkWtrmElNj7/mStQU5sMrj7IFLe1xKsktFrQ6LVP/1OquCqtsyZl1FbznvJmssb7Q6Bl8AByDsI3j10bkj1rqFySGm3Gh3oPCEHymbASwyBh05fmglmEfUPGHulotxL9wR8PkGsSCUFWkSau6Q3szIdDribb9Ge1LfJBG4oixtMmbJ2zNRM8axKqGcTPXdVeBrBG+ByT/GPw11pthfTl+XlhvVPZ5GPYVYNDuuPmRyiJPKNu
J3G9Bqm5xBYm+oW+ZVOsy/Lqhiv/OAaOcNOfdv37O0Sb5xU/7ywXxlMwB8nqQjEpXEKwHuF9qBigBBodOA2SnxdWkHPI3On5oUo59aQZaSTuycZn2F5HixFaMviTHys0hfozPnqRz2OZgQJvQk3Pb9xA3Y23/GppXXSjK+16uOF0HTSks81HA8ZnKEPb3nvMMN36boVfWSNU/rYpuPOSVKkV5UPm20KF5VJFEJzMT9dmV6oOUB7mmGrsOqLOMzcva8Z3NcQQKJrxu6YCxuZWIhs6H5OdK3V2lFxONXeMeKMttu5V/R1rsj/vmVDEkyJsXOltEGNK4LwwxxE/8Tzhkczl5muaGpDEAmoiRmvl4eZjhO0Qbx3fr9cO6+G9J5MH4wmjXQ==
RmG64jbrYeqORLMXx7Igc87RUkHLkaU+ij8oliEVVX1vSIfXqQD3PkNrsz/HWfNEO48xtfvB1xOjQw==
Q0NVtMU/FMwQ8ErhX0LFno9d8kREad3BNHTEIZs7jcWUZVk5QbM2mQTjeJWjQ5ojhsfIyRyjTg==
HrjzzgW1MY2nV0MZ6JziMpGTh++VDSi/sMAj8jWL5MeZTjpAn2hSFgF908jXnZ2iZyxLNejNFmG5gGnDCOPK6aABXyQl+9+1rq7wExobltcTeYodh4UfUyglmpumqf2zxB+Yv1Z1QqMQ
wxW0PoTUvtBme0NSf+mweJyzTw1KpHa8NZdfPKyFLM6+mdZMJwQ87vO+ipIeRCnpyy1xpKqO52G9GRFlQwDo1E201QNUR4eDlRVfhusl4SbjROPV793fb1fO66E9Z5NHY0mjHQ==
Ie7+MbhLaUx5DDoYs0zm4zHe5PvT8cM9bd3TNrhiRmGEUl4WDWXH+KO1gUJbRB/lHPVaIXV43ZNcSzZJPGnr1LFjUzUiNmRjrvMKd2/RXs0z/VOT5B3uy3JBwdPYN2yPQm1Ooxw=
9MIURXDcEWh3oBD3TS4S0Jq4SQRuo2KqE4dfOa+hNsyzmdZMJwQ87vO+ipIeRCnpyy1xpKqO52G9GRFlQwDo1E201QNUR4eDlRVfhusl4SbjROPV793fb1fO66E9Z5NHY0mjHQ==
0Cm6HAMUZcArq+iuhNDVXSy9lQathGIWMZ3jiGd9LSL3zJt1uC0GYamguYNYQ1pp0KGvZFXbL7XejgDTartmV4PZWt3XpQ9TOEVKW/bJbTN0fyh/ZhVyoyA=
+EcFq/lzGSufy768BCZa+uAhp0FhtEEthJFmFjWV/5iLRUkCE5S3hYRlwqHt6EUzNJv+CXRZA/TJU6s1WgacQ8bDwrcngbZtq23LE3yNdivaEQkTkEdEb3oddqMk
zRtntxtpzoXxVYhL49gV0vrAoBn2jzM/4JazGXkAHcm/smU4IR0iiWTBSwTja+I3iLmCFVUsDx/t9RxKWpuQjzSHUa1gNY2B7XNaYVAzzD1/I2ZLUnd8EXCjIg==
Uergxb+iOvgq2cblrxHxnZq4SQRuo2KqE4dfOa+hNsyomdZMJwQ87vO+ipIeRCnpyy1xpKqO52G9GRFlQwDo1E201QNUR4eDlRVfhusl4SbjROPV793fb1fO66E9Z5NHY0mjHQ==
Wt4a3K9b3kV+qiEf/xeOW6UCD28adnpdb5oJScb6zlIUILI+L7LV9EmgYWdPkb5NUz1zmwBdR0zSASHT+PfMD6ItbqM8
HwtTUMYltbJOuFxdDLeWOXJIo5j2Walj3B7BQKFgm9gUCLqigLg+vqMqQZeyzOfH8znqnSfFP1tMZXMcBmnds+Tf+D+2NWKjMA==
C2CJedaNMbtlO9ZiQvQJZKQCD28adnpdb5oJScb6zlIUILI+L7LV9EmgYWdPkb5NUz1zmwBdR0zSASHT+PfMD6ItbqM8
2pA1ksrXyQRS5FkXoSuNcnJIo5j2Walj3B7BQKFhm9gUCLqigLg+vqMqQZeyzOfH8znqnSfFP1tMZXMcBmnds+Tf+D+2NWKjMA==
EO2ji1Vnzpq78isVhVTbnaYCD28adnpdb5oJScb6zlIUILI+L7LV9EmgYWdPkb5NUz1zmwBdR0zSASHT+PfMD6ItbqM8
EqEgLqtbO5+AeX2VJUY2cHJIo5j2Walj3B7BQKFjm9gUCLqigLg+vqMqQZeyzOfH8znqnSfFP1tMZXMcBmnds+Tf+D+2NWKjMA==
83svKACr0xUVcjJIiKF766cCD28adnpdb5oJScb6zlIUILI+L7LV9EmgYWdPkb5NUz1zmwBdR0zSASHT+PfMD6ItbqM8
pB5DecJZbPLbMh4QwVT0SXJIo5j2Walj3B7BQKFim9gUCLqigLg+vqMqQZeyzOfH8znqnSfFP1tMZXMcBmnds+Tf+D+2NWKjMA==
JwQTTh7SHcm4OnBgi7vGihZq66/TFsEv1g6ODbsytelaErqigLg+vqMqQYS9yP3H8znqnSfFP1tMZXMcBmnds+Tf+D+2NWKjMA==
f/MPKScBkoPFctmnvQVVTTZGkelaEwtqi4/yDPBTzHSsLGKZms1OGR6d3kZAniMDEqwPrvstwe6z7Gt5vxz4Z0fmqwmt7zOPM2GjNQ==
Q57YLFPKUomJUC7ITMlleSYziATcsfy14eDQY1E31oqTlEAPOuvCCKCgv1OUcUmK3L7RR2B9Duk+jd5WYG5wvPYmjz6bnQGek/xraZ9sONcndiuZTV9zfxNxoyU=
Q7zbpTFumSXdM6YHmUNxINeZf31gS2c+jXImUyzFiBS9r2hTfUSwBlZekalfOHew/5fcXB1rejRXIQYKfuTlXu0sbP30OTvd3pSgoer1rqFupd5+MCbDO2KUzxaLlSHWw1Trwc8kGN83Xmsx3dfTN0NZow0=
DzV2+C8yij8WuS6lcE6z+aICD28adnpdb5oJScb6zlIUILI+L7LV9EmgYWdPkb5NUz1zmwBdR0zSASHT+PfMD6ItbqM8
vn0BoBDRHcDvSskI2X2feXJIo5j2Walj3B7BQKFnm9gUCLqigLg+vqMqQZeyzOfH8znqnSfFP1tMZXMcBmnds+Tf+D+2NWKjMA==
/gcKU6iXxeNDPOHBaRuFsRZw7a/PDsAv1g6ODbsytelaErqigLg+vqMqQYS9yP3H8znqnSfFP1tMZXMcBmnds+Tf+D+2NWKjMA==
M9rCZX479DaaCLxfFsdpZw6qxvlMWaK43EhsF2uNhOIh2i4uLY7nG1zYgoJoyCa+u9opt4qcL4c7ibJ9T1WH27T127xemZVzLI8AX54FeqMo
7vmB+y1m3I5hAJiojz5UMqMCD28adnpdb5oJScb6zlIUILI+L7LV9EmgYWdPkb5NUz1zmwBdR0zSASHT+PfMD6ItbqM8
JzDj2KIub4eYfbv9U71YJnJIo5j2Walj3B7BQKFmm9gUCLqigLg+vqMqQZeyzOfH8znqnSfFP1tMZXMcBmnds+Tf+D+2NWKjMA==
Vgwl1rWAEncX50xfkVkHJqACD28adnpdb5oJScb6zlIUILI+L7LV9EmgYWdPkb5NUz1zmwBdR0zSASHT+PfMD6ItbqM8
VW/ikNu42zBE3y9D3pmdZnJIo5j2Walj3B7BQKFlm9gUCLqigLg+vqMqQZeyzOfH8znqnSfFP1tMZXMcBmnds+Tf+D+2NWKjMA==
w+veD4c3g3VnShXgJHIU66ECD28adnpdb5oJScb6zlIUILI+L7LV9EmgYWdPkb5NUz1zmwBdR0zSASHT+PfMD6ItbqM8
159xXZ56m8O2Gb1WBK5tvXJIo5j2Walj3B7BQKFkm9gUCLqigLg+vqMqQZeyzOfH8znqnSfFP1tMZXMcBmnds+Tf+D+2NWKjMA==
vU1X2TNEk5PiVAZ5ZFI8QBZq663UHMAv1g6ODbsytelaErqigLg+vqMqQYS9yP3H8znqnSfFP1tMZXMcBmnds+Tf+D+2NWKjMA==
lpp37uJoY0q8KkWGPEiu2w6u37kEH+bkvUhsF2uNhOIh2jQoL5X1G1zYgoJoyCa+u9opt4qcL4c7ibJ9T1WH27T127xemZVzLI8AX54FeqMo
aQL28RHDJNDouvemh5KXkxBo4a/WGN8v1g6ODbsytelaErqigLg+vqMqQYS9yP3H8znqnSfFP1tMZXMcBmnds+Tf+D+2NWKjMA==
5h/ahCXVgO4GkDmWbwWWuQ6u37sOHeTgokhsF2uNhOIh3DYiLZfxBFzYgoJoyCa+u9opt4qcL4c7ibJ9T1WH27T127xemZVzLI8AX54FeqMo
nh4tNIfuH59VY0IWBlgfrhJw7a/PDsAv1g6ODbsytelaErqigLg+vqMqQYS9yP3H8znqnSfFP1tMZXMcBmnds+Tf+D+2NWKjMA==
geiFd3gUHlrmLELfrtZBlg6qxvlMWaK43EhsF2uNhOIh3i4uLY7nG1zYgoJoyCa+u9opt4qcL4c7ibJ9T1WH27T127xemZVzLI8AX54FeqMo
eiiWMnxXyvDtFCp33cUD8CLLhOGrLiV9cDFGrMQBn93IM15B5KhQCZhgFn4aEMfCzZnMzJxx+q5pTjIxC98WUZDIV35Q9MiuUAInbkk+QhUrGVEyPWD5NlD53l5iuyJLIw+mx4mnStqVlMimYYW1re8Yp0fpcFfOTBwTxgDJ05S731ElO/G3o6Pz
IOoXxqMjFEx+dvsFyW4d2B+zeuFcYXO7qSFU1IL+N7/9P08j3jWEAqvpQj2fdbfTxxWLfO45BfPc79AfriVqozg=
98BPwGz/ZP+daXr8GSqCmc7RUkHLkaU+ij8oliEVVX1vSIfXqQD3PkNsszbAWfNEO48xtfvB1xOjQw==
LHzV2SfuE8QrW3GMlzJh2o9d8kREad3BNHTEIZs7jcWUZVk5QbMxmQ3keJWjQ5ojhsfIyRyjTg==
9gay+jH03RG2olR6V0qesX0pOx2/MjCr8A8JxXdfGtCMN4Sq1v3/wgMp0fKb2Ci15/mIm89yC6UVq+PT2xWjOQ==
z1pe7hMSRv3wybXERTkJY2sWx7IXWwJ7z4XtWadIz262IBCayMtZGR+rmlwUkzQWHqkfrvstwe6z7Gp6vx34Z0fmqwmt7zOPM2GjNQ==
xQg7y8LmrpbatLegHOc/hzE3f2BJ9NOtfmg7mZycPzELfpx2nzU9AAjU28LjG0xd4btjdVoG4LUcBBKnD8QfG5ks71KNASubcJXrSFtDaTlLbQ9/oy8=
AkSs7Jc9v68+36cT1LFXLCA3M2RV8sOteHlr3JeYMn9cJJR32Xh7BEmDhcHhQ01d+7tmVloG4LUcBBKnD8QfG5ks71KDAyuYcJXrSFtDaTlLbQ9/oy8=
9L0JqpM2Q14YER7F/orCVLGauaHz8dZkXzrO/P8oIAqczLuGcNW5lsdukTXxEzE9gYezfaIUGsi8/+RSRlU/mvMh8crLMKovV7Jo499aS31lI0NrC32jIQ==
47wQnZpMeP9ia0m/IooKhjSXlaQNSbeoiwY/FyOOgulvhSVlaNf8KQyLhI9ozDP6oY4koJ+QKpc7ibJ9T1WH0rb12bxemZVzLI8AX54FeqMo
lz/aHS8FVClt099z3UqWtQjdmvUpWBW6oW+9MhwJMTn7HbZrotlSN1r3tnBtOv+y+thBrHRnZbVsBZFp2TquycfEQKWLgzKzHieAOWSjNg==
7PEVvuyiPia5yC6SRbDvpTafnKIMG/H1zg0kDmmAjeFuiWZuaNf8KQyLhI9ozDP6oY4koJ+QKpc7ibJ9T1WH0rD12bxemZVzLI8AX54FeqMo
yXXlqhXg9VNaBG/Cc+p/erGauaHj5stwSTqP6bNpaAGXhfSCcNW5lsdukTXxEzE9gYezfaIUGsi8/+RSRlU/mvMh8crLMKIsV7No499aS31lI0NrC32jIQ==
aQSZNPSWtYuDnFodNdFqYH0Dg+MsuCwrGSRDGDmfvd0BH3WBi2feytqaWGls2Cr779gnB+kw1w5PX5MFAAlT1Lsf0eU7sTdjozM=
iI7n4FwgeeImZYv/5vEKDRl24K7UWep/1hmODrBntOlEW7yvgLwr+rl+TICnwOLX8znqnSfFP1pPZXAcBmnds+Tf+D+2NWKjMA==
D+FdJphrym1MHEmyjGkeWlKtNibinrUUajykqKVfUUr+1grltJ9IpRB2btvqGRpnoteegHU658LS+Dl8vCetBTTlOfkhvRFZrmSY1UNDemMmR2gJfKMu
hu3ZEcTk/rWDX2rhkh01XKzi6t3RSLGxy7YyBLFXCBVewL6JqD0uKjfsuLWa2zvTj02fY1KHjbXBtwUZKx8O4tqyiBHMQFpTL7AXH4kIB2bMtMM94BFjPPu3IX2bSWdLoxs=
+WIrn3zJFx2gu3tT2s9rLM1G6wucBrJjvvluf56HUujhunMqnigFZEhHeb1oFbVRlf3kMaJUxC0X48772hekIWijOg==
zzwyvjjWVwjmPFn3uoCjQPctPS4bZ3pDZM8ISdizyF8UJKd6NebY8FOofndPkb5NUz1zngVdREzSASHT+PfMD6ItbqM8
7N0C+qqD6UbxaKRspv37O81G6wucBrJjvvluf56HUujhunMqnigFZEhHeb1oFbVRlf/iMaJUxC0X48772hekIWijOg==
2CijzBTf9ryg+Ea9ezfyEs1G6wucG7Jjvvluf56HUujhunMqnigFZEhHeb1oFbVRlfLiMaJUxC0X48772hekIWijOg==
zUPSd79Xi2SAj8Xt+SN9ZXcrm5h701smT2xtZnq1kLNUFhIG6pnBkz+nUKQfzdbft3qqETAaWOaPrmFaH1iloX/jJfHQDG+jebR/2giOuwYQLRsAG4tZQWt1H3ejJw==
rfMjjKTpAKKnhEiXt9BXtHcrm5h701smT2xtZnq1lLNUFhIG6pnBkz+nUKQfzdbft3qqETAaWOaPrmFaG1Gypn/jJfHQDG+jebR/2gyOuwYQLRsAG4tZQWt1H3ejJw==
D/Aq5JhuuhHKHYQWeP0j9BGveu9IaWXo8ipU1ZipAPqxalRgzzCaF6vpQj2fdbfSwBWPfO45BfPc79AfriVqozg=
ELpay78qZBtltvwx05u+nGsWx7IXWwJ7z4XtWadIz262IBCayMtZGR+rmlwQkzQWHqkfrvstwe6z7G54vxn4Z0fmqwmt7zOPM2GjNQ==
qccpxjcVRu8wy+z79t5oYzI3f2BJ9NOtfmg7mZycPzELfpx2nzU9AAjU28LjG0xd4btjdVoG5LUcBBKnD8QfG5ks71KMACufcJXrSFtDaTlLbQ9/oy8=
Bkx5BT8CbmZBTiGo8Co6xojxJRUxhZC0PlEVz6P8KmjrxkYpK03pFbdvmMmoE3gf5ES3eiUCqDDjCI733zHujQMdQ5v0PZKMguGxU0iXPE+SDX6jLA==
zaoit86Z/hEwPQZ37q4yybaburC358t8WzrO/P8oIAqczLuGcNW5lsdukTbxEzE9gYezfaIUGsi4/+RSRlU/mvMh8crLMKssV7Zo499aS31lI0NrC32jIQ==
IHLfLq5JUsRDXMAOWCK8S3Tr0UXsrT4WJZ35ijk5b2jz1pd3uz4Kaef1vcUDB0Rp1Lvsb1DcO/qpmhzAd6ByV4PZWt3XpQ9ePEVFXPbJbTN0fyh/ZhVyoyA=
Mnvs+fIuCafJJYaHf5+QCDSXlaQNSbeoiwY/FyOOgulvhSVla9f8KQyLhI9ozDP6oYokoJ+QKpc7ibJ9T1WH27f13bxemZVzLI8AX54FeqMo
quML37JKsgtGdIB3uQZWgwjdmvUpWBW6oW+9MhwJMTn7HbVrotlSN1r3tnBtOv+2+thBrHRnZbVsBZFp2TipycPEQKWLgzKzHieAOWSjNg==
APotTSZLT1ulndRXRKNIZzafnKIMG/H1zg0kDmmAjeFuiWZua9f8KQyLhI9ozDP6oYokoJ+QKpc7ibJ9T1WH07f13bxemZVzLI8AX54FeqMo
fxGzFqs/exE5qRj7aK+nQnTr0UXsvSkLMYv5yyx1LiD43d44vz4Kaef1vcUDB0Rp1Lvsb1DcO/qpmhzAd6ByV4PZWt3XpQ9bOUVFXPbJbTN0fyh/ZhVyoyA=
VxYdaxAqfbruelVZGRC+/X0Dg+MsuCwrGSRDGDmcvd0BH3WBi2feytqaXGls2Cr779gnB+kw1w5PWpMAAAlT1Lsf0eU7sTdjozM=
qp00JtM48fwnU4RYJKI5tW0b4gkX1a+H6/3a5lGDsa0hV/OtggQa2JgvpILmxb8KU/GxGusgrzl3Zigzf8rL7cXzA7srbaMx
q/oi50Y/u71ndmpTqDwXh1KtNibinrUUajykqKVfUUr+1grltJ9IpRB2bdvqGRpnoteegHU658bS+Dl8vCetBTTlOfkhvBZZq2SY1UNDemMmR2gJfKMu
Ot4J+LYROnKqviv5j2t8uqzi6t3RSLGxy7YyBLFXCBVewL6JqD0uKjfsuLWa2zvTj02fY1KEjbXBtwUZKx8O4tqyjBHMQFpTL7AXH4kIB2bCs8M44BFjPPu3IX2bSWdLoxs=
okVNvHa4Yx2Qrs8jdDk4M81G6wucBrFjvvluf56HUujhunMunigFZEhHeb1oFbVRlfjnMaZUxC0X48772hekIWijOg==
a+B5ttVu4KGcynpR6EgXZPctPS4bZ3pDZ88ISdizyF8UJKd6NeLY8FOofndPkb5NUz1zmwBdQEzSASHT+PfMD6ItbqM8
LxmtSEet3kYFLasB3FzPjc1G6wucBrFjvvluf56HUujhunMunigFZEhHeb1oFbVRlf3lMaZUxC0X48772hekIWijOg==
CtV1pLAoBujEj3Dy7nnSeyLLhOGrLiV9cDFGrMQBn93IM15B5KhQCZhgFn4aEMfCzZnMzJxx+q5pTjIxC98WUZDIV35Q9MiuUAInbkk+QhUrGVEyPWD5NlD53l5iuyJLIw+mx4mnStqVlMimYYW1re8Yp0fpcFfOSh0TxgHJ05S731ElO/G3o6Pz
klYNQf0FkWzDStH29E5j1M7RUkHLkaU+ij8oliEVVX1vSIfXqQD3PkptszbBWfNEO48xtfvB1xOjQw==
sUcf/352VAlI7Ylvkzt2gI9d8kREad3BNHTEIZs7jcWUZVk5QbowmQ3leJWjQ5ojhsfIyRyjTg==
e/gli/eDuyS3kn+OE8xYJR+zeuFcYXO7qSFU1IL+N7/9P08j3jWEAqvpQj2fdbfaxhWLfe45BfPc79AfriVqozg=
+1SP5yFJLXIkIND+IFRCW3crm5h701smT2xtZnq1lLNUFhIG6pnBkz+nUKQfzdbft3qqETAaWOaPrmFaH1iloX/jJfHQDG+jebR/2g6KuwYRLRsAG4tZQWt1H3ejJw==
ucCpixL+o+XYqFMLpM1bIXcrm5h701smT2xtZnq1kLNUFhIG6pnBkz+nUKQfzdbft3qqETAaWOaPrmFaG1Gypn/jJfHQDG+jebR/2gyKuwYRLRsAG4tZQWt1H3ejJw==
gkhFRFBwuHdBX8FFYnXn0PctPS4bZ3pDZM8ISdizyF8UJKd6NebY8FOofndPkb5NUz1zkgBdQ03SASHT+PfMD6ItbqM8
kllhsXWxQu+bGk91R5Omv20b4gkX27CA+/3a5VGDsa0hV/OtggQa2JwvpILmxb8KU/GxGusgqj53ZSkzf8rL7cXzA7srbaMx
PJRBOdt2NGz7KOGeTOfs7+aesRwWLIjQgX81ktKm1i3+QIv9zMYCA055/t/ORyII8bpjSm5o1cTYxwld2FVlMWX51RH0lbSNp2NemwpXlAF4oyo=
6ujv8Sf38qhcL2UHd6iWAxdw7a/PDsAv1g6ODbsytelaErqigLg+vqMqQYS9yP3H8znqnSfFP1JMZXQdBmnds+Tf+D+2NWKjMA==
1RtC7UZ/IIVNuQ2gsLtDjg6qxvlMWaK43EhsF2uNhOIh2y4uLY7nG1zYgoJoyCa+u9opt4qcL4c7ibJ9T1WH0rT13L1emZVzLI8AX54FeqMo
oqc/A82/KoZzXHvGfNACgn0pOx2/MjCr8A8JxXdfGtCNN4Sq1v3/wgMp0fKb2C+25/iMm85yC6UVq+PT2xWjOQ==
nhfFkld6/0nAUPwAK98Mm2sWx7IXWwJ7z4XtWadIz262IBCayMtZGR+rmlwVkzQWHqkfrvstwe6z7GN6vxz8Z0bmqwmt7zOPM2GjNQ==
nQ6zk3a/6wHvmQ+2K+NocEUcqfAZJ2HerNdm8B+tTaiovAt6o+McdQHTU21aHtHd/CxCX098z3M5hJ/KCp7bMtR9uvCbO7kRK4U/Z6M3
8Lv59uGRbgFuZczpZzanyICZgOvRLSC1qsAi4jT4+tycGCBEkUgICgdj09/ZnJ+ocCpLKObWHS+6k2nEB/nX6/waHDUg+ej62b/sAAcAgtcTeYodh4UfWiklk5imqP2zxB+Yv1Z1QqMQ
0cQ4KMHOGU8mgDHhUwfB1xkvYiWJiybF2xnIoIhLrRmNRibsuszrzIqKheepV0NoLTgCntHAXLJ/j1h306xdTSU7Tm5G/do9qrqbexbIXXSwB+FN0HW9Yf16S0GpcLycj6P264K3LHFAoxI=
oaC/veG5iHxAFwz3ultnkAlyvvlOS7kS3KWF/fXkzlgvAD/06qCgYTAoBBPoWn9jccKwun9Yc52w74lltz8a8M3XBAoWnf/iQ8lRUlu4KpCnGAw7DhILhVVLY3MbdaMZ
bc7H0gLgmjPW8/+1LAOwWlz8cjmjibURajq19eJUVUX+1wuqpc8E71c8OYXpG0Jmos2ehVY658PS+Dl8vCetBTTlOfkhuhdZrWCY1ENDemMmR2gJfKMu
nlvUtWT5lsCJRz5WWByVt3Znhsk1qruW4tQvdC0VWEUP3WtIhOKPzf1G9+wqc+7noBM2U1rYg4Pylum4l7S+3NbKWpjRGTfv0CLF4eGjDT17W6Z2WiYhVZxkUkcP5F+7GYyvMorm6zr0NSpoWyOp2csNT1+jDw==
pbbF+jqxby9uZmpPm3O1fSToMIRb5tIb6Mw/ILiN+QVyGkHb24GTVBtqp9wjAcAV4MQHCzJZIpeKt4aQfTrv08oYEQyE5/VV3EVBSak6n6kVADAEGwOCU05ncBl0oyY=
SogJvRSMg7upSwzvmkM2m+aDb12ptTgWnFOeFv7TFgfgUhZDTYC3nb4kRUgJEt6slhq6iNEJV78Q0iVRYdOtjbuLhmZaNgGFXNTyN49Uv0vZ3M8iivYL6rRFStjb0wlpi11vT6Mf
W6jS42wZtW6BTUfQJZVUImf63hed5rcWYHx+YJdYMlkPfcPt46xwbzcopZIZoJ3hfmlePLl3jKmc6zRPOOzD+tGv9OAvcLoXyynivX81l9qh1Sv4Dngl87wvcJ9OZUqjGA==
vHlrWZsVE8FsJKHawJ7DuNz5HBdKv3W8DppuIamNHo2a1NhJJggrrv7/ytoMSGqg1i5x6/PBuDj5BxFhWUPj0UqgmnRFW5SejgFfhusl4SbjROrU79Tcb1bO66E9Z5NHY0mjHQ==
I8GQ91iGB35ufhx8LVfccN35HBdKv3W8DppuIamNHo2a1NhJJggrrv7/ytoMSGqg1i5x6/PBuDj5BxFhWUPj0UqgmnRFW5SejgFfhusl4SbjROrU79Tcb1bO66E9Z5NHY0mjHQ==
ViV0Fgh6/KMk5MqwMG3peNr5HBdKv3W8DppuIamNHo2a1NhJJggrrv7/ytoMSGqg1i5x6/PBuDj5BxFhWUPj0UqgmnRFW5SejgFfhusl4SbjROrU79Tcb1bO66E9Z5NHY0mjHQ==
unZlVmcgnODDTBaG6yca+Nv5HBdKv3W8DppuIamNHo2a1NhJJggrrv7/ytoMSGqg1i5x6/PBuDj5BxFhWUPj0UqgmnRFW5SejgFfhusl4SbjROrU79Tcb1bO66E9Z5NHY0mjHQ==
yNUBaSPIo71kDBxRoI7mQNj5HBdKv3W8DppuIamNHo2a1NhJJggrrv7/ytoMSGqg1i5x6/PBuDj5BxFhWUPj0UqgmnRFW5SejgFfhusl4SbjROrU79Tcb1bO66E9Z5NHY0mjHQ==
dRn2wpaJ1L9vAxHLAWiOldn5HBdKv3W8DppuIamNHo2a1NhJJggrrv7/ytoMSGqg1i5x6/PBuDj5BxFhWUPj0UqgmnRFW5SejgFfhusl4SbjROrU79Tcb1bO66E9Z5NHY0mjHQ==
mnSxeHNSAJ+yHZjm3KKQq9b5HBdKv3W8DppuIamNHo2a1NhJJggrrv7/ytoMSGqg1i5x6/PBuDj5BxFhWUPj0UqgmnRFW5SejgFfhusl4SbjROrU79Tcb1bO66E9Z5NHY0mjHQ==
Y6AgfgiKemKL7EiuUH90MNf5HBdKv3W8DppuIamNHo2a1NhJJggrrv7/ytoMSGqg1i5x6/PBuDj5BxFhWUPj0UqgmnRFW5SejgFfhusl4SbjROrU79Tcb1bO66E9Z5NHY0mjHQ==
smqk+MUDzI1gkUSNDhYQinWBrqzm+MwhYdjVFphjRkLIVBMYCGTL7+O4wAITVhOmVehZITohkswFDyhJOHOo37RkR3pVJ3hws+ged2/RXs0z/VOa5R3nyHJAwdPYN2yPQm1Ooxw=
Gh50FeYuMxlsvGlwu3tRYHSBrqzm+MwhYdjVFphjRkLIVBMYCGTL7+O4wAITVhOmVehZITohkswFDyhJOHOo37RkR3pVJ3hws+ged2/RXs0z/VOa5R3nyHJAwdPYN2yPQm1Ooxw=
RptV/ZvXfwSTeHZL7BKUhneBrqzm+MwhYdjVFphjRkLIVBMYCGTL7+O4wAITVhOmVehZITohkswFDyhJOHOo37RkR3pVJ3hws+ged2/RXs0z/VOa5R3nyHJAwdPYN2yPQm1Ooxw=
5wtqr+wqKH/NuAGZOWMsTHaBrqzm+MwhYdjVFphjRkLIVBMYCGTL7+O4wAITVhOmVehZITohkswFDyhJOHOo37RkR3pVJ3hws+ged2/RXs0z/VOa5R3nyHJAwdPYN2yPQm1Ooxw=
m+fe9I5r2e4Vrtz+39AWnnGBrqzm+MwhYdjVFphjRkLIVBMYCGTL7+O4wAITVhOmVehZITohkswFDyhJOHOo37RkR3pVJ3hws+ged2/RXs0z/VOa5R3nyHJAwdPYN2yPQm1Ooxw=
R7n2docbqzwtA6H4/Qsq7nCBrqzm+MwhYdjVFphjRkLIVBMYCGTL7+O4wAITVhOmVehZITohkswFDyhJOHOo37RkR3pVJ3hws+ged2/RXs0z/VOa5R3nyHJAwdPYN2yPQm1Ooxw=
LxvP1FM46M/dtCzlHmRqoHOBrqzm+MwhYdjVFphjRkLIVBMYCGTL7+O4wAITVhOmVehZITohkswFDyhJOHOo37RkR3pVJ3hws+ged2/RXs0z/VOa5R3nyHJAwdPYN2yPQm1Ooxw=
1z1A76l6LhotD2V8cHp8B3KBrqzm+MwhYdjVFphjRkLIVBMYCGTL7+O4wAITVhOmVehZITohkswFDyhJOHOo37RkR3pVJ3hws+ged2/RXs0z/VOa5R3nyHJAwdPYN2yPQm1Ooxw=
P8A20miGXOLrxHgVNA3XYH2Brqzm+MwhYdjVFphjRkLIVBMYCGTL7+O4wAITVhOmVehZITohkswFDyhJOHOo37RkR3pVJ3hws+ged2/RXs0z/VOa5R3nyHJAwdPYN2yPQm1Ooxw=
NGtHUIFEaU6z6HZS76SP8XyBrqzm+MwhYdjVFphjRkLIVBMYCGTL7+O4wAITVhOmVehZITohkswFDyhJOHOo37RkR3pVJ3hws+ged2/RXs0z/VOa5R3nyHJAwdPYN2yPQm1Ooxw=
B5UBKsPSKPb8wxUM2cmBrHWCrqzm+MwhYdjVFphjRkLIVBMYCGTL7+O4wAITVhOmVehZITohkswFDyhJOHOo37RkR3pVJ3hws+ged2/RXs0z/VOa5R3nyHJAwdPYN2yPQm1Ooxw=
rGzIa4xehbhMguR2YAAtdXSCrqzm+MwhYdjVFphjRkLIVBMYCGTL7+O4wAITVhOmVehZITohkswFDyhJOHOo37RkR3pVJ3hws+ged2/RXs0z/VOa5R3nyHJAwdPYN2yPQm1Ooxw=
taSe2zgcDpbvcuWnEjwrk3eCrqzm+MwhYdjVFphjRkLIVBMYCGTL7+O4wAITVhOmVehZITohkswFDyhJOHOo37RkR3pVJ3hws+ged2/RXs0z/VOa5R3nyHJAwdPYN2yPQm1Ooxw=
1w4xWTEvz73O8/cUEMe7/XaCrqzm+MwhYdjVFphjRkLIVBMYCGTL7+O4wAITVhOmVehZITohkswFDyhJOHOo37RkR3pVJ3hws+ged2/RXs0z/VOa5R3nyHJAwdPYN2yPQm1Ooxw=
ljcvxx8KkRBxrXasGrHsIXGCrqzm+MwhYdjVFphjRkLIVBMYCGTL7+O4wAITVhOmVehZITohkswFDyhJOHOo37RkR3pVJ3hws+ged2/RXs0z/VOa5R3nyHJAwdPYN2yPQm1Ooxw=
R7wVEAEr80m8jntrqX83JiwRr2CGUgJcUE/7MFqhH8O0y1LQkZiK4FFnGQxSkoGiqc7PTLuBWIVIJL97epnqx9KXbqAFOhfjojjJ3MynPaVkJenZMboHOf2gSLTTw8oDlodYaUyjHg==
0KG29ohX6lsdhwgIhdG8dC8Rr2CGUgJcUE/7MFqhH8O0y1LQkZiK4FFnGQxSkoGiqc7PTLuBWIVIJL97epnqx9KXbqAFOhfjojjJ3MynPaVkJenZMboHOf2gSLTTw8oDlodYaUyjHg==
cvYMk9XsahQ9RhqgcBuhe0p1dzJmK25uWPfaqlMYOrW69OBaYqbCNBE1L4Pg7l1tge/VMUs3/traink5rGiKC29ox3cp4LceSkpzVkT5MmQ7b3FVe2EXc6Mj
kgLYNXb64qUkYUISQWzusvHb7fPz59gzXCCP47ErKkaUzPrMftqxl8sliDTxEzE9gYezfaIUGsi9/+RSRlU/mvMh8crLMKooV7Bs495aS31lI0NrC32jIQ==
y38OMg/aZ6TwHPZ83/Woq6iOtx4MNoOOxjJ1mtX+w2TvQYztxNQDA055/t/ORyII8bpjS25o1cTYxwld2FVlMWX60xHxkLSMp2NemwpXlAF4oyo=
ts1YcHFx8NtzDD2RfzppXYjxLhY91pu1NB1QguP2Y2alyEkhKkGiDLVvmMmoE3gf5ES3eiUHqDDjCI733zHujQMdQ5r1PZeIguCxU0iXPE+SDX6jLA==
0o6J5LGo8r9CVuketA4JZHPq0lSouyMOIZ3rm2k6ZST40ZI28TAFYeb59twBB0Rp1Lvsb1DcO/qpnxzAd6ByV4PZWt3XpQ9aOUVDWPbIbTN0fyh/ZhVyoyA=
inGNDC2rHtrtN15+OeuqPFfw31hrDoD0vHtfB4IeUryRvb87gDbtJUEnpelrT+7S2oJpQYyw+sOvIHevSVgnlsrC4+6koYKseyeBDVuZB3ujKw==
xLWd3/PNzOf+bDcvScMbBnT401S1vTpZN4Djh2k6ZST40ZI28TAFYeb59twBB0Rp1Lvsb1DcO/qpnxzAd6ByV4PZWt3XpQ9aOUVDWPbIbTN0fyh/ZhVyoyA=
inGNDC2rHtrtN15+OeuqPFfw31hrDoD0vHtfB4IeUryRvb87gDbtJUEnpelrT+7S2oJpQYyw+sOvIHevSVgnlsrC4+6koYKseyeBDVuZB3ujKw==
6Sfp6NxXgDeQCsfk4l/T0E4qNmsQcn97GfTGpktWcLz8s+9fYqbCNBE1L4Pg7l1tge/VMUs3/traink5rGiKC29ox3cp4LceSkpzVkT5MmQ7b3FVe2EXc6Mj
inGNDC2rHtrtN15+OeuqPFfw31hrDoD0vHtfB4IeUryRvb87gDbtJUEnpelrT+7S2oJpQYyw+sOvIHevSVgnlsrC4+6koYKseyeBDVuZB3ujKw==
b3jOZ2ATsWOFxTe7g2JmbVjf6oQMeizJy3EapM5CMR9bXSicgcvxdVG/05WSDBrArQfEerYNf1KjmRGie6gsoMfIzEuugos1tRsjgztloyk=
UEUyWazPtLAEUtGnnXiyFgsBZ8FwqjiYuecRAZnjYzEKgJpUBbsUPk5hX2arhWFGI2Tp8S+1XM8WLuvB/ccTpyNpoz0=
oZIe16rHDEqbr5Jt11GcfFqx8W/RY9QJkDLlMWHz7S0760ZGWhbB5dx0shePNH+rWXwPQoITS0s0JQo42/PJyQu9L2+jPw==
iqEOG7FWlj5bUyD36a2aIIZB/A2cBrJjvvluf56HUujhunMqnigFZEhHeb1oFbVRlf/nMahQxCwX48772hekIWijOg==
eDtNL506B+0+BwM0/IlsMhl9/K7BEPVh1hmODrBntOlEW7yvgLwr+rl+TICnwOLX8znqnSfFP19MZXoYBmjds+Tf+D+2NWKjMA==
RSSfJpInoUo+QVUE/U3gcVPakqdvBVCxunb3PBMBMDW4FrZrotlSN1r3tnBtOv+y+thBrHRnZbVsBZFp2TupyczAQKSLgzKzHieAOWSjNg==
PPB7ltJWfePpBdeMA2C4DRn12VluQ9G4rTVTGdoeUryRvb8zkjftJUEnpelrT+7S2oJoQYyw+sOvIHevSVgnlsnE4+ekoYKseyeBDVuZB3ujKw==
2ZdNug4oXyE85FXNUeOCyVzsLDSuj/wXZzKh96dFVk2wgFGipIlJqVN9btvqGRpnoteegHU658LS+Dl8vCetBTTlOfkhvxdZpGCY1ENDemMmR2gJfKMu
SKvyYhfepKNH8p4+IJDOH72t4pFIicd3FC5/gQQ63wJ1Q6Zs8Lp90DwCUfjHyMpeDnVuJB8aaaTL295OgG05Phe2sT3B6/FVER9TNdIsGuDsp0Ta9i1/cuM5kQI7iCOAh2hN6+6iixX1u6Mje0WjCQ==
kgNX8UFguOpDe90q7Mx4/d7BFUZzsjVvGWKe02v4hmlUGw8SphBjwpZaUuU0ahccCFo2KuHZ3aHtgZCSg06i6Q9FxeUIFxwpbEtkDwgM0/rBzsQg/9DKl1vJUv0vFWfdkLV6Of7YtXMMz6DfPkVaowg=
VzYR/aFqRnK6WcWN4SVqodamLx0qg5aofR4egem5bCLvxkYpK03pFbRvmMmoE3gf5ES3eiUGqDDjCI733zHujQMdQ57xPZWJguCxU0iXPE+SDX6jLA==
Bz9SzvNbvzryRGAhyYgRQaDp12pGnej/X1xJoOOXbro4EXnaH9rh6Vl3kZH5EyMBKpCaRCSLVM4u8d/2S/WhdgN06+EPh52/9r5rUZ03U5cDeaMt
w4joV5HOQJgiXaEU6sSPvBEv3cEhaQTCV1a+qZPdkbUcP1CJ4OMQP/w0r3o99rAQC3hGN5fhRi37jfsSiK0s6Wqw+ZMApxQvij1mozQ=
sBOe3jN2N6rQSS4Hj1cNJRl24K7UWeRg0QmODrBntOlEW7yvgLwr+rl+TICnwOLX8znqnSfFP15PZXAZBmjds+Tf+D+2NWKjMA==
AjHGl6TixsmEgv3gCAq+0OaesRwWLIjQgX81ktKm1i3+QIv9zMYCA055/t/ORyII8bpjSm5o1cTYxwld2FVlMWX+1RHykbSMp2NemwpXlAF4oyo=
wJhGOa9MFuF/2bDGbXtYh81G6wucBrJjvvluf56HUujhunMqnigFZEhHeb1oFbVRlfPnMaRRxCwX48772hekIWijOg==
btTesKTVEAaScCpFNqdSwHcrm5h701smT2xtZnq1kLNUFhIG6pnBkz+nUKQfzdbft3qqETAaWOaPrmFaH1iloX/jJfHQDG+jebR/2giJuwQVLRoAG4tZQWt1H3ejJw==
0Spj+VUJhFVqo72ZsAfMQHcrm5h701smT2xtZnq1lLNUFhIG6pnBkz+nUKQfzdbft3qqETAaWOaPrmFaG1Gypn/jJfHQDG+jebR/2g6JuwQVLRoAG4tZQWt1H3ejJw==
g0rSQRN+XVB8uyoIT2AIgvctPS4bZ3pDZ88ISdizyF8UJKd6NeLY8FOofndPkb5NUz1znAVdQUnSACHT+PfMD6ItbqM8
TPz76n9otOXOpCB8PD9BEkZc+q1PaWvUvsNx40vgDe/i6FV5obsddRvTVk5aHtTd/CxCX098z3M5hJ/KDpnbM9Z9uvCbO7kRK4U/Z6M3
VNI9vC/hIGFq2+sf+DQiLEZc+q1PaWvUvsNx40vgDe/i6FV5obsddRvTVk5aHtTd/CxCX098z3M5hJ/KC5/bM9Z9uvCbO7kRK4U/Z6M3
tIzzTjAT7Hfm9S1isZeFrVPakqdvBVCxunb3PBMBMDW4FrVrotlSN1r3tnBtOv+2+thBrHRnZbVsBZFp2TOuycTCQKSLgzKzHieAOWSjNg==
bZaklZ8DcAS3nNuiLYsjfxn12VluQ9G4rTVTGdoeUryRvb8zkjTtJUEnpelrT+7S2oJsQYyw+sOvIHevSVgnlsLD4++moYKseyeBDVuZB3ujKw==
0yBJCwEyP5vQVxE0rGbSRTFpcm1PvdWgdnw53I2fN39cJJR32Xh7BEmAhcHhQ01d+7tmVloG5LUcBBKnD8QfG5ks71KNAyuYdpXqSFtDaTlLbQ9/oy8=
2uqWspyfpyBjS2Jljg4OXd7BFUZzsjVvGWKe02v4h2lUGw8SphBjwpZaUuU0ahccCFo2KuHZ3aHtgZCSg06i6Q9FxeULFxwpbEtkDwgM0/rBysQg/9DKl1vJUv0vFWfSlrV5Ov7YtXMMz6DfPkVaowg=
CRScAAbJqFU65Syh8ciV2NamLx0qg5aofR4egem5bCLvxkYpK03pFbdvmMmoE3gf5ES3eiUCqDDjCI733zHujQMdQ531PZWKguCxU0iXPE+SDX6jLA==
5m8oHvykiV0jo0gleQy5EhEv3cEhaQTCV1a+qZPdkbUfP1CJ4OMQP/w0r3o98rAQC3hGN5fhRi37jfsTja0t6mqw+ZMApxQvij1mozQ=
t/mPrC0a7XsRjlB2rtqkNRl24K7UWeRg0QmODrNntOlEW7yvgLwr+rl6TICnwOLX8znqnSfFP11IZXEaBmjds+Tf+D+2NWKjMA==
NZ+89NpYzgfPPVt6JQ2ofeaesRwWLIjQgX81ktKm1i3+QIv9zMYBA055/t/ORyII8bpjTm5o1cTYxwld2FVlMWX80hHzkrSMp2NemwpXlAF4oyo=
sFBS58+GcAFIxXRZHy6n+xl24K7UWep/1hmODrNntOlEW7yvgLwr+rl6TICnwOLX8znqnSfFP1JNZXAaBmjds+Tf+D+2NWKjMA==
+E9cXs0Qh18j82NZU2D3YlKtNibinrUUajykqKVfUUr+1grltJ9IpRB2bdvqGRpnoteegHU658bS+Dl8vCetBTTlOfkhuBJZrmKY1ENDemMmR2gJfKMu
n7uYbM2EClFxzqr0TwWxNazi6t3RSLGxy7YyBLFXCBVewL6JqD0uKjfsuLWa2zvTj02fY1KEjbXBtwUZKx8O4tqyjBHMQFpTL7AXH4kIB2bPt8M95hFiPPu3IX2bSWdLoxs=
PSk4ga7qZrxD3URiZct1aM1G6wucBrFjvvluf56HUujhunMunigFZEhHeb1oFbVRlfPmMaJSxCwX48772hekIWijOg==
3Cs7A8NXjgEmBq53Op4VBHcrm5h701smT2xtZnq1lLNUFhIG6pnBkz+nUKQfzdbft3qqETAaWOaPrmFaH1iloX/jJfHQDG+jebR/2gmIuwEWLRoAG4tZQWt1H3ejJw==
KIOtCZH6ONg2B1NfsL9EvHcrm5h701smT2xtZnq1kLNUFhIG6pnBkz+nUKQfzdbft3qqETAaWOaPrmFaG1Gypn/jJfHQDG+jebR/2g+IuwEWLRoAG4tZQWt1H3ejJw==
f8sw4i/yKSuJu8qyVi7yyvctPS4bZ3pDZM8ISdizyF8UJKd6NebY8FOofndPkb5NUz1zmQVdRErSACHT+PfMD6ItbqM8
FeQgSSAoAJ97iYnT5tJkbzafnKIMG/H1zg0kDmmAjeFuiWZuaNf8KQyLhI9ozDP6oY4koJ+QKpc7ibJ9T1WH07H12LpemJVzLI8AX54FeqMo
m3xiYPrWdGvABzIfqTPf4Fo47Mk0EPX6WMl1cTdtatMGOTav5mc6+Om6ezp2SP00kAfBDTD13aEdfW2BDfIcXO+jFqviN4wxYKMy
j/vXcOXNZjm+fNXaM3rLnhl24K7UWep/1hmODrBntOlEW7yvgLwr+rl+TICnwOLX8znqnSfFP15NZXYaBmjds+Tf+D+2NWKjMA==
tIJry7ri+PubjLK56TyX81KtNibinrUUajykqKVfUUr+1grltJ9IpRB2btvqGRpnoteegHU658LS+Dl8vCetBTTlOfkhsxNZqGKY1ENDemMmR2gJfKMu
wtw01aHEiui4MJtj8kChrqzi6t3RSLGxy7YyBLFXCBVewL6JqD0uKjfsuLWa2zvTj02fY1KHjbXBtwUZKx8O4tqyiBHMQFpTL7AXH4kIB2bCtsM75hFiPPu3IX2bSWdLoxs=
GhtHmkfQHFeer/DG0qGkss1G6wucBrJjvvluf56HUujhunMqnigFZEhHeb1oFbVRlfnmMaRSxCwX48772hekIWijOg==
1n9E3mWfA68mG3AVJwVIHvctPS4bZ3pDZM8ISdizyF8UJKd6NebY8FOofndPkb5NUz1znQRdQkrSACHT+PfMD6ItbqM8
GblOrS3XycMQkqaIc6pKDnEeleN/+Gs1ECJfWzKfvd0BH3WBi2feytqaWGls2Cr779gnB+kw1w5OXpMABglS1Lsf0eU7sTdjozM=
szLXJSahkxKuL4QhQRXrSDafnKIMG/H1zg0kDmmAjeFuiWZuaNf8KQyLhI9ozDP6oY4koJ+QKpc7ibJ9T1WH27X12btemJVzLI8AX54FeqMo
HkLpggAVzCfQ2kF8/DOG+7eg+4iMkenYETDPjsuZyELEwx10ZHFYoILe1woqbB5FKPOJy9PpxIZIqflib+IB0SlPUSmJq8O5WqiafFQztHZeSR/OO81BTnPMaVh/v3+Hhoar6e2Psy9zQaMV
HJazdBCEt9LwQS8sz+vsA+VEncJnCCgZnXRscmgIYoc5dArykmBPTGNVEQ41JinP9bGshIzyZ0PuNMO8vLRyK/0gaJjRhrPrkWNLOwJ0W9N0v3gotyHmrVtN2x1rbU9sivCZk+DntK8qfUajFA==
L/1Sq4GM0dcnyxrPFcXAencrm5h701smT2xtZnq1kLNUFhIG6pnBkz+nUKQfzdbft3qqETAaWOaPrmFaH1iloX/jJfHQDG+jebR/2giJuwIQLRoAG4tZQWt1H3ejJw==
797tWa2GcT+ew5DLg11nQPctPS4bZ3pDZM8ISdizyF8UJKd6NebY8FOofndPkb5NUz1znAVdQEzSACHT+PfMD6ItbqM8
ZQdkRSd6adw6JQgYCPJZxhl24K7UWeRg0QmODrBntOlEW7yvgLwr+rl+TICnwOLX8znqnSfFP1hIZXQcBmjds+Tf+D+2NWKjMA==
gns/xQwEjqyk5uHXVB7B5+aesRwWLIjQgX81ktKm1i3+QIv9zMYCA055/t/ORyII8bpjSm5o1cTYxwld2FVlMWX+0hH2lLSMp2NemwpXlAF4oyo=
XAxTkAcRSME32MsrfqApEhRw7a/PDsAv1g6ODbsytelaErqigLg+vqMqQYS9yP3H8znqnSfFP15JZXscBmjds+Tf+D+2NWKjMA==
HxpKGbpLqyJhPB7/PJplWQ6qxvlMWaK43EhsF2uNhOIh2C4uLY7nG1zYgoJoyCa+u9opt4qcL4c7ibJ9T1WH3rH107xemJVzLI8AX54FeqMo
qhOFR/NMfB9Jbw05xdxxOhVw7a/PDsAv1g6ODbsytelaErqigLg+vqMqQYS9yP3H8znqnSfFP11JZXscBmjds+Tf+D+2NWKjMA==
WVGchGuO/+8bZnYn0/8y9w6qxvlMWaK43EhsF2uNhOIh2S4uLY7nG1zYgoJoyCa+u9opt4qcL4c7ibJ9T1WH3bH107xemJVzLI8AX54FeqMo
XbeSgWoR2BjQPKZ7Im0MbxNw7a/PDsAv1g6ODbsytelaErqigLg+vqMqQYS9yP3H8znqnSfFP1NJZXscBmjds+Tf+D+2NWKjMA==
nDKqYBiXDtVrMA/nnd+q9Q6qxvlMWaK43EhsF2uNhOIh3y4uLY7nG1zYgoJoyCa+u9opt4qcL4c7ibJ9T1WH07H107xemJVzLI8AX54FeqMo
NP6wDJ9zOXAbur086BYWThZo4a/WGN8v1g6ODbsytelaErqigLg+vqMqQYS9yP3H8znqnSfFP19MZXocBmjds+Tf+D+2NWKjMA==
f7VNSWvJdDBATPzZMP8GeQ6u37sOHeTgokhsF2uNhOIh2jYiLZfxBFzYgoJoyCa+u9opt4qcL4c7ibJ9T1WH37T10rxemJVzLI8AX54FeqMo
WwUCkxUK4RGBJopu9dhMgHcrm5h701smT2xtZnq1krNUFhIG6pnBkz+nUKQfzdbfsXqqETAaWOaPrmFaG1Gypn/jJfHQDG+jebR/2guIuwsQLRoAG4tZQWt1H3ejJw==
NU/XB3k2s14TBpYyBOF6LH0pOx2/MjCr8A8JxXdfGtCON4Sq1v3/wgMp0fKb2C235/GIm85yC6UVq+PT2xWjOQ==
0S2fzrHnDqvCdaMck1nNoW0H8g8Xya2d77Sfug6M8P4gV+mthyca2J4vpILmxb8KU/GxGusgqDh3aSgzfsrL7cXzA7srbaMx
v60ujpYa/34JgwysDjFWkVUt2Y9rLRDODhGyvYjVm/tDYF/Is+IQJfwxjHo99LAQC3hGN5fhRi37jfseja0m7Gqw+ZMApxQvij1mozQ=
j+dmHvxoYBxeVCLqZbk3u0UcqfAZJ2HerNdm8B+tTaiovAt6o+McdQHTU21aHtLd/CxCX098z3M5hJ/KCp7bMtF9uvCbO7kRK4U/Z6M3
llekq/rrA9qsPE8vRuB4AoCZgOvRLSC1qsAi4jT4+tycGCBEkUgICgdj09/ZnJ+ocCpLKObWHS+6k2nEB/nX6/waHDUg+ej62bzsAAcAgtcTeYodh4UfWiklk52mqP2zxB+Yv1Z1QqMQ
5Z51TI2/ZdSj0b2tFxP/HhkvYiWJiybF2xnIoIhLrRmNRibsuszrzIqKheepV0NoLTgCntHAXLJ/j1h306xdTSU7Tm5G/do9qrqbeBbIXXSwB+FN0HW9Yf16S0Gpdbycj6P264K3LHFAoxI=
tHT/nD4UZHC16jHNLNtPKglyvvlOS7kS3KWF/fXkzlgvAD/06qCgYTAoBBPoWn9jccKwun9Yc52w74lltz8a8M7XBAoWnf/iQ8lRUlu4KpCnGAk7DhILhVVLY3MbdaMZ
STbcHEMJ8puf1fvTjnqZH1/Q4cFccyzKw3NDsMhMf1MREnDK38jzLVC/yZWXLxrArgfEerYNf1KjmRGie6gqoMfIyUuugos1tRsjgztloyk=
hPQRLsfG+BBL5ZOYD5uFuU59Z1W9yY+XmNB2XUT9us7tPF/8gzACpqfp54HL3cS37Ec6Z0kUIzQN71L0OwqftdHSDv3A16G2OnhRpw46H/CaWKHsFGeF9QyFcSm5Oo+JZUXg5KuDEvO+pyB5RKMW
zuBhMWLgxOPG/86h+ZAn2/bb/vG35t18QWnK6a1/JAiczLnFdsys2Isk3m2nET8uwIe8erUXGsi+/+RSRlU/mvMh8crLMKooV7Bp495aS31lI0NrC32jIQ==
iF2H/5PDqiBZ9yzjSSNQEzTya5ke98UN9sw+K6+NrAc8FkrHztyHGlEtrtQ1HI9V4ZJeXTBXMdaKuIGHfjrv0MoYEQyE5/VV3EVBSak6n6kVBTAEGwOCU05ncBl0oyY=
ZZVBz5SRZSWg4vSJCObUT0o0JipVZXloUeXtu1QXFbX8vudVPaTfPBZ6b4K2twtvj/yUMUQw6dnaino5rGiKC29ox3cp4LceSkpzVkH5MmQ7b3FVe2EXc6Mj
8GtVyRqOl3r8EsgmNoXawJ5P2WdBjn0BuLUNDSWH0NvAQkkHAIWmhcMxhOaruw86NIniB2MCQPDLQ7x6LRSAUNvY1rcngbZtq23LGn2Nfy3aEAkTkEdEb3oddqMk
qtUXdJDNewktSydRsR8sKp9P2WdBjn0BuLUNDSWH0NvAQkkHAIWmhcMxhOaruw86NIniB2MCQPDLQ7x6LRSAUNvY1rcngbZtq23LGn2Nfy3aEAkTkEdEb3oddqMk
K2qmCmv4nNuDQTS289weDJhP2WdBjn0BuLUNDSWH0NvAQkkHAIWmhcMxhOaruw86NIniB2MCQPDLQ7x6LRSAUNvY1rcngbZtq23LGn2Nfy3aEAkTkEdEb3oddqMk
ZPTrfArlPHL3pdH58YWQRJlP2WdBjn0BuLUNDSWH0NvAQkkHAIWmhcMxhOaruw86NIniB2MCQPDLQ7x6LRSAUNvY1rcngbZtq23LGn2Nfy3aEAkTkEdEb3oddqMk
dPFMRCbf46WH0aakNpEIrJpP2WdBjn0BuLUNDSWH0NvAQkkHAIWmhcMxhOaruw86NIniB2MCQPDLQ7x6LRSAUNvY1rcngbZtq23LGn2Nfy3aEAkTkEdEb3oddqMk
ztkLnyImvhwMeeTaN3+JtJtP2WdBjn0BuLUNDSWH0NvAQkkHAIWmhcMxhOaruw86NIniB2MCQPDLQ7x6LRSAUNvY1rcngbZtq23LGn2Nfy3aEAkTkEdEb3oddqMk
FUWtJYdhaLhx8fHaezvlrpRP2WdBjn0BuLUNDSWH0NvAQkkHAIWmhcMxhOaruw86NIniB2MCQPDLQ7x6LRSAUNvY1rcngbZtq23LGn2Nfy3aEAkTkEdEb3oddqMk
yWiVjE5pqt5xl9vkhiyROpVP2WdBjn0BuLUNDSWH0NvAQkkHAIWmhcMxhOaruw86NIniB2MCQPDLQ7x6LRSAUNvY1rcngbZtq23LGn2Nfy3aEAkTkEdEb3oddqMk
e4KC11ghZlYZ6Qd2G72yy38qhZAvmlA4RXd3TE3mwZ0XBxgQ38vLk3H8Q7UW+O3S5mOjCy8YPKXUpGFdWg7yrTz8Iu/PDG+jebR/2gqOuwIRLRoAG4tZQWt1H3ejJw==
WX7NSVHWm/GIV6rZyZASv34qhZAvmlA4RXd3TE3mwZ0XBxgQ38vLk3H8Q7UW+O3S5mOjCy8YPKXUpGFdWg7yrTz8Iu/PDG+jebR/2gqOuwIRLRoAG4tZQWt1H3ejJw==
V34db4wPPUK8QJuxJHpaFX0qhZAvmlA4RXd3TE3mwZ0XBxgQ38vLk3H8Q7UW+O3S5mOjCy8YPKXUpGFdWg7yrTz8Iu/PDG+jebR/2gqOuwIRLRoAG4tZQWt1H3ejJw==
1nBqjYo1gIe9QZZ/IL4+HXwqhZAvmlA4RXd3TE3mwZ0XBxgQ38vLk3H8Q7UW+O3S5mOjCy8YPKXUpGFdWg7yrTz8Iu/PDG+jebR/2gqOuwIRLRoAG4tZQWt1H3ejJw==
XqRm5rRgSLYglyfypKdTkHsqhZAvmlA4RXd3TE3mwZ0XBxgQ38vLk3H8Q7UW+O3S5mOjCy8YPKXUpGFdWg7yrTz8Iu/PDG+jebR/2gqOuwIRLRoAG4tZQWt1H3ejJw==
I2ezYkEO29JrI6Z4j1bGiXoqhZAvmlA4RXd3TE3mwZ0XBxgQ38vLk3H8Q7UW+O3S5mOjCy8YPKXUpGFdWg7yrTz8Iu/PDG+jebR/2gqOuwIRLRoAG4tZQWt1H3ejJw==
m7rE7hjAiEPiVeYfnbKuYXkqhZAvmlA4RXd3TE3mwZ0XBxgQ38vLk3H8Q7UW+O3S5mOjCy8YPKXUpGFdWg7yrTz8Iu/PDG+jebR/2gqOuwIRLRoAG4tZQWt1H3ejJw==
tSl0g3KksfzbKlZTuNvGlXgqhZAvmlA4RXd3TE3mwZ0XBxgQ38vLk3H8Q7UW+O3S5mOjCy8YPKXUpGFdWg7yrTz8Iu/PDG+jebR/2gqOuwIRLRoAG4tZQWt1H3ejJw==
OKsWEWW0+jUp0LVc0qMZkncqhZAvmlA4RXd3TE3mwZ0XBxgQ38vLk3H8Q7UW+O3S5mOjCy8YPKXUpGFdWg7yrTz8Iu/PDG+jebR/2gqOuwIRLRoAG4tZQWt1H3ejJw==
VQmAq23lhlGZacNV2CG6yXYqhZAvmlA4RXd3TE3mwZ0XBxgQ38vLk3H8Q7UW+O3S5mOjCy8YPKXUpGFdWg7yrTz8Iu/PDG+jebR/2gqOuwIRLRoAG4tZQWt1H3ejJw==
MGcIPWDaCAmXH682QMJGBX8phZAvmlA4RXd3TE3mwZ0XBxgQ38vLk3H8Q7UW+O3S5mOjCy8YPKXUpGFdWg7yrTz8Iu/PDG+jebR/2gqOuwIRLRoAG4tZQWt1H3ejJw==
c/NY+lEb4f2U9cy8Ky45gX4phZAvmlA4RXd3TE3mwZ0XBxgQ38vLk3H8Q7UW+O3S5mOjCy8YPKXUpGFdWg7yrTz8Iu/PDG+jebR/2gqOuwIRLRoAG4tZQWt1H3ejJw==
K+nS0EAcQGbLsRrwYb+x6n0phZAvmlA4RXd3TE3mwZ0XBxgQ38vLk3H8Q7UW+O3S5mOjCy8YPKXUpGFdWg7yrTz8Iu/PDG+jebR/2gqOuwIRLRoAG4tZQWt1H3ejJw==
UEPJHKsaEBDzT+pRBnalqnwphZAvmlA4RXd3TE3mwZ0XBxgQ38vLk3H8Q7UW+O3S5mOjCy8YPKXUpGFdWg7yrTz8Iu/PDG+jebR/2gqOuwIRLRoAG4tZQWt1H3ejJw==
tqpt+0TjTaRWQccdA8EcdHsphZAvmlA4RXd3TE3mwZ0XBxgQ38vLk3H8Q7UW+O3S5mOjCy8YPKXUpGFdWg7yrTz8Iu/PDG+jebR/2gqOuwIRLRoAG4tZQWt1H3ejJw==
iVh+BO6JI1uQntLAUKP3YlYy5/lbXLkU2rTt7e7p2Ew1Jm+x7KKvZSc5GVqnF3YmMYi+tXdZf9bw75xipR8a8M7XBAoWnf/iQ8lRUlu4KpCnGAk7DhILhVVLY3MbdaMZ
NeV8enskMBpZpeOLsjDC7VUy5/lbXLkU2rTt7e7p2Ew1Jm+x7KKvZSc5GVqnF3YmMYi+tXdZf9bw75xipR8a8M7XBAoWnf/iQ8lRUlu4KpCnGAk7DhILhVVLY3MbdaMZ
O7aDgeLtXa1LBspdiRGJuveXuRYuY46eh3cumci9zS2qBoXnwYJaVUx37Z7OSCUf8rpjSG5o1cTYxwld2FVlMWX60xHxlbSMp2NemwpXlAF4oyo=
tZeZgd6Yqbo0j74w1tSpPdJmFysAiC/JPiMmFu2/E2XVukegyA1aEwuY+d+U1VZ3fSlHQ/9YqwFWzAX29mer/w9sdGEEAAnp2rqaCew4apvv+GenaZCX7ko6U6aBqZL0u/8RhbtRd0OjEw==
hx6LYkzK6iAkD6d/sbrb20cS9a5aaWvZtskjpRboDeKmswN7r6hcdRTUQU1aHtLd/CxCX098z3M5hJ/KCp7bMtF9uvCbO7kRK4U/Z6M3
ifsj7v7hnznGEH/Ot8WkqgqriRdjXMyqqmZXG49aEr+Ru7A+1m+7J0805OlkSPnR2oJqQYyw+sOvIHevSVgnlsrC4+6hoYKseyeBDVuZB3ujKw==
qOKOUgNVvJGPylB5Sqt/VUA488N4E/+0VMFycnkiMoUENyXu5mg97+q6ezh2SP00kAfBDTD13aEdemuBCfUcXO+jFqviN4wxYKMy
Z5ye37ApXC5uBXzfyAoAPw25iBd+WtX9vHtfB49aEr+Ru7A+1m+7J0805OlkSPnR2oJqQYyw+sOvIHevSVgnlsrC4+6hoYKseyeBDVuZB3ujKw==
qOKOUgNVvJGPylB5Sqt/VUA488N4E/+0VMFycnkiMoUENyXu5mg97+q6ezh2SP00kAfBDTD13aEdemuBCfUcXO+jFqviN4wxYKMy
mR2ctOTZX0c1FL1CGbb8MvPI+E9YOp+LxnQyldDzhyTsQYriwYJaVUx37Z7OSCUf8rpjSG5o1cTYxwld2FVlMWX60xHxlbSMp2NemwpXlAF4oyo=
qOKOUgNVvJGPylB5Sqt/VUA488N4E/+0VMFycnkiMoUENyXu5mg97+q6ezh2SP00kAfBDTD13aEdemuBCfUcXO+jFqviN4wxYKMy
rA7Aqb2oSgCu81WGu0j4CUJ26/uFUPZh0BaDSugxtudXGrygh6so+rl8TICnwOLX8znqnSfFP1hJZXMdBmjds+Tf+D+2NWKjMA==
t+xmeaHQDfQEF27PQdZSNYZB/RvOBfQ8uus+NZ6IVf/iunMonigFZEhHeb1oFbVRlfPiMaFVxCwX48772hekIWijOg==
Dvdpt5H8szrzBjs5uEk9bVUm0YdsLwGGHV++oZPHgL1aYFSbsKkQMPsjrHo99LAQC3hGN5fhRi37jfsSjK0v7Wqw+ZMApxQvij1mozQ=
QU+kXdt+Tr2yI3P6WJrTzXcrm5h701smT2xtZnq1krNUFhIG6pnBkz+nUKQfzdbfsXqqETAaWOaPrmFaH1iloX/jJfHQDG+jebR/2g2KuwMRLRoAG4tZQWt1H3ejJw==
d6/9OKJsc96JibEldWq54Xcrm5h701smT2xtZnq1k7NUFhIG6pnBkz+nUKQfzdbfsXqqETAaWOaPrmFaG1Gypn/jJfHQDG+jebR/2gOKuwMRLRoAG4tZQWt1H3ejJw==
RIzsScfk2+EgpgGh/0sJan0pOx2/MjCr8A8JxXdfGtCPN4Sq1v3/wgMp0fKb2Cu35/mJm85yC6UVq+PT2xWjOQ==
NuOUC9AGL8Y+8rfRqNwHomsWx7IXWwJ7z4XtWadIz262IBCayMtZGR+rmlwXkzQWHqkfrvstwe6z7Gp9vx35Z0bmqwmt7zOPM2GjNQ==
OdJqmP3ryO0Q5uEl8wEXc0UcqfAZJ2HerNdm8B+tTaiovAt6o+McdQHTU21aHtPd/CxCX098z3M5hJ/KCJvbMNF9uvCbO7kRK4U/Z6M3
efexWzR0SctcvbGvIdue14CZgOvRLSC1qsAi4jT4+tycGCBEkUgICgdj09/ZnJ+ocCpLKObWHS+6k2nEB/nX6/waHDUg+ej62b3sAAcAgtcTeYodh4UfWCwlkZ2mqP2zxB+Yv1Z1QqMQ
zRbvZ40KYxj6eYfVyRfbrRkvYiWJiybF2xnIoIhLrRmNRibsuszrzIqKheepV0NoLTgCntHAXLJ/j1h306xdTSU7Tm5G/do9qrqbeRbIXXSwB+FN0HW9Yf14TkGrdbycj6P264K3LHFAoxI=
I8VHjgCDSaPYmfysGNrcBwlyvvlOS7kS3KWF/fXkzlgvAD/06qCgYTAoBBPoWn9jccKwun9Yc52w74lltz8a8M/XBAoWnf/iQ8lRUlu4KJWnGgk7DhILhVVLY3MbdaMZ
bUzdNAALqAnjgY2FicYiHffJ6BkZLY6OxnQxndKn12LhD8Cni4xVXU17pt7OXSIN0rpjSW5o1cTYxwld2FVlMWX41hHzlbSMp2NemwpXlAF4oyo=
1/knFggsQhfHdCYjook25eY7MTB8jUyOz76Dz71PKCPB8qrjN8RWnmk2y4Khd3sQGc2d5eTrkN28mRRqQfxbmdZVdRVfiX4BEUc8SeToOfHaoqvhDBA6469At0/JOOd2yKejDCHBwkx7B8Gt2zlHW6ML
hJQxUBRwaxJTEQ13mb6e1uvQpBy5mTIio9m1D2IXHsqwuGoiJQN/3SKGDFfia+Qg0unGVhYoDQ/6umtZRoiNlCCHUa1gNY2B7XheYVs1zDx/I2ZLUnd8EXCjIg==
tr47EX3QYhW/hfydnh5a6ejsrtbaU6HlyOMiGLVXA1AZzL2Vs3NkIzDruLqf2juJ1kWVJR/Z3vGR91wZJBgZ4dqyixHMQFpTL7AXH4kIB2bIt8M84RFiPPu3IX2bSWdLoxs=
Raubu9scpHWLokjkxDSOBp1P2WdBjn0BuLUNDSWH0NvAQkkHAIWmhcMxhOaqu0QzMoykWTAaQPDLQ7x6LRWAUNvY1rcngbZtq23LGHiNfS3aEAkTkEdEb3oddqMk
QxxTxl2hlANtiJvql3Qu/VUy5/lbXLkU2rTt7fTq/ws5Ai6y/aa9eSttVBrhXXInMcO3s3IfIYXo75xipR8a8M/XBAoWnf/iQ8lRUlu4KJWnGgk7DhILhVVLY3MbdaMZ
Bfwd3lab+bIQlQEkU5alDlQy5/lbXLkU2rTt7fTq/ws5Ai6y/aa9eSttVBrhXXInMcO3s3IfIYXo75xipR8a8M/XBAoWnf/iQ8lRUlu4KJWnGgk7DhILhVVLY3MbdaMZ
YwtkoGD9sd8CVhvrWEtekFMy5/lbXLkU2rTt7fTq/ws5Ai6y/aa9eSttVBrhXXInMcO3s3IfIYXo75xipR8a8M/XBAoWnf/iQ8lRUlu4KJWnGgk7DhILhVVLY3MbdaMZ
JFI7AqOX4a+Kh3KCsHjbV1Iy5/lbXLkU2rTt7fTq/ws5Ai6y/aa9eSttVBrhXXInMcO3s3IfIYXo75xipR8a8M/XBAoWnf/iQ8lRUlu4KJWnGgk7DhILhVVLY3MbdaMZ
PPu+HPaDx4B1E1jyfUvUg1Ey5/lbXLkU2rTt7fTq/ws5Ai6y/aa9eSttVBrhXXInMcO3s3IfIYXo75xipR8a8M/XBAoWnf/iQ8lRUlu4KJWnGgk7DhILhVVLY3MbdaMZ
awL9lKF8FsGhbqBQevGDFVAy5/lbXLkU2rTt7fTq/ws5Ai6y/aa9eSttVBrhXXInMcO3s3IfIYXo75xipR8a8M/XBAoWnf/iQ8lRUlu4KJWnGgk7DhILhVVLY3MbdaMZ
eyuo3lMgf/dmKw9RNfEM5V8y5/lbXLkU2rTt7fTq/ws5Ai6y/aa9eSttVBrhXXInMcO3s3IfIYXo75xipR8a8M/XBAoWnf/iQ8lRUlu4KJWnGgk7DhILhVVLY3MbdaMZ
hiitutgEht4+wD+DozIP/F4y5/lbXLkU2rTt7fTq/ws5Ai6y/aa9eSttVBrhXXInMcO3s3IfIYXo75xipR8a8M/XBAoWnf/iQ8lRUlu4KJWnGgk7DhILhVVLY3MbdaMZ
BsuJj+BSUobg4ZAWzF6atGbkwVOM7asBbWBPUZBKFT9Ke8Hq97thdTBhpphXr5KidmMQY+YkyPncsjRAP/vA+tGt9OAvcLoXyynivX81l9ik1Sn9Dngl87wvcJ9OZUqjGA==
2/1hKLnZp7UHuuG0AtQy9GfkwVOM7asBbWBPUZBKFT9Ke8Hq97thdTBhpphXr5KidmMQY+YkyPncsjRAP/vA+tGt9OAvcLoXyynivX81l9ik1Sn9Dngl87wvcJ9OZUqjGA==
7gtrvmg1tnaTZZyocpc4QmTkwVOM7asBbWBPUZBKFT9Ke8Hq97thdTBhpphXr5KidmMQY+YkyPncsjRAP/vA+tGt9OAvcLoXyynivX81l9ik1Sn9Dngl87wvcJ9OZUqjGA==
RV9ZrzJjDgLqYscXV3zIZWXkwVOM7asBbWBPUZBKFT9Ke8Hq97thdTBhpphXr5KidmMQY+YkyPncsjRAP/vA+tGt9OAvcLoXyynivX81l9ik1Sn9Dngl87wvcJ9OZUqjGA==
dfAeLXGOYavhJBHWcrLklWLkwVOM7asBbWBPUZBKFT9Ke8Hq97thdTBhpphXr5KidmMQY+YkyPncsjRAP/vA+tGt9OAvcLoXyynivX81l9ik1Sn9Dngl87wvcJ9OZUqjGA==
cpeDTCDkYjneSecRA99C7WPkwVOM7asBbWBPUZBKFT9Ke8Hq97thdTBhpphXr5KidmMQY+YkyPncsjRAP/vA+tGt9OAvcLoXyynivX81l9ik1Sn9Dngl87wvcJ9OZUqjGA==
ktPWNteCweOdfWYmelUV4WDkwVOM7asBbWBPUZBKFT9Ke8Hq97thdTBhpphXr5KidmMQY+YkyPncsjRAP/vA+tGt9OAvcLoXyynivX81l9ik1Sn9Dngl87wvcJ9OZUqjGA==
GmeVVU5zD3NnN8ibMMqqmGHkwVOM7asBbWBPUZBKFT9Ke8Hq97thdTBhpphXr5KidmMQY+YkyPncsjRAP/vA+tGt9OAvcLoXyynivX81l9ik1Sn9Dngl87wvcJ9OZUqjGA==
C2qRUbjDOUFzJmUL9t0ASW7kwVOM7asBbWBPUZBKFT9Ke8Hq97thdTBhpphXr5KidmMQY+YkyPncsjRAP/vA+tGt9OAvcLoXyynivX81l9ik1Sn9Dngl87wvcJ9OZUqjGA==
FX/VsNhtA3UTkSxWCat0n2/kwVOM7asBbWBPUZBKFT9Ke8Hq97thdTBhpphXr5KidmMQY+YkyPncsjRAP/vA+tGt9OAvcLoXyynivX81l9ik1Sn9Dngl87wvcJ9OZUqjGA==
yT2SJOR86cr3v612ZDh6gmbnwVOM7asBbWBPUZBKFT9Ke8Hq97thdTBhpphXr5KidmMQY+YkyPncsjRAP/vA+tGt9OAvcLoXyynivX81l9ik1Sn9Dngl87wvcJ9OZUqjGA==
PCOJF7HzaVQ79ycnLB3NimfnwVOM7asBbWBPUZBKFT9Ke8Hq97thdTBhpphXr5KidmMQY+YkyPncsjRAP/vA+tGt9OAvcLoXyynivX81l9ik1Sn9Dngl87wvcJ9OZUqjGA==
ziYE+AU1F81Kw+neAvHnCWTnwVOM7asBbWBPUZBKFT9Ke8Hq97thdTBhpphXr5KidmMQY+YkyPncsjRAP/vA+tGt9OAvcLoXyynivX81l9ik1Sn9Dngl87wvcJ9OZUqjGA==
xRCrtZblaR77oqjmgii5X2XnwVOM7asBbWBPUZBKFT9Ke8Hq97thdTBhpphXr5KidmMQY+YkyPncsjRAP/vA+tGt9OAvcLoXyynivX81l9ik1Sn9Dngl87wvcJ9OZUqjGA==
W5aZgLLI8eZe4a1IatsY1GLnwVOM7asBbWBPUZBKFT9Ke8Hq97thdTBhpphXr5KidmMQY+YkyPncsjRAP/vA+tGt9OAvcLoXyynivX81l9ik1Sn9Dngl87wvcJ9OZUqjGA==
na1+E12LlGe9JMHGV3l37BbTBAVhpeB5P5ff6Nj+D9qfvsj/S2J9L/PlovXMML0L8AKUx3rLDPCaqQ5mfgj1P4K6k2k+qGWkaEeZ/QiVFRF1+Mbxw9VkbDfjrjt6l0RhSKMa
HlTpEvzShsVRD5eqAaMdABXTBAVhpeB5P5ff6Nj+D9qfvsj/S2J9L/PlovXMML0L8AKUx3rLDPCaqQ5mfgj1P4K6k2k+qGWkaEeZ/QiVFRF1+Mbxw9VkbDfjrjt6l0RhSKMa
C8gqr3tT1xMPDeV7Zv+TvTFpcm1vvdWgdnw53I2fN39cJJV3knF9AQ/d1oWxAxRd9LxxVVoG47UcBBKnD8QfG5ks71KIAyuYcZXqSFtDaTlLbQ9/oy8=
WlV7AkS9lHPG4mxmnj/gz+Vamc91CioDny48KShNOsJSMUi97HZOCjIYSVkVdSPJseW5wZLpIgizF97iups0c+IsNNmA+vCwm2NMel01UJBruGY3tyHmrVtN2xhobU1tivCZk+DntK8qfUajFA==
MYS3FV7BkyUtjRSCbLzAsGrenKQCSfHvhwR2WCePgqJmgyAjNoS4eUzShIBv2zD6oY0koJ+QKpc7ibJ9T1WH2LT12b1emJVzLI8AX54FeqMo
bWQa5eHQ8ztstZzTmX88ZIvjcVk6hJGsLgIR0eqzIy6syENiIkvsU+o83JnoSngQ41O0eiUFqDDjCI733zHujQMdQ5jwPZWNguCxU0iXPE+SDX6jLA==
fQdVOA/94Vx2Tyey0AD5MBlb/K5VaS2eustq6hLpDamvtQY98ftEdRTUQU1aHtPd/CxCX098z3M5hJ/KCJvbMNF9uvCbO7kRK4U/Z6M3
seZqPN1HVWJxQjYoY39M5YzxcFkngoj7OB8ZzeqzIy6syENiIkvsU+o83JnoSngQ41O0eiUFqDDjCI733zHujQMdQ5jwPZWNguCxU0iXPE+SDX6jLA==
fQdVOA/94Vx2Tyey0AD5MBlb/K5VaS2eustq6hLpDamvtQY98ftEdRTUQU1aHtPd/CxCX098z3M5hJ/KCJvbMNF9uvCbO7kRK4U/Z6M3
dYGEtzQLIN660XE0cSHQnTU2MzQZ5MS1N38l0JXRfXYaY5pyknF9AQ/d1oWxAxRd9LxxVVoG47UcBBKnD8QfG5ks71KIAyuYcZXqSFtDaTlLbQ9/oy8=
fQdVOA/94Vx2Tyey0AD5MBlb/K5VaS2eustq6hLpDamvtQY98ftEdRTUQU1aHtPd/CxCX098z3M5hJ/KCJvbMNF9uvCbO7kRK4U/Z6M3
i4E+oVBxYZoMiTbMedc8tmMZzPtZAAJhhoyyS6lHx2+6awGJkMtMHg2LmlwXkzQWHqkfrvstwe6z7G95vx75Z0bmqwmt7zOPM2GjNQ==
+EK5z+EMVDPGqifpcciAVGwsIRnxdCGlqA8cwmV/GtCPN4Sq1v3/wgMp0fKb2C+25/qJm85yC6UVq+PT2xWjOQ==
DYKLp+4eGA5w44tEudeXcJqu3oKfs13HkRccuaR42cHakktxTOAasy+Q138JqEeGytUDnGHxIhz71+HdG6kna6M7
wMBVLTCbR+m4ZNVKd2nqLncrm5h701smT2xtZnq1k7NUFhIG6pnBkz+nUKQfzdbfsXqqETAaWOaPrmFaH1iloX/jJfHQDG+jebR/2gKOuwARLRoAG4tZQWt1H3ejJw==
M6Ijc8Q5+zKx3Wc8lGbQtHcrm5h701smT2xtZnq1lbNUFhIG6pnBkz+nUKQfzdbfsXqqETAaWOaPrmFaG1Gypn/jJfHQDG+jebR/2gmPuwARLRoAG4tZQWt1H3ejJw==
nx8Yu/WZc3Ex1hVuZ88Q130pOx2/MjCr8A8JxXdfGtCJN4Sq1v3/wgMp0fKb2Ci05/uJm85yC6UVq+PT2xWjOQ==
PA++2Y+ZU3yD4mPx1J1oyG0H8g8Xya2d77Sfug6M8P4gV+mthyca2JkvpILmxb8KU/GxGusgrTx3YykzfsrL7cXzA7srbaMx
MtlmTRMnKZm3EfEV9OOHmVUt2Y9rLRDODhGyvYjVm/tDYF/Is+IQJfwxjHo987AQC3hGN5fhRi37jfscia0s7Wqw+ZMApxQvij1mozQ=
MwONj5bNxe6nwFzzSt5hrEUcqfAZJ2HerNdm8B+tTaiovAt6o+McdQHTU21aHtXd/CxCX098z3M5hJ/KD5jbMdF9uvCbO7kRK4U/Z6M3
1anmqowIAfYnYLKsxZEXLICZgOvRLSC1qsAi4jT4+tycGCBEkUgICgdj09/ZnJ+ocCpLKObWHS+6k2nEB/nX6/waHDUg+ej62bvsAAcAgtcTeYodh4UfXy8lkJ2mqP2zxB+Yv1Z1QqMQ
ifUDQwnKZqBHL3vZlhoMQhkvYiWJiybF2xnIoIhLrRmNRibsuszrzIqKheepV0NoLTgCntHAXLJ/j1h306xdTSU7Tm5G/do9qrqbfxbIXXSwB+FN0HW9Yf1/TUGqdbycj6P264K3LHFAoxI=
JC8rQrVhbUQHXiPT0teKxglyvvlOS7kS3KWF/fXkzlgvAD/06qCgYTAoBBPoWn9jccKwun9Yc52w74lltz8a8MnXBAoWnf/iQ8lRUlu4L5anGwk7DhILhVVLY3MbdaMZ
2SSPMwUE+ZrRBgMGnftCAPTJ6BkZLY6OxnQxndKn12LhD8Cni4xVXU17pt7OXSIN0rpjT25o1cTYxwld2FVlMWX/1RHylbSMp2NemwpXlAF4oyo=
EA/5WFxWXZRT3Kba61fhmuY7MTB8jUyOz76Dz71PKCPB8qrjN8RWnmk2y4Khd3sQGc2d5eTrkN28mRRqQfxbmdZVdRVfiX4BEkc8SeToOfHaoq3hDBA6469At0/JOOd2z6SjDSHBwkx7B8Gt2zlHW6ML
I/0r3pSDXdfD7VUrCOSKZ+vQpBy5mTIio9m1D2IXHsqwuGoiJQN/3SKGDFfia+Qg0urGVhYoDQ/6umtfRoiNlCCHUa1gNY2B7X9dYVo1zDx/I2ZLUnd8EXCjIg==
F+Cw3TkizL7pyYi07toH++jsrtbaU6HlyOMiGLVXA1AZzL2Vs3NkIzDruLqf2juJ1kWVJR/Z3vGS91wZJBgZ4dqyjRHMQFpTL7AXH4kIB2bPtMM94RFiPPu3IX2bSWdLoxs=
bJK89RPey2HiIwhGZU1CoJ1P2WdBjn0BuLUNDSWH0NvAQkkHAIWmhcMxhOaqu0QzMoykWjAaQPDLQ7x6LROAUNvY1rcngbZtq23LH3uNfC3aEAkTkEdEb3oddqMk
0eiYtgQHVy6zbRzDUNOE/1Uy5/lbXLkU2rTt7fTq/ws5Ai6y/aa9eSttVBrhXXInMcO3s3IfIoXo75xipR8a8MnXBAoWnf/iQ8lRUlu4L5anGwk7DhILhVVLY3MbdaMZ
YBYsxdEQ+j2qUOybTbg25lQy5/lbXLkU2rTt7fTq/ws5Ai6y/aa9eSttVBrhXXInMcO3s3IfIoXo75xipR8a8MnXBAoWnf/iQ8lRUlu4L5anGwk7DhILhVVLY3MbdaMZ
e+gAm7QcpPMzPYvNtCNDrVMy5/lbXLkU2rTt7fTq/ws5Ai6y/aa9eSttVBrhXXInMcO3s3IfIoXo75xipR8a8MnXBAoWnf/iQ8lRUlu4L5anGwk7DhILhVVLY3MbdaMZ
C3ne3H1vSWuyfitzIapCUVIy5/lbXLkU2rTt7fTq/ws5Ai6y/aa9eSttVBrhXXInMcO3s3IfIoXo75xipR8a8MnXBAoWnf/iQ8lRUlu4L5anGwk7DhILhVVLY3MbdaMZ
yGXIyvFD3/tgZD8FCRdpHVEy5/lbXLkU2rTt7fTq/ws5Ai6y/aa9eSttVBrhXXInMcO3s3IfIoXo75xipR8a8MnXBAoWnf/iQ8lRUlu4L5anGwk7DhILhVVLY3MbdaMZ
7FzK5z/PX1eywbYaw30buFAy5/lbXLkU2rTt7fTq/ws5Ai6y/aa9eSttVBrhXXInMcO3s3IfIoXo75xipR8a8MnXBAoWnf/iQ8lRUlu4L5anGwk7DhILhVVLY3MbdaMZ
WMhQ42GMIUlVRccWKG19ul8y5/lbXLkU2rTt7fTq/ws5Ai6y/aa9eSttVBrhXXInMcO3s3IfIoXo75xipR8a8MnXBAoWnf/iQ8lRUlu4L5anGwk7DhILhVVLY3MbdaMZ
3Au/PSa+Q+1a/fpAJA5kQ14y5/lbXLkU2rTt7fTq/ws5Ai6y/aa9eSttVBrhXXInMcO3s3IfIoXo75xipR8a8MnXBAoWnf/iQ8lRUlu4L5anGwk7DhILhVVLY3MbdaMZ
P05uj58YVK/8x7pGzlwj8GbkwVOM7asBbWBPUZBKFT9Ke8Hq97thdTBhpphXr5KidmMQY+YkyPrcsjRAP/vA+tGr9OAvcLoXyynivX81l9+n1Sj9Dngl87wvcJ9OZUqjGA==
H5aaK7nyDrk4vtF4L3uMY2fkwVOM7asBbWBPUZBKFT9Ke8Hq97thdTBhpphXr5KidmMQY+YkyPrcsjRAP/vA+tGr9OAvcLoXyynivX81l9+n1Sj9Dngl87wvcJ9OZUqjGA==
YTywhh5o8iZnuo05z6HKWGTkwVOM7asBbWBPUZBKFT9Ke8Hq97thdTBhpphXr5KidmMQY+YkyPrcsjRAP/vA+tGr9OAvcLoXyynivX81l9+n1Sj9Dngl87wvcJ9OZUqjGA==
xn9fvpA1qBQBpIIs/ZKj1GXkwVOM7asBbWBPUZBKFT9Ke8Hq97thdTBhpphXr5KidmMQY+YkyPrcsjRAP/vA+tGr9OAvcLoXyynivX81l9+n1Sj9Dngl87wvcJ9OZUqjGA==
MrdTmOXwiWyeeWXOxNWlRWLkwVOM7asBbWBPUZBKFT9Ke8Hq97thdTBhpphXr5KidmMQY+YkyPrcsjRAP/vA+tGr9OAvcLoXyynivX81l9+n1Sj9Dngl87wvcJ9OZUqjGA==
3IAfVAPeCJW//VTc8fx2DmPkwVOM7asBbWBPUZBKFT9Ke8Hq97thdTBhpphXr5KidmMQY+YkyPrcsjRAP/vA+tGr9OAvcLoXyynivX81l9+n1Sj9Dngl87wvcJ9OZUqjGA==
1jTc/QM9Q+fesAXQQ/D8lmDkwVOM7asBbWBPUZBKFT9Ke8Hq97thdTBhpphXr5KidmMQY+YkyPrcsjRAP/vA+tGr9OAvcLoXyynivX81l9+n1Sj9Dngl87wvcJ9OZUqjGA==
x9x87rbYgl443sHIhW9n82HkwVOM7asBbWBPUZBKFT9Ke8Hq97thdTBhpphXr5KidmMQY+YkyPrcsjRAP/vA+tGr9OAvcLoXyynivX81l9+n1Sj9Dngl87wvcJ9OZUqjGA==
jre92AKlhambZH2Xe/GzQW7kwVOM7asBbWBPUZBKFT9Ke8Hq97thdTBhpphXr5KidmMQY+YkyPrcsjRAP/vA+tGr9OAvcLoXyynivX81l9+n1Sj9Dngl87wvcJ9OZUqjGA==
+R19kLla0qoX2BYhvaQXQG/kwVOM7asBbWBPUZBKFT9Ke8Hq97thdTBhpphXr5KidmMQY+YkyPrcsjRAP/vA+tGr9OAvcLoXyynivX81l9+n1Sj9Dngl87wvcJ9OZUqjGA==
K3PdyFO0fC+PIJ5DADSHlmbnwVOM7asBbWBPUZBKFT9Ke8Hq97thdTBhpphXr5KidmMQY+YkyPrcsjRAP/vA+tGr9OAvcLoXyynivX81l9+n1Sj9Dngl87wvcJ9OZUqjGA==
Lzn3q9tGFZ3kUmiMou2+cmfnwVOM7asBbWBPUZBKFT9Ke8Hq97thdTBhpphXr5KidmMQY+YkyPrcsjRAP/vA+tGr9OAvcLoXyynivX81l9+n1Sj9Dngl87wvcJ9OZUqjGA==
GNPy1EKZhWKZTpEFjaHyImTnwVOM7asBbWBPUZBKFT9Ke8Hq97thdTBhpphXr5KidmMQY+YkyPrcsjRAP/vA+tGr9OAvcLoXyynivX81l9+n1Sj9Dngl87wvcJ9OZUqjGA==
CnXEKEwW8WUCoHfXHQEqnWXnwVOM7asBbWBPUZBKFT9Ke8Hq97thdTBhpphXr5KidmMQY+YkyPrcsjRAP/vA+tGr9OAvcLoXyynivX81l9+n1Sj9Dngl87wvcJ9OZUqjGA==
M3SBjXkF3GFzREJma38GYWLnwVOM7asBbWBPUZBKFT9Ke8Hq97thdTBhpphXr5KidmMQY+YkyPrcsjRAP/vA+tGr9OAvcLoXyynivX81l9+n1Sj9Dngl87wvcJ9OZUqjGA==
Wwl0+OjwSfnrBxwDqRvp+BbTBAVhpeB5P5ff6Nj+D9qfvsj/S2J9L/PlovXMML0L8AKUx3rLDPCaqg5mfgj1P4K6k28+qGWkaEeZ/QiVFRF1/8XxwtVkbDfjrjt6l0RhSKMa
Jn6TLzgiF77IwUQfJP8GwxXTBAVhpeB5P5ff6Nj+D9qfvsj/S2J9L/PlovXMML0L8AKUx3rLDPCaqg5mfgj1P4K6k28+qGWkaEeZ/QiVFRF1/8XxwtVkbDfjrjt6l0RhSKMa
4ptI6RrLocKQcSgz3VGnIzFpcm1vvdWgdnw53I2fN39cJJV3knF9AQ/d1oWyAxRd9LxxVVoG5bUcBBKnD8QfG5ks71KPACuZcZXqSFtDaTlLbQ9/oy8=
5NBOvpZSnG5tbmzC01CTleLtp8vM2q/NTHCZ3o2Znh+Hl0UlPDVW99aOmVQ3YA1MI/aJy9PpxIZJqbJraedHj3oLAmnQq8y+TauafFEztHZeSR/OO81BTnPMb1p/v3mHhoar6e2Psy9zQaMV
MMiLXNKsGm2H8gtnRJihHWrenKQCSfHvhwR2WCePgqJmgyAjNoS4ekzShIBv2zD6oYskoJ+QKpc7ibJ9T1WH37f12L1emJVzLI8AX54FeqMo
4kFH4/v6nHyfv10bz3vxMovjcVk6hJGsLgIR0eqzIy6syENiIkvsU+o83JroSngQ41O0eiUDqDDjCI733zHujQMdQ5/zPZSNguCxU0iXPE+SDX6jLA==
d+a/eaZK+Q8SjIAd4VXKchlb/K5VaS2eustq6hLpDamvtQY98vtEdRTUQU1aHtXd/CxCX098z3M5hJ/KD5jbMdF9uvCbO7kRK4U/Z6M3
10X9YDrNby3jP7TWY2u0r4zxcFkngoj7OB8ZzeqzIy6syENiIkvsU+o83JroSngQ41O0eiUDqDDjCI733zHujQMdQ5/zPZSNguCxU0iXPE+SDX6jLA==
d+a/eaZK+Q8SjIAd4VXKchlb/K5VaS2eustq6hLpDamvtQY98vtEdRTUQU1aHtXd/CxCX098z3M5hJ/KD5jbMdF9uvCbO7kRK4U/Z6M3
tLA9zAlDJl9kpWtfLthH/zU2MzQZ5MS1N38l0JXRfXYaY5pyknF9AQ/d1oWyAxRd9LxxVVoG5bUcBBKnD8QfG5ks71KPACuZcZXqSFtDaTlLbQ9/oy8=
d+a/eaZK+Q8SjIAd4VXKchlb/K5VaS2eustq6hLpDamvtQY98vtEdRTUQU1aHtXd/CxCX098z3M5hJ/KD5jbMdF9uvCbO7kRK4U/Z6M3
2X1Ucb9lGioAYybAwE0rxmMZzPtZAAJhhoyyS6lHx2+6awKJkMtMHg2LmlwRkzQWHqkfrvstwe6z7G56vx/5Z0bmqwmt7zOPM2GjNQ==
Uv77r2gOEUOqX/2RjPxxfWwsIRnxdCKlqA8cwmV/GtCJN4Sq1v3/wgMp0fKb2CO25/uJm85yC6UVq+PT2xWjOQ==
nMRkn7VXA6eNvioFG78lb5qu3oKfs13HkhccuaR42cHakk1xTOAasy+Q138JqEeGyNUDnWHxIhz71+HdG6kna6M7
tvmmgmU262ZxUgSaf+rFqOVEncJnCC4ZnXRscmgIYoc5dArykmBKTGNVEQ41JinP9bGshIzyZ0PuNMO8vLRyLf0gaJjRhrPrkWNLOwJ0W9N0v3gotyHmrVtN2x5tbUxtivCZk+DntK8qfUajFA==
ATYrAnwVp2to9yuzI3AhiL8sbI5KS53MzXCB1P2Rn+JQ5Bj+w5qbVPRjWbDoGeCXOH4UWU8Zbi9Y3+LEwqTvvwuDbijMJcqPDfygwY/pm8uJk1M7GgRD81xPsOj/cY4N490jnNT9NA0iIFFTKNfczzJNXqMM
IxwAe1IzGVQTeskx+m6e878sbI5KS53MzXCB1P2Rn+JQ5Bj+w5qbVPRlWbDoGeCXOH4UWUwZbi9Y3+LEwqTvvwuDbijMJcqODfygwY/pm8uJk1M7GgRD81xPsOj/cY4N490jntH9Mw0iIFFTKNfczzJNXqMM
WfT3fXx1Q7/1zvvCi+JCA0Iw+sV5QbnpEcppazMsPY0FO2bl5mg97+q6ezh2SP00kAfBDTD13aEdem2BCPAcVe6jFqviN4wxYKMy
Ou82CAIMVgV8XrJ8hr9FOw3f7shZcyzEw3tFptNKNlAbXH7F18n/ZhC/3JKFDxrArgfEerYNf1KjmRGie6gipsfJzEung4s1tRsjgztloyk=
bY8VPl9U7f3fE/Lh6FYVTwLEkLF+BBin6Gz+dVZGOT+1Uu49oNdBdlr4sWduOv+w+thBrHRnZbVsBZFp2TyoycTAQK2KgzKzHieAOWSjNg==
3c1VDEihmQA8sfGKqNekMVPakbt/A1Cjp2vjdVZGOT+1Uu49oNdBdlr4sWduOv+w+thBrHRnZbVsBZFp2T6vycTAQK2KgzKzHieAOWSjNg==
iwrNJbjSvS5L0LGkrXUEiB5c9bRLaXnYt9YjpRboDeKmswN7r6hcdRTUQU1aHtLd/CxCX098z3M5hJ/KDZ7bM9R9s/GbO7kRK4U/Z6M3
X1HMaysFQfZoAwCCmwEWaUovzZMiNw3DCRH05pvb3/pEaVKH86IQMPsjrHo99LAQC3hGN5fhRi37jfsZjK0u6Gq5+JMApxQvij1mozQ=
VOPzdXn2LWUSCOm8l8G4cSYc7x4Xj/aO4fCevQeBv75gV/yqlQca2J4vpILmxb8KU/GxGusgojl3YSwzd8vL7cXzA7srbaMx
ZFZJBdqDJKoSv8nJ+RMCKOYoJypVIXMaPJkKR8vyyFATM6R6NeTY8FOofndPkb5NUz1znAFdRUjSCSDT+PfMD6ItbqM8
BNCsKzjEv8SCD8fS8g7LaIZB/RvOBfQ8uus+NZ6IVf/iunMonigFZEhHeb1oFbVRlf/mMaNQxCUW48772hekIWijOg==
Pk7V+50YCfzk8M9XhgDg5FUm0YdsLwGGHV++oZPHgL1aYFSbsKkQMPsjrHo99LAQC3hGN5fhRi37jfseiK0t6Gq5+JMApxQvij1mozQ=
cW3lhUCZtOlfpovkVz7CSJqu3oKfs13HkRccuaR42cHakktxTOAasy+Q138JqEeGyNMDl2bxKx371+HdG6kna6M7
2Cnxw4mC8Ai/fcnemLC39RtT9ahUO2vD/8Bx81jnAqGuuUU28ftEdRTUQU1aHtPd/CxCX098z3M5hJ/KDprbNtd9s/GbO7kRK4U/Z6M3
wmIXUWbyq6x913vSLZx0B/eXuRYOY46eh3cumci9zS2qBoTniotcUAopvobOSCUf8rpjSW5o1cTYxwld2FVlMWX/0hH1k7SFpmNemwpXlAF4oyo=
Q84iO+Jt8mY1a0rUZ7noeFfu11NzW8uu+XpYS4xQXbPStbV132m+YRFn/OlkSPnR2oJrQYyw+sOvIHevSVgnls7F4+unoYuteyeBDVuZB3ujKw==
jLUCJn9PZySVOU52pNu9l30Dg+MsuC0rUi1FHX/B7plRXyyBhGDJydqaW2ls2Cr779gnB+kw1w5CXZMDBwlb1bsf0eU7sTdjozM=
jkneZQMkcIKg57qpYGlLXmwsIRnxdCGlqA8cwmV/GtCPN4Sq1v3/wgMp0fKb2Cmw5/2Pm8dzC6UVq+PT2xWjOQ==
6giFj6WlVs5nznuCYXWQtpqu3oKfs13HkRccuaR42cHakktxTOAasy+Q138JqEeGwtMDm2fxKx371+HdG6kna6M7
xmZgT45NTVRyRSNJOoy/qhtT9ahUO2vD/8Bx81jnAqGuuUU28ftEdRTUQU1aHtPd/CxCX098z3M5hJ/KDprbNNd9s/GbO7kRK4U/Z6M3
6a9B3e59EVpx0VybV86UtfeXuRYOY46eh3cumci9zS2qBoTniotcUAopvobOSCUf8rpjSW5o1cTYxwld2FVlMWX61hH3k7SFpmNemwpXlAF4oyo=
airamHkzGM70A7WbSGB/wlfu11NzW8uu+XpYS4xQXbPStbV132m+YRFn/OlkSPnR2oJrQYyw+sOvIHevSVgnls3H4+inoYuteyeBDVuZB3ujKw==
GbKMDNlvD+YXxkQd6ym3mX0Dg+MsuC0rUi1FHX/B7plRXyyBhGDJydqaW2ls2Cr779gnB+kw1w5LXJMABwlb1bsf0eU7sTdjozM=
037uY6qbPbFcja/9Ytr1NWwsIRnxdCGlqA8cwmV/GtCPN4Sq1v3/wgMp0fKb2Ci25/6Pm8dzC6UVq+PT2xWjOQ==
KzAMhFL6AbQXahC/45j/SJqu3oKfs13HkhccuaR42cHakk1xTOAasy+Q138JqEeGz9cDnmDxKx371+HdG6kna6M7
OYSk3B4vv2XeJswjtdT9kg6seOJKJyP6/HJUwJ+7IPqxa1RgzzCaF6vpQj2fdbfbxxWLfO4xBPPc79AfriVqozg=
ntmsoxmq3mFau0TLMet5njgexKkfXUdqnZX4RaZPxmP5YAKJkMtMHg2LmlwRkzQWHqkfrvstwe6z7Gh6vxz4Z0/nqwmt7zOPM2GjNQ==
gAyP8C6k96g8RuqFsdEfMkzfnrtjHAKxvCP1JwAINjD2WuR77YoSblr4sWduOv+3+thBrHRnZbVsBZFp2T+pycXEQK2KgzKzHieAOWSjNg==
zltsIjC2DafNe+Ho/DqZt4afmvCDLT78scs15iT48sCCXSVdklxcHA9v1IaXkJ2saTwOK6+ZUCb+02jDDvSQuuRCHCAn68j62bvsAAcAgtcTeYodh4UfXCklk5ymofyzxB+Yv1Z1QqMQ
RxC+CNV3OJXRdS9x9ZKugxclcmbMjSLa3RnProIIrxiAUDCpv9Xo2N6cjeuuDg1kLzwbiJTDFf0yhhw30qtUQGJqVjZG6N0virqbfxbIXXSwB+FN0HW9Yf18TkGodLyVjqP264K3LHFAoxI=
TDJHnT0nKooTloBIZeNNDP7QoEz8iDc/q5e1DTAaVsb+vnA8PQFv3SKGDFfia+Qg0urGVhYoDQ/6umtfRoiNlCCHUa1gNY2B7XhcYVg0zDV+I2ZLUnd8EXCjIg==
6MWc8/Uf0w+3YjhLKAVhzHwpm4AvmkwpRWwjZVzgzbpEQh4c2NfcgmzgQ7UW+e2Z72WmTXJLJKXUpGFdWg71rTz8Iu/PDG+jebR/2g+KuwAQLRMBG4tZQWt1H3ejJw==
SuFX3E02O2+op270rxpY3m/P0vtBEOD3zg04EmLJyKZmgyAjNoS4ekzShIBv2zD6oYskoJ+QKpc7ibJ9T1WH3bH12bxekZRzLI8AX54FeqMo
LrWNHhFlwmP9XdPJ6OwdLX4lmE3eocj75q/NZUslzJaGlV1rObDCEaacsluJNwff2vuCGXB7DO4tm5pMMWN0pv45nz6bnQGek/xvaJ9vONcvdyuZTV9zfxNxoyU=
fKCn0kfy4OsxQa4D2Q+W9PPm2nBYnfH5UEAFo+nYYvk2FDLTGd+ntwozwtGgEywGPZOaRCGLVM4u8d/2S/WhdgN04+APh5i//79rUZ03U5cDeaMt
6Xk6Zfk1G1RLS8CMStd1pXL4jRuluj4cJM7imDo5PCi2m9d++DAPIu7zuINeVAA6lOLsYFfLOPqpmxzAd6ByV4PZWt3XpQ9cPEVAXPbBbDN0fyh/ZhVyoyA=
s8q1KMS8z5Ni8UXD2W1DgyYc7x4Xj/aP4buXuwLH4u14V/yqlQca2JkvpILmxb8KU/GxGusgqT53Yygzd8vL7cXzA7srbaMx
GmhrajHjlSgz2ae78jtAcYngbkhv2MbtbF9CmPuweiLizUo6KEP5Hely1MCrCTtP0QyEeiUGsDzjEZjo3zHujQMdQ5rzPZOMgumwU0iXPE+SDX6jLA==
zM06EACYPr6w18lu8cROpwCz/XvNJoNYyXH1fjKztC007FFFWhbF5dx0shePNH+rWXwPQogXS08wJQM52/PJyQu9L2+jPw==
x+Bawddyv5rvOeExnc7mOxzW5sJBPCqKxXNerclRLVBPGnHfkYSiNQi/3JKFDxrAqQfEerYNf1KjmRGie6gvocfNyEung4s1tRsjgztloyk=
PD6tIjn44q2UbmoqHb3oIxtT9ahUO2vD/8Bx81jnAqGuuUU28vtEdRTUQU1aHtXd/CxCX098z3M5hJ/KDZrbNNB9s/GbO7kRK4U/Z6M3
qjxzQrm0M4IED0fjVlzZsveXuRYOY46eh3cumci9zS2qBoTniotcUAoqvobOSCUf8rpjT25o1cTYxwld2FVlMWX41hH3lLSFpmNemwpXlAF4oyo=
PydTG6Fqmwixcv1aYgg4x1fu11NzW8uu+XpYS4xQXbPStbV132m+YRJn/OlkSPnR2oJtQYyw+sOvIHevSVgnlsLH4+igoYuteyeBDVuZB3ujKw==
rILWF3/LYpxlOyHO3HQlIVz9bGTz1+RENX31vPMRVEHlzhm27YMK5lgmLMu4Slo+otiZl3Y658fS+Dl8vCetBTTlOfkhvBBZqmSY3UJDemMmR2gJfKMu
hcHK0tZ2hBx/yLjvp+ioVZqu3oKfs13HkhccuaR42cHakk1xTOAasy+Q138JqEeGw9MDmWDxKx371+HdG6kna6M7
XFwZyxw7Ikc4T09J0P1FFVz9bGTz1+RENX31vPMRVEHlzhm27YMK5lgmLMulSlo+otiZl3Y658fS+Dl8vCetBTTlOfkhvRNZpWSY3UJDemMmR2gJfKMu
4CHGAO255C2B1ZlNZbKsMg0ZNZoQXZKAKjjhR146z5AqmLHM5OfVFTzF4YnJObnp/YSQzXoDohOu59DZFKNG
OX75AMrumuSU1oCnBHqhElUm0YdsLwGGHV++oZPHgL1aYFSbsKkQMPsjrHo99LAQC3hGN5fhRi37jfsSi60n7Gq5+JMApxQvij1mozQ=
jnPUB6enVWMbfJQI6W9Oe4nG1A1AyeBwKwOceg3U4NB7mDa3B0EW7cut6xudzdesutloE7AHpO/a3RajRA==
pK/YgcNGbNCDpthIdsXMy5qu3oKfs13HkRccuaR42cHakktxTOAasy+Q138JqEeGz9MDlmDxKx371+HdG6kna6M7
sb0C7BqRnkME6yWjVUxrHwCz/XvNJoNYyXH1fjGztC007FFFWhbD5dx0shePNH+rWXwPQo8SS0MwJQM52/PJyQu9L2+jPw==
wy/lMwj1xRWOlzCgoVIrqBzW5sJBPCqKxXNerclRLVBPGnHfkYShNQi/3JKFDxrArwfEerYNf1KjmRGie6gupMfByEung4s1tRsjgztloyk=
d7wRqnP1kftM9/hgCzr8M1o47Mk0EPX7WIJ8dzIrNIBCanb25mg97+q6ez92SP00kAfBDTD13aEdc2yBAPQcVe6jFqviN4wxYKMy
66XapicGOqvRMdwK8MvH6kQNbcXexrDPZvtAaB7Kyl5yGMl3Zjr3pwK4aZwspx1lxKUJGVG6J3lUJCh9MsPqw/YHuClsoz4=
4C9R1gTQ78q72Ndi1fqNUQCz/XvNJoNYyXH1fjKztC007FFFWhbF5dx0shePNH+rWXwPQo0WS0MwJQM52/PJyQu9L2+jPw==
BtCseojDIRq34gq3BcqgnxzW5sJBPCqKxXNerclRLVBPGnHfkYSiNQi/3JKFDxrAqQfEerYNf1KjmRGie6gtoMfByEung4s1tRsjgztloyk=
JuOhRqP/1tHpoHjjXVrV6xtT9ahUO2vD/8Bx81jnAqGuuUU28ftEdRTUQU1aHtPd/CxCX098z3M5hJ/KDpjbMtF9s/GbO7kRK4U/Z6M3
yKUojmB/VydBc9ldhA3S0BclcmbMjSLa3RnProIIrxiAUDCpv9Xo2N6cjeuuDg1kLzwbiJTDFf0yhhw30qtUQGJpVjZG6N0virqbeRbIXXSwB+FN0HW9Yf17T0GodbyVjqP264K3LHFAoxI=
NlbIv0eVlLK2ANMJCiyA/f7QoEz8iDc/q5e1DTAaVsb+vnA8PQFv3SKGDFfia+Qg0unGVhYoDQ/6umtZRoiNlCCHUa1gNY2B7XtdYVg1zDV+I2ZLUnd8EXCjIg==
Xe0tKv1pMCEr9JYWwW/DFCJl2VyKoN3n7OrKN0k0zNiCikglaPzUCu/TtluJNwff2vuBGXB7DO4tm5pMN2N0pv45nz6bnQGek/xobJ9tOdcvdyuZTV9zfxNxoyU=
DKWULfHnk4qBedxEr9CD7G/P0vtBEOD3zg04EmLJyKZmgyAjNoS4eUzShIBv2zD6oY0koJ+QKpc7ibJ9T1WH3rD12r1ekZRzLI8AX54FeqMo
qCxip8kGlfgGpOYOAyAe5n4lmE3eocj75q/NZUslzJaGlV1rObDCEaacsluJNwff2vuBGXB7DO4tm5pMN2N0pv45nz6bnQGek/xvaJ9uOdcvdyuZTV9zfxNxoyU=
J1KyQ58GFPLeave7ZoQ+XPPm2nBYnfH5UEAFo+nYYvk2FDLTGd+ntwozwdGgEywGPZOaRCeLVM4u8d/2S/WhdgN04uAPhpm//79rUZ03U5cDeaMt
YzE9Zx4WxGqJgfD0u64PwQEowIQiY0vOFFi74prblPNCbBTZoLoQMPsjrHo99bAQC3hGN5fhRi37jfsdiq0t7Wq5+JMApxQvij1mozQ=
RXJ/MioS5vx97BJO5VFkxa2n13Bdzu31QQ8B8LnRd/5/WzbTGd+ntwozwdGgEywGPZOaRCeLVM4u8d/2S/WhdgN07uQPhpm//79rUZ03U5cDeaMt
DOIYbSE/Y+TybO6GgQqhcCYc7x4Xj/aP4buXuwLH4e14V/yqlQca2J8vpILmxb8KU/GxGusgojh3Yikzd8vL7cXzA7srbaMx
ihvvnhMsXSjHXuyH5PfRdkqTV19hqPtqJYbp89//C8mZipr/Xmp1KLb0of2CPvoE+EKcyjzVCrORqQ5mfgj1P4K6k2k+qGWkaEeZ/QiVFRF1+sPxwtVkZTbjrjt6l0RhSKMa
Bxy9gBc3grqZXGcS7u1DnI+lXkNKpWarA4BOMvqVPcbf2M1fLR884764gJUETiTvjngv5/GH7HvpSEEhAEPs1l2jmnRHW5SejgFfhusl4SbjROrU79fZb1/P66E9Z5NHY0mjHQ==
jnLz5v815+iFnykgd3NYrdS1qCTo61c10JdlbHtEAgzdIGALaG00vXB/nMv86AmkJRbR6AhUVJmm2JlEHVBUeEJvXQsoVkG/ar3+cgDUgUTZkIH5sNuMjm27mmx3A/QGPtmfXts9gX5T3GpMX4+5d28XK3mN//MfU1GjBQ==
xJ638aRqtlQ9GHiKcowKGnFBGHjIi1W1m5tp6/9ad4SLRqq4mp2UCKftp9kjLuZ0c9y62IQ4hzBCh9UxcWWrlrac4K6o5ZS90+vFr6z2XNlZSqCBE02A87Gp7qbeiJV/orqzqd4oxeQIR7k9qBX10VX6o7FiVYSl1uOOexoX5KGoo/o=
f536Uju7eBl7WK0OS+0/V8GN8gNN1lw9e5YQH7abdyCiHVtwKz/zC0VAYXM+qy474YW6vlSnc1zcjW9lP+zTlhlnaz4idWMIKgpmCRqZe+aecFnNlFHdmpHXnPmkuFmB2tLLsUygmnMv0Fe/CejHRsqSg11hsavd+5dhHRvpp6uj+w==
KH8n7Jp+ffALg0DB5e2i6Dceg7d6/yIvXz1JHTHPrZJRXyyBhGDJydqaW2ls2Cr779gnB+kw1w5KWpMFAQlb1bsf0eU7sTdjozM=
NiH+bOy8m2tCIyav39boadrkHFIP61rrV9twdamZNNib2NQPMQUr4Pm2yYAeSCXnxiZ+6bCe5kDpSEEhAEPs1l2jmnRHW5SejgFfhusl4SbjROrU79fZb1/P66E9Z5NHY0mjHQ==
LVZE9SLVG2Es0femIpqqG8AYiveVdvezCmuPwCSuoZHKjwDqrLyPmIJO3sE7eUheqhDKrChmm4GAPhB7GcGJ2Zf2iaGIuYnp9kHCBFqQoRghzyVmcStkBVREoX1aLjNNvFxij88sr0P5FD+6Cm57oZFNUyEba5nh6xVfV6MH
wLhudVRfx/V/Nbhs53bHbtfPwbfRPCiuvcAlozO0+MadWSAUmUQdFxBryd7a0JuoYDZBOO6IQz/622DIErebueRCHCAn68j62b3sAAcAgtcTeYodh4UfWiklkJ2mofyzxB+Yv1Z1QqMQ
GNEwnCpa33fV+Hh3xuhukUFR4rVbEPOn896SriqM0+LWwZMyt6Ik7IT1DfFrFsnoDA0l1Prr6mBJCRVZKx4nfAF/ZfFmvO74mgxUziF8YV0YZzwa9Tca6P+fZLKGdT+6M8FxqosQqggX0+kDF3tLXaXDwwtLXaMB
Leo1qT+rENqAeZae0y3+WE4qNm4Qcn97GfTGpktVevLwu+hcLOmaYk85LcW0rU0i0a+MMUQw6dnains5rGiKC29ox3cp4LceSkpzVUH5O2U7b3FVe2EXc6Mj
0bnTmWweZh6YTr/CUoImzC3D8rzm6NI9bZDVIYNgVGqJQwRaR3PA8uH8h0hcXhXoGrAPfzYj1JhGH2cZeCqo0LNzRHpVJXhws+ged2/RXs0z/VOa5R3kzXJJwNPYN2yPQm1Ooxw=
9Ur5mkV+vL0xSv2u6VAhg8ABinxIwGENt64kWn+D+JLJDE8IFI69iIIgl/+us0w4Ls+vWTAaQPDLQ7x6LRWAUNvY1rcngbZtq23LGn2NfC3aGQgTkEdEb3oddqMk
hoAqF46sAVJ6g8t5treRAHRua2QatNWtfnZm3pCXMDAcJcIuj3V1CQTBlY6xAxRd9LxxVVoG47UcBBKnD8QfG5ks71KKBiuZcZXjSVtDaTlLbQ9/oy8=
Z8LwhJWFXG4+RLbDzcjF2UqTV19hqPtqJYbp89//C8mZipr/Xmp1KLb0of2CPvoE+EKcyjzVCrORqQ5mfgj1P4K6k2k+qGWkaEeZ/QiVFRF1+8LxxdVkZTbjrjt6l0RhSKMa
1TJSksjeFeCWtB6tzrW6eDgexKkfXUdqnZX4RaZPxmP5YAGJkMtMHg2LmlwXkzQWHqkfrvstwe6z7GN9vxj5Z0/nqwmt7zOPM2GjNQ==
OG9CPtuPmq8yFtdYne4CM0zfnrtjHAKxvCP1JwAINjD2WuR77YkSblr4sWduOv+x+thBrHRnZbVsBZFp2TKuycHFQK2KgzKzHieAOWSjNg==
cqREk0g8Eft5wSqc7cAlkRclcmbMjSLa3RnProIIrxiAUDCpv9Xo2N6cjeuuDg1kLzwbiJTDFf0yhhw30qtUQGJpVjZG6N0virqbeRbIXXSwB+FN0HW9Yf1zT0GsdbyVjqP264K3LHFAoxI=
zEVIzL2rFg2dIJxoxjAc6/7QoEz8iDc/q5e1DTAaVsb+vnA8PQFv3SKGDFfia+Qg0unGVhYoDQ/6umtZRoiNlCCHUa1gNY2B7XNeYVw1zDV+I2ZLUnd8EXCjIg==
fI0IMoX1KzKUCPf24xwVqP7QoEz8iDc/q5e1DTAaVsb+vnA8PQFv3SKGDFfia+Qg0unGVhYoDQ/6umtZRoiNlCCHUa1gNY2B7XtbYVw1zDV+I2ZLUnd8EXCjIg==
4kqo8eKhD1tiFDJSBJCHE2Ph3VHJqLEWemteZ8RaGBwfc8P4saxpYDB648gL6dimdmMQY+YkyPncsjRAP/vA+tGt9OAvcLoXyynivX81l9Ol1S39DnEk87wvcJ9OZUqjGA==
PUL+MHEhoHR2mcM0NbRTsW/P0vtBEOD3zg04EmLJyKZmgyAjNoS4eUzShIBv2zD6oY0koJ+QKpc7ibJ9T1WH0rT13b1ekZRzLI8AX54FeqMo
PZA1dCOEXZC/Wc53qsa1o34lmE3eocj75q/NZUslzJaGlV1rObDCEaacsluJNwff2vuBGXB7DO4tm5pMN2N0pv45nz6bnQGek/xua59qOdcvdyuZTV9zfxNxoyU=
56PTKU6K6YEXe+Q2Ns5Ec/Pm2nBYnfH5UEAFo+nYYvk2FDLTGd+ntwozwdGgEywGPZOaRCeLVM4u8d/2S/WhdgN06uQPgpm//79rUZ03U5cDeaMt
tBIyWeiCFgtuUTPbG+rRxwEowIQiY0vOFFi74prblPNCbBTZoLoQMPsjrHo99bAQC3hGN5fhRi37jfsfja0p7Wq5+JMApxQvij1mozQ=
o7Dmu5DE8chn1ecqyBqVB62n13Bdzu31QQ8B8LnRd/5/WzbTGd+ntwozwdGgEywGPZOaRCeLVM4u8d/2S/WhdgN06uUPgpm//79rUZ03U5cDeaMt
8YvmiihGLvRmhX6Zo2N5liYc7x4Xj/aP4buXuwLH4e14V/yqlQca2J8vpILmxb8KU/GxGusgrzl3Zikzd8vL7cXzA7srbaMx
SXdlfx6RZXpaW24d59LvfRkg1ohvJRaLH0OiqJTUnPJOLx/ZoLoQMPsjrHo99bAQC3hGN5fhRi37jfsbiq0n7Wq5+JMApxQvij1mozQ=
fFe6s/MIzwrL8zBxEIcOzhtT9ahUO2vD/8Bx81jnAqGuuUU28ftEdRTUQU1aHtPd/CxCX098z3M5hJ/KAp7bOtF9s/GbO7kRK4U/Z6M3
wq25l0VFiu6bcaUvu8ISl2/P0vtBEOD3zg04EmLJyKZmgyAjNoS4eUzShIBv2zD6oY0koJ+QKpc7ibJ9T1WH2LX10r1ekZRzLI8AX54FeqMo
ku33SkQskCsBI7PHRlL4GYvjcVk6hJGsLgIR0eqzIy6syENiIkvsU+o83JnoSngQ41O0eiUFqDDjCI733zHujQMdQ5vwPZ6NgumwU0iXPE+SDX6jLA==
HNySFTx65oeFM9raMg6behlb/K5VaS2eustq6hLpDamvtQY98ftEdRTUQU1aHtPd/CxCX098z3M5hJ/KD5vbO9F9s/GbO7kRK4U/Z6M3
w+MzUhkRq+jsAQKYS060kgEowIQiY0vOFFi74prblPNCbBTZoLoQMPsjrHo99bAQC3hGN5fhRi37jfsTiK0m7Wq5+JMApxQvij1mozQ=
W1jNm6xTPWUFzs1rrXdwyg0ZNZoQXZKAKjjhR146z5AqmLHM5OfVFTzF4YnJOb7p9ICQzHoDohOu59DZFKNG
qakANr83WI2GHp2IJaq3eUIw+sV5QbnpEcppazMsPY0FO2bl5mg97+q6ezh2SP00kAfBDTD13aEdc2qBCPAcVO6jFqviN4wxYKMy
/TgS+ActeLr+PLwSgyPk9EIDu/EZMHrB/8Bt71OuR+amswN7r6hcdRTUQU1aHtLd/CxCX098z3M5hJ/KApvbMNR9svGbO7kRK4U/Z6M3
PqqYO1TCEAd0q/1TXiCBjGIzhQHPoJjh+v/XfgQhzZeXlEcqaO2HXOaV8VWMfA7Z373fSmh7DO4tm5pMNmN0pv45nz6bnQGek/xpaJ9vPNcudyuZTV9zfxNxoyU=
3McMstlVaIXcAh3sFQbNdjafkaQNSfroiQc6Wy3AjuFohmsqMIH+Jx/KhIBv2zD6oYwkoJ+QKpc7ibJ9T1WH3LX13rhekJRzLI8AX54FeqMo
wmz6rH4L/w9CW6qp17imtW0EnqYvsmInESNAVnbH698PDDSBhGDJydqaWmls2Cr779gnB+kw1w5CXZMDBAla1bsf0eU7sTdjozM=
BfiE1cOPxXbbk3XQiwGtaRsGeoRzoG7B7+UfEtjjbDYdg5pUBrsUPk5hX2arhWFGI2Tp8i+8XM8eL+vB/ccTpyNpoz0=
lgRuRp7AlxJwLRQFaAC6TyLLhOGrLiV9cDFGrMQBn93IM15B5KhQCZhgFn4aEMfCzZnMzJxx+q5pTjIxC98WUZDIV35Q9MiuUAInbkk+QhUrGVEyPWD5NlD53l5iuyJLIw+mx4mnStqVlMimYYW1re8Yp0fpcFfOSB4TzwTJ2pW731ElO/G3o6Pz
F0tfivc+BXiwhDC3iQEmUM7RUkHLkaU+ij8oliEVVX1vSIfXqQD3Pkhusz/EWfpFO48xtfvB1xOjQw==
G+ZBsvatqPlzkazRsHAbeo9d8kREad3BNHTEIZs7jcWUZVk5QbgzmQTgeJyiQ5ojhsfIyRyjTg==
PQZXSkoodx6liWO0z09PPR+zeuFcYXO7qSFU1IL+N7/9P08j3jWEAqvpQj2fdbfYxRWCeO4wBPPc79AfriVqozg=
auYYVRE3ggjdlUQ4HTm/WSLLhOGrLiV9cDFGrMQBn93IM15B5KhQCZhgFn4aEMfCzZnMzJxx+q5pTjIxC98WUZDIV35Q9MiuUAInbkk+QhUrGVEyPWD5NlD53l5iuyJLIw+mx4mnStqVlMimYYW1re8Yp0fpcFfOSh8TzwTJ2pW731ElO/G3o6Pz
MZiatVmovClNF5CADXkf4R+zeuFcYXO7qSFU1IL+N7/9P08j3jWEAqvpQj2fdbfaxBWCeO4wBPPc79AfriVqozg=
x4qloYJwdwQsV+G7Nzzmc87RUkHLkaU+ij8oliEVVX1vSIfXqQD3Pkpvsz/EWfpFO48xtfvB1xOjQw==
vnWYVFpyMYTgZChFzjI/DI9d8kREad3BNHTEIZs7jcWUZVk5QboymQTgeJyiQ5ojhsfIyRyjTg==
mCHOBwrONU0L3wv9dDizXCLLhOGrLiV9cDFGrMQBn93IM15B5KhQCZhgFn4aEMfCzZnMzJxx+q5pTjIxC98WUZDIV35Q9MiuUAInbkk+QhUrGVEyPWD5NlD53l5iuyJLIw+mx4mnStqVlMimYYW1re8Yp0fpcFfOThoTxwXJ2pW731ElO/G3o6Pz
XpPd4AOTYmTeqxvS7y+rbs7RUkHLkaU+ij8oliEVVX1vSIfXqQD3Pk5qszfFWfpFO48xtfvB1xOjQw==
m0+FAKKrRE7fTkTak+2IPY9d8kREad3BNHTEIZs7jcWUZVk5Qb43mQzheJyiQ5ojhsfIyRyjTg==
8QvjEmR9jsFIGCdW530n1R+zeuFcYXO7qSFU1IL+N7/9P08j3jWEAqvpQj2fdbfewRWKee4wBPPc79AfriVqozg=
yQNb0lo4MFQqSHXFbzzqOvctNglVOD0TPI8UR9ypi1QRI7M1QvbE406zandPkb5NUz1zmwRdRknSCCDT+PfMD6ItbqM8
oFtgPo6hu+iiBOTmGRsiQjthThp2YmkyY/mRwrvIK8EHqU0rZuOLVXV7o+P7BaNJ
HZ6WOBbGyNxw2znyMErMzc7RUkHLkaU+ij8oliEVVX1vSIfXqQD3PktrszfFWfpFO48xtfvB1xOjQw==
BAU9rh3JtfYZLy6G1o2nfY9d8kREad3BNHTEIZs7jcWUZVk5Qbs2mQzheJyiQ5ojhsfIyRyjTg==
cSdI8BPFlZEozLP/gV2o1Jq4SQRuo2KqE4dfOa+hNsyomdZMJwQ87vO+ipIeRCnpyy1xpKqO52G5Gx9lQwDo1E201QNUR4eDlRVfhusl4SbjROvV79Xdb17P66E9Z5NHY0mjHQ==
HMypAW+dmATVOMxTNCaaP/rAoBn2jzM/4JazGXkAHcm/smU4IR0iiWTBSwTja+IzireCFVUsDx/t9RxKWpuQjzSHUa1gNY2B7XtaYVgxzDR+I2ZLUnd8EXCjIg==
Ue51C0amoeyimZdZnRoUhOAhp0FhtEEthJFmFjWV/5iLRUkCE5S3hYRlwqHt6EUzNJ/8B3RZA/TJU6s1WgacQ8bDwrcngbZtq23LG3yNfinaGAgTkEdEb3oddqMk
3zs2Mtf7/QNE96a2uPsyviy9lQathGIWMZ3jiGd9LSL3zJt1uC0GYamguYNYR1hn0KGvZFXbL7XejgDTartmV4PZWt3XpQ9bOEVCWfbAbDN0fyh/ZhVyoyA=
Fc3W7KdTDrdMu0mqKliNXJq4SQRuo2KqE4dfOa+hNsyzmdZMJwQ87vO+ipIeRCnpyy1xpKqO52G5Gx9lQwDo1E201QNUR4eDlRVfhusl4SbjROvV79Xdb17P66E9Z5NHY0mjHQ==
BL0Ig79R7p7Qtix3ZAvlGDHe5PvT8cM9bd3TNrhiRmGEUl4WDWXH+KO1gUJbRB/lHPVaIXV43ZNcTzRHPGnr1LFjUzUiNmRjrvMKd2/RXs0z/VOb5B3myXJIwNPYN2yPQm1Ooxw=
SETn+TEOLYl7crXH7r1l5pyzTw1KpHa8NZdfPKyFLM6+mdZMJwQ87vO+ipIeRCnpyy1xpKqO52G5Gx9lQwDo1E201QNUR4eDlRVfhusl4SbjROvV79Xdb17P66E9Z5NHY0mjHQ==
k7PjmHPCti5kOt/0i1Q7vpGTh++VDSi/sMAj8jWL5MeZTjpAn2hSFgF908jXnZ2iZyxLNejNFmG5gGnDCOfI56ABXyQl+9+1rq7wExobltcTeYodh4UfWyglkpmmoPyzxB+Yv1Z1QqMQ
b2A+VRKtrBDwoMjFRM5/diSwlwKU+KgScG1fdYdYABwEMM3o4qBnLzpp5doKrJWhZW8YLbMgjqGY4TJPP/HQqYL6vPMrWLUByynivX81l9ug1Sr5DnAk87wvcJ9OZUqjGA==
IQx2pHc6XcLaYgSEUjnyGAl+bz9ce25+TeGGoEQFOva3uedQLrXOPFEuKcXx5ApvievfN0sw48mJ2Sxxv2yiBHlox3cp4LceS0tzV0X5OmU7b3FVe2EXc6Mj
