VErJbUYTt6ShPuU9TkvQ+In/dVdr1sS1MhgD06/GKj+TgQJvZW3Mc8xl3ZzpTjMB/VXpNHZXrQ/+FJ6ExTLmjAEPVZn7MZOCgemhSkmXJ02ADWWzKQ==
3BzsRTgHYm0FSlls2rbjKTV0Z7kkHW1jfE7tABBmSQHSvnNieHgczKSlVXRL/pf2I0Brw71klFqk3tFhaJpYbt25jqgOmnSq4KDmoinO7VflNEEV4iwsQ2Edr4Xs6+02Nxh3SxL5Di/pVdijOI3BOlRmZ3GJTaW0uk9Z/yo8IiTZWpLcFTfZWffJB1K1QT0qNf9zfbSVqbPl
6fKGbzVE0sufwiV927HdGt8XhndKiXhE6qw6FjCS95fVAU0MG5S8nvgxiu/tnWQTFNWlXzMeC+HVReE0fkeFb8bExsQ9gr5sqX/dGXOBeyLZGRkKkUdfbWgdbbMh
xuBAz2Xo5tcC2KEgv+SX8WLPwPtPWLqzwF92CWuKiv1VyjIoMoTxGFyNhJJo/WO99dc4sYqNDuQhirp8TUeR2b/537JdkYVqLY8bXYwFYbMt
6cH+0lTtE2qAwkX8XeNXt9/4242Yog+Y1FQMv6lj2N23iAxpRuYQl1yK1HcIqlWfydwPmm7yKwzi1uHGGbsncLM+
XHouMwdERaf2jiG7tTsNBZAnVndW43+fYmhmUrrMWyCS/R/6k3pFUlrSoZzJwlJmeDlDDaFF7kxfkAu1+Hq/8BR8fGcJGwj1t6DcEeY+YL+c4mSvaJKF90k0X6KOqpvkov4RnrlDd1izFg==
tamGuN5q4Xsogdt/5Ds8jDfV4vL36NM2V8nVOpp5U2epHx8aHX/Ntemwg0BOVRSlRuRRb28l1JRBTSVcOzqu3ahyWBdPYmB6teI6BHXSVswx70qZ6xHjwnFJ0crZN3eNUG1Vsxk=
kYDiJ6qKsWPXPQ9GZVBYyPaEJ1eNrSoBhh6IHc/VDwesVF1eWt65kPkuSkoYFZvhkQm2gJ9cU/lIlmdcdNDki7mXkHk3LESdVtL4E/xOvEPY3t07ifgH7r5GQ8jC0glyiU9vVLMa
vU8KiUU0IX9UKyJt75kOizHe5PvT78cgcdnVP5ldSWWkHx8aHX/Ntemwg0BOVRSlRuRRb28l1JRBTSVcOzqu3ahyWBdPYmB6teI6BHXSVswx70qZ6xHjwnFJ0crZN3eNUG1Vsxk=
bunBbYJH7TLnPN5xtw+fIxd+YCxRRiViWuLBrAkSMvb4qeNdYbXOPF9gK8W4qh9glOycN0kr6MW3kDwhpm6ALxxyxH8o4qUHSUR/Uk76O3QibnFOeXMXaLMm
oy2N14zGb5gyY0Zd40CwmwNa5PIeq3ADdE8tZlrmybgZBhoS2M3LiTHhBvgfpOOR6H63BDQINKPZv2BBNxS0tTb6KMu8FmyreLZtwwmAtwYeLhMQAopZWmlnH2yzIg==
T27MZODrVzeQ7VPlxPB4JnM1mRjFp93noeDaZE02kZyGhEg/f/eJC6qevwaHPwDEy7LEWmB9AfUsh/dWcHt+oPQd7CSYlQCcgeVpYpNoNtQvZjKYTURxbRNqsyA=
HVGW0JcoMvMuL8o6nr9R8DHe5PvT78cgcdnVP5ldSWW/Hx8aHX/Ntemwg0BOVRSlRuRRb28l1JRBTSVcOzqu3ahyWBdPYmB6teI6BHXSVswx70qZ6xHjwnFJ0crZN3eNUG1Vsxk=
NtXBP4GOfWiD+7YiXsneBlqx+kifPJNZyHKlMnTwpCs591BZNwyE/dZyuDP8LnyjWH4dW48YR04+JgMowvLJ0gmvL3SzOg==
CWTsB6w6oxkHD6l7hrUUAdwQhTciQTjkAUoa/O2Hvt/fOb8yPVHlak1Pe93sxQGzTQ==
H3o9TvLVhWWLtoh6Jf5rYzT2+FW7pmre2fVRTaACL1wk9CtuyLQv0xR/da09uq/1TzqHC6n1ztELs0c=
XGyZNwrMg/mvZnTfbcccPYYgOMJxdxrhIlhu8h+NTGCwiXBoGUmvRpsU5kCXqlKcJZjB2csGs0Q=
hw/dDv7RFFfLVCRZqKQUFjHe5PvT78cgcdnVP5ldSWW/Hx8aHX/Ntemwg0BOVRSlRuRRb28l1JRFTytcOzqu3ahyWBdPYmB6teI6BHXSVswx70qf6xHjwnFJ0crZN3eNUG1Vsxk=
ldrFF9nlnPTmlMf9cpvFNnM1mRjFp93noeDaZE02kZyGhEg/f/eJC6qevwaHPwDAybzEWmB9AfUsh/dWcHt+oPQd7CSYlQCcgeVvYpNoNtQvZjKYTURxbRNqsyA=
5gprjl3jpIh0HQUuaU5J2gNa5PIeq3ADdE8tZlrmybgZBhoS2M3LiTHhBvgfpOOR6Hq1CjQINKPZv2BBNxS0tTb6KMu8FmyreLZtww+AtwYeLhMQAopZWmlnH2yzIg==
xf+TNIEV9Te0ZXcKZj6SRBd+YCxRRiViWuLBrAkSMvb4qeNdYbXOPF9gK8W4rh1ulOycN0kr6MW3kDwhpm6ALxxyxH8o4qUHT0R/Uk76O3QibnFOeXMXaLMm
xo4uo62OpBc3ppoGP6REhjHe5PvT78cgcdnVP5ldSWWkHx8aHX/Ntemwg0BOVRSlRuRRb28l1JRFTytcOzqu3ahyWBdPYmB6teI6BHXSVswx70qf6xHjwnFJ0crZN3eNUG1Vsxk=
jS7seUMifqGM3rHEACumMvaEJ1eNrSoBhh6IHc/VDwesVF1eWt65kPkuSkoYFZvhkQm2gJ9cU/lIkmVSdNDki7mXkHk3LESdVtL4E/xOvEPY3t07j/gH7r5GQ8jC0glyiU9vVLMa
I0343KBjvTJcCFXg9jpEnTfV4vL36NM2V8nVOpp5U2epHx8aHX/Ntemwg0BOVRSlRuRRb28l1JRFTytcOzqu3ahyWBdPYmB6teI6BHXSVswx70qf6xHjwnFJ0crZN3eNUG1Vsxk=
6ckiFLOEM+9uV7YUzELlsZAnVndW43+fYmhmUrrMWyCS/R/6k3pFUlrSoZzJwlJmeDlDDaFF7kxfkAu1+H69/hR8fGcJGwj1t6DcEeY+YL+c4mSvaJKF9080X6KOqpvkov4RnrlDd1izFg==
vM4gnc1ptE8zhMN5bwyiCf7g+trTV7/9w6YiF7NCD1BXh7eEtDdgYz3ktbqbzHWEi0eSY0vR07DUpAkUKxkf4ZPsmAnfdUthXKoUF4gKFX/PvM867hJrLOK2IWaZW2dQsx4=
kM2Uz4YPhGzJ7WlWGHuBUu3Gqw31jDM+uon+BXMQWs7wtWUvJQdpky/bDlCkP+wtk6yVAxsnDAn68zVKXpu4hRL0S65oNI+T9H9VbV06zzVvOmdLSXVuEWuzJw==
