QG0ipqAxJEbMwcmnHAQ7dq6pjDEBnaX+WEYa8a+nJ+MOWDKUUPaPliAh2dWhRGUYKIOUEH2CWuYu8+v2S/WhdgN07OMPgJ6/975rV503U5cDYrMo
0ircksFQK14EKPxXhMWoT6b3BL3F5azmmDqVg7PJ4W0p/f2I5YpBBE7J+jhCH32LIctaJt2+8ws/eh4eK+mSntg9R9IpEAUpeRCXdAdMq61nhOogeSaZ6d/6yqI6OWhYE8WeO9Nc8hgIgv8KCAV5P1iQ9aQgxxRcZTbqOsYXC9pzYfEKS/Cs79d0bqNfGks75WNDq4ums+Q=
vPDz+bxHrMbFKe1WEpmUZGUhhAnEvc+1teLLeEIh3pSXx0wmc+3JCp3QshzAHi/+8OmZHnMsRfA4i5QYbWp6jv47qz6bnQGek/xsa59oPtcndiufTV9zfxNqsyA=
QLoGfR1VCC5I7+wqlCeO3wSAvZQBYmeVjCoXscJHPgJsVW3J2sTxVRiz3o+JPxqd8gbTfL4Of1KjmRGie6gsp8fMzkuvgosztRsjgzt+syw=
lNcQ0/f4moJhl3zhfZN0pxHwceNAc3KpuDEXxJ2rN7XGfkhz0iuOF6vpQj2fdbfbwRWPeu45BfPa79AfriVxsz0=
H+lPQclbuxYTLiwwKZ0JIpGTh++VDSi/sMAj8jWL5MeZTjpAn2hSFgF908jXnZ2iZyxLNejNFmG5gGnDCOPK6aABXyQl+9+1rq7wExobltcTeYodh4UfXy8llpqmqf2zwh+Yv1Z1WbMV
2CiFMmbXQ0Lbw2zE1Q9IW5yzTw1KpHa8NZdfPKyFLM6+mdZMJwQ87vO+ipIeRCnpyy1xpKqO52G9GRFlQwDo1E201QNUR4eDlRVfhusl4SbjRO/S79Heb1fO66c9Z5NHY1KzGA==
Yo/sFmxHqHFTRjMkr4DbDTHe5PvT8cM9bd3TNrhiRmGEUl4WDWXH+KO1gUJbRB/lHPVaIXV43ZNcSzZJPGnr1LFjUzUiNmRjrvMKd2/RXs0z/VOf4x3iynJBwdPeN2yPQm1Vsxk=
qKTUCvJVxrAOhq6jqXh+0Zq4SQRuo2KqE4dfOa+hNsyzmdZMJwQ87vO+ipIeRCnpyy1xpKqO52G9GRFlQwDo1E201QNUR4eDlRVfhusl4SbjRO/S79Heb1fO66c9Z5NHY1KzGA==
knn6CkGFnguEmvgT8jophiy9lQathGIWMZ3jiGd9LSL3zJt1uC0GYamguYNYQ1pp0KGvZFXbL7XejgDTartmV4PZWt3XpQ9fP0VGWvbJbTNyfyh/ZhVpsyU=
r0Casi5/0fUBnScVr1ofX+Ahp0FhtEEthJFmFjWV/5iLRUkCE5S3hYRlwqHt6EUzNJv+CXRZA/TJU6s1WgacQ8bDwrcngbZtq23LH3uNeiraEQkTlkdEb3odbbMh
zm3NKnWfvyBGJ40I6QMOg/rAoBn2jzM/4JazGXkAHcm/smU4IR0iiWTBSwTja+I3iLmCFVUsDx/t9RxKWpuQjzSHUa1gNY2B7X5dYVwyzD1/I2BLUnd8EWuzJw==
LddxlgnMGbM6STQtcSj3BZq4SQRuo2KqE4dfOa+hNsyomdZMJwQ87vO+ipIeRCnpyy1xpKqO52G9GRFlQwDo1E201QNUR4eDlRVfhusl4SbjRO7S79Heb1fO66c9Z5NHY1KzGA==
gg6QCSO+Pky8E2L4Hy/IQt4FkHJIkGIFqKQsGDWH4p7LD0cCAYmxxc5wxK65t0xzKYriSDpORuXGQ6E0eEXIQ9/w2aEngbZtq23LHHuNeiraEQkTlkdEb3odbbMh
8Ov6EhCyJk0o8dRdih8DmzJ6jpI3pbSQoOk7O2MnNTNsiAwX7KPO3M5xzuhvMqWx4TdzTlrOmeC4y6XhyOGsy8icAc+NQnu0k3eG2K/pJ34vV7hvHDx3U5Z+XkAT5F+7GYyvMovh6zz2NStoWyWp2csNT0SzCg==
xMMFHEN3p/e+vnVkBvHIRhZq66/TFsEv1g6ODbsytelaErqigLg+vqMqQYS9yP3H8znqnSfFP1tOZXUaBmnds+Lf+D+2NXmzNQ==
ldJbjKtKKyoLtOqv/vz2PyYziATcsfy14eDQY1E31oqTlEAPOuvCCKCgv1OUcUmK3L7RR2B9Duk+jd5WYG5wvPYmjz6bnQGek/xra59qPtcndiufTV9zfxNqsyA=
MtBVP13U3jm7yrGlpKmgThZw7a/PDsAv1g6ODbsytelaErqigLg+vqMqQYS9yP3H8znqnSfFP1tOZXUaBmnds+Lf+D+2NXmzNQ==
5asbJ4muiQwelmTU+ENSeBdw7a/PDsAv1g6ODbsytelaErqigLg+vqMqQYS9yP3H8znqnSfFP1tOZXUaBmnds+Lf+D+2NXmzNQ==
dkren+1LJePD611EbXwoNaICD28adnpdb5oJScb6zlIUILI+L7LV9EmgYWdPkb5NUz1zmwJdQUrSASHT/vfMD6ItdbM5
31ABh7O8RkQgkL/a1cdL7aMCD28adnpdb5oJScb6zlIUILI+L7LV9EmgYWdPkb5NUz1zmwJdQUrSASHT/vfMD6ItdbM5
7iPkeK9vhXBiSaZV4/D62KACD28adnpdb5oJScb6zlIUILI+L7LV9EmgYWdPkb5NUz1zmwJdQUrSASHT/vfMD6ItdbM5
r+NrXAkKSGIcYNN36OeUW6ECD28adnpdb5oJScb6zlIUILI+L7LV9EmgYWdPkb5NUz1zmwJdQUrSASHT/vfMD6ItdbM5
TvvdSAbHthv3b/SjWdGME6YCD28adnpdb5oJScb6zlIUILI+L7LV9EmgYWdPkb5NUz1zmwJdQUrSASHT/vfMD6ItdbM5
8smGvKHNLTveXtbVYAkcoacCD28adnpdb5oJScb6zlIUILI+L7LV9EmgYWdPkb5NUz1zmwJdQUrSASHT/vfMD6ItdbM5
6j7qALAwC7bTCvA4sM/U9KQCD28adnpdb5oJScb6zlIUILI+L7LV9EmgYWdPkb5NUz1zmwJdQUrSASHT/vfMD6ItdbM5
2lohx7V/WMsOs0+qECohhKUCD28adnpdb5oJScb6zlIUILI+L7LV9EmgYWdPkb5NUz1zmwJdQUrSASHT/vfMD6ItdbM5
KX79lSR2v7Of9c+OY2yhFxZq663UHMAv1g6ODbsytelaErqigLg+vqMqQYS9yP3H8znqnSfFP1tOZXUaBmnds+Lf+D+2NXmzNQ==
5UzbORriVtkISjv3u0PAVBZo4a/WGN8v1g6ODbsytelaErqigLg+vqMqQYS9yP3H8znqnSfFP1tOZXUaBmnds+Lf+D+2NXmzNQ==
6OPOHqaVwsgHrSg8w8xeoBVw7a/PDsAv1g6ODbsytelaErqigLg+vqMqQYS9yP3H8znqnSfFP1tOZXUaBmnds+Lf+D+2NXmzNQ==
lSaHVMa79RhK8q/EtL47ahNw7a/PDsAv1g6ODbsytelaErqigLg+vqMqQYS9yP3H8znqnSfFP1tOZXUaBmnds+Lf+D+2NXmzNQ==
NcrJICW/QkyHrmGt0OviBBBw7a/PDsAv1g6ODbsytelaErqigLg+vqMqQYS9yP3H8znqnSfFP1tOZXUaBmnds+Lf+D+2NXmzNQ==
93D0ASZvZ6r63VhpKmKLVxdo4a/WGN8v1g6ODbsytelaErqigLg+vqMqQYS9yP3H8znqnSfFP1tOZXUaBmnds+Lf+D+2NXmzNQ==
unhEUw43fPANxAxPFiR9WRFw7a/PDsAv1g6ODbsytelaErqigLg+vqMqQYS9yP3H8znqnSfFP1tOZXUaBmnds+Lf+D+2NXmzNQ==
e61J8caoWPXiE3ph4mqRu/ctNglVOD0TPIsWSdypi1QRI7M1QvbE406zandPkb5NUz1zmwJdQUrSASHT/vfMD6ItdbM5
Uc3rQmuH/HZ+aWKf0VH0lfctNglVOD0TPI8UR9ypi1QRI7M1QvbE406zandPkb5NUz1zmwJdQUrSASHT/vfMD6ItdbM5
Aslm4tY39qSPya2/CzpNT9G70I+EsA6KxURPr7Y22NeUzQh2D/EfrTqQ138JqEeGy9UDmGbxIxz70eHdG6kncLM+
QNBOwUvfECW1zMl8JfFLKM7RUkHLkaU+ij8oliEVVX1vSIfXqQD3PkttszDGWfNEO4kxtfvB1wizRg==
MlozJptx+3+H/4ao9o5Mfo9d8kREad3BNHTEIZs7jcWUZVk5QbswmQvieJWjQ5wjhsfIyQezSw==
+ZEz5sc2PxkQMQUxv+yXO3crm5h701smT2xtZnq1kLNUFhIG6pnBkz+nUKQfzdbfsXqqETAaWOaPrmFaH1iloX/jJfHQDG+jebR/2gyIuwUWLRsAG41ZQWt1H2yzIg==
3OiTiVHXBC2wngGMH9C81Hcrm5h70wx5Ej9QWxml0LRDEho9mdbax3r5DOVR8cffsWKmESkMR+aPrmFaG1Gypn/jJfHQDG+jebR/2gKIuwUWLRsAG41ZQWt1H2yzIg==
r0eJlF5bZumQVh94LBe71Hcrm5h70wx5Ej9QWxml0LRDEho9mdbax3r5DOVR8cffsWKmESkMR+aPrmFaH1iloX/jJfHQDG+jebR/2g2OuwUWLRsAG41ZQWt1H2yzIg==
p2uigwkBIesn+vVqFujvB30pOx2/MjCr6gkJ2W9eGtCMLYKqyuX+wgMp0fKb2C235/COm89yC6MVq+PT2w6zPA==
bpoXaIYKhLbHgSMH5UrhlWsWx7IXWwJ7z4XtWadIz262IBCa0s1ZBQeqmlwUiTIWArEervstwe6z7G17vxT+Z0fmqw+t7zOPM3qzMA==
UtJRONOErG10XWdK8joaPK+M4hj8kiQopo2VHmMCdY27smUqNhZ4k2iPSBfjbO0tlbveFBA9FgXbumtaXI6NiDiGUa1gNY2B7X1cYVEyzD1/I2BLUnd8EWuzJw==
+GyCcWF9F19I2jn9rysEwkrq3UVjSsL9qXwWBMFZGPOZu/F02GCzJkN/vu9xU/Pw2oJoW4qw5tuuIHevSVgnlsnC4+amoYOseyGBDVuZB2CzLg==
+hOYQyOV/rHYl2XfXC169XregbgEG/Dlj0gmEi7KwuloxyEkP4n/K1SQgpV00RH6oY4+pp+MMpY7ibJ9T1WH2bH107pemZVzKo8AX54FYbMt
OfQWgg+w0jlJT3gyZl9HoeVEncJnCCgZnXRscmgIYoc5dArykmBPTGNVEQ41JinP9bGshIzyZ0PuNMO8vLRyLf0gaJjRhrPrkWNLPwtjXNN0v3gotyHmrVtN2x1sbUdqivGZk+bntK8qfV2zEQ==
a7qjXjVzgqDsi1CFGODRFyg1NgihNly1ogkexXZpXsrYOpGx0u/+wgMp0fKb2C2x5/COm89yC6MVq+PT2w6zPA==
otUDPC+KxgGBGHSUQuSPedPMwr7RZH2ou8sk5jis2MeDWRUUymosWQ16mp7WyYikaCpLM7L8B3z4/C6cCfTM4aMhX3st68+/j+vgQxgHnMgTeYodh4UfXSglm5qmqf2zwh+Yv1Z1WbMV
Wd14ocoB78CW6KII76Tgj0+w4Ck6nY5J/u3eNqDO4V26C54eW/2BPtMcbY3fxL6351Yrvw2/89/TCrNA
+mWcGbiPVl1rqQvQTJjM8NPMwr7RZH2ou8sk5jis2MeDWRUUy2osWQ16mpnWyYikaCpLM7L8B3z4/C6cCfTM4aMhX3st68+/j+vgQxgHnMgTeYodh4UfXSglm5qmqf2zwh+Yv1Z1WbMV
y6dy56+r+SPpVugZJcSeoU6w4Ck6nY5J/u3eNqDO4V26C54eW/2BPtMcbY3fxL6351Yrvw2/89/TCrNA
4d1pbNmFsyo01ikxMvC7EU47Lhj+hsTfxepiChnZkP3lL2X1jSMWvJbY49Kp2Yv27ANwJV4UPmYN60TQIRze0NiFFf7aza3MeSNbpwl/SaeWG77rCniF9QyFcSm5PY6JbULg5auDFPO+pyB5X7MT
IhHOUjwY70rkp651hVGruNPMwr7RZH2ou8sk5jis2MeDWRUUz2osWQ16mpnWyYikaCpLM7L8B3z4/C6dCfTM4aMhX3st68+/j+vgQxgHnMgTeYodh4UfXSglm5qmqf2zwh+Yv1Z1WbMV
FezDGUYoSGWEun4ZA4HBB9PMwr7RZH2ou8sk5jis2MeDWRUUzGosWQ16mpjWyYikaCpLM7L8B3z4/C6dCfTM4aMhX3st68+/j+vgQxgHnMgTeYodh4UfXSglm5qmqf2zwh+Yv1Z1WbMV
Ab7VBeKGJBUCBQwv9sYu9NPMwr7RZH2ou8sk5jis2MeDWRUUzWosWQ16mp/WyYikaCpLM7L8B3z4/C6dCfTM4aMhX3st68+/j+vgQxgHnMgTeYodh4UfXSglm5qmqf2zwh+Yv1Z1WbMV
Bz8ufHhYqvCA1kWF2FfXINPMwr7RZH2ou8sk5jis2MeDWRUUzmosWQ16mp7WyYikaCpLM7L8B3z4/C6dCfTM4aMhX3st68+/j+vgQxgHnMgTeYodh4UfXSglm5qmqf2zwh+Yv1Z1WbMV
6xUWuGu398RMFhhyderI6+VEncJnCC9CyG57eXIZT4cPYT+z5DIaUnJEK1kJcmaN+rGshIzyZ0PuNMO8vLRyLeUsaIHHmbPrkWNLPwtjXNN0v3gotyHmrVtN2x1sbUdqivGZk+bntK8qfV2zEQ==
AkD80Zybakb+oP4PeDgBgb8sbI5KS53MzXCB1P2Rn+JQ5Bj+w5qbVPRhWbDoGeCXOH4UWU8Zbi9Y3+LEwqTvvwuDbijMJcqNDfygwY/pm8uJk1M/ExNE81xPsOj/cY4N490jndT9PwoiIVFTLtfczzJNRbMJ
35mSMWE0VKE5s8sOM5dpdb8sbI5KS57MzXCB1P2Rn+JQ5Bj+w5qbVPRhWbDoGeCXOH4UWUwZbi9Y3+LEwqTvvwuDbijMJcqNDfygwY/pm8uJk1M/ExNE81xPsOj/cY4N490jndT9PwoiIVFTLtfczzJNRbMJ
e1Y7jRy6SW4anKC61KO9CigtOgi4IEO1ogkexXZpXsrYOpGx0u/+wgMp0fKb2C2x5/COm89yC6MVq+PT2w6zPA==
KqpWsVGo7w+Dy+YfZVfNgig3PAikOEK1ogkexXZpXsrYOpGx0u/+wgMp0fKb2C2x5/COm89yC6MVq+PT2w6zPA==
0p6DdMbdejoipPqVOz3AzEmw4Ck6nY5J/u3eNqDO4V26C54eW/2BPtMcbY3fxL6351Yrvw2/89/TCrNA
T82WCnqWjAEaEGA/wFtRBtPMwr7RZH2ou8sk5jis2MeDWRUUyGosWQ16mpjWyYikaCpLM7L8B3z4/C6cCfTM4aMhX3st68+/j+vgQxgHnMgTeYodh4UfXSglm5qmqf2zwh+Yv1Z1WbMV
6Ut57EYkEzDA2PKzPFXUcdPMwr7RZH2ou8sk5jis2MeDWRUUyWosWQ16mp/WyYikaCpLM7L8B3z4/C6cCfTM4aMhX3st68+/j+vgQxgHnMgTeYodh4UfXSglm5qmqf2zwh+Yv1Z1WbMV
QH85MjCG65hrYQsf6D5oOyktOgi4IEO1ogkexXZpXsrYOpGx0u/+wgMp0fKb2C2x5/COm89yC6MVq+PT2w6zPA==
UUKVLXCwxu0SQW8+j8n+DEiw4Ck6nY5J/u3eNqDO4V26C54eW/2BPtMcbY3fxL6351Yrvw2/89/TCrNA
CEOqLCONnfdXk9JYabnIq0uw4Ck6nY5J/u3eNqDO4V26C54eW/2BPtMcbY3fxL6351Yrvw2/89/TCrNA
oXqXIkTyuICUaY42UlH7mL8sbI5KS57MzXCB1P2Rn+JQ5Bj+w5qbVPRmWbDoGeCXOH4UWUwZbi9Y3+LEwqTvvwuDbijMJcqKDfygwY/pm8uJk1M/ExNE81xPsOj/cY4N490jndT9PwoiIVFTLtfczzJNRbMJ
3Gma4FO3MZqQs7BDmN5VQi4tOgi4IEO1ogkexXZpXsrYOpGx0u/+wgMp0fKb2C2x5/COm89yC6MVq+PT2w6zPA==
8yne9FolGEm3StqHQfQOXUqw4Ck6nY5J/u3eNqDO4V26C54eW/2BPtMcbY3fxL6351Yrvw2/89/TCrNA
BgtyYVHBWVZkigjbXW0UKk2w4Ck6nY5J/u3eNqDO4V26C54eW/2BPtMcbY3fxL6351Yrvw2/89/TCrNA
g/pqI2KVNRc4YsUZCpNqr0yw4Ck6nY5J/u3eNqDO4V26C54eW/2BPtMcbY3fxL6351Yrvw2/89/TCrNA
Rmzbe5IR0kdfzrl9vVg3lSg3PAqjMkO1ogkexXZpXsrYOpGx0u/+wgMp0fKb2C2x5/COm89yC6MVq+PT2w6zPA==
q/+cgE3EKEln2SBcoGeBPSstOgi4IEO1ogkexXZpXsrYOpGx0u/+wgMp0fKb2C2x5/COm89yC6MVq+PT2w6zPA==
+fFAAqQ3UcN9GzfeUzmDwOVEncJnCC4ZnXRscmgIYoc5dArykmBKTGNVEQ41JinP9bGshIzyZ0PuNMO8vLRyLP0gaJjRhrPrkWNLPwtjXNN0v3gotyHmrVtN2x1sbUdqivGZk+bntK8qfV2zEQ==
EyxdySiRDhaRF4dYE41GI78sbI5KS53MzXCB1P2Rn+JQ5Bj+w5qbVPRnWbDoGeCXOH4UWU8Zbi9Y3+LEwqTvvwuDbijMJcqIDfygwY/pm8uJk1M/ExNE81xPsOj/cY4N490jndT9PwoiIVFTLtfczzJNRbMJ
ATR5uphTktBUiqgX/otLX3crm5h701smT2xtZnq1lbNUFhIG6pnBkz+nUKQfzdbfsHqqETAaWOaPrmFaH1iloX/jJfHQDG+jebR/2g2PuwoWLRsAG41ZQWt1H2yzIg==
fexijncb3fjcNzkRHZ3wWi0tOgi4IEO1ogkexXZpXsrYOpGx0u/+wgMp0fKb2C2x5/COm89yC6MVq+PT2w6zPA==
8jBFseNFJ7PChA7TB47KiCk1NgihNly1ogkexXZpXsrYOpGx0u/+wgMp0fKb2C2x5/COm89yC6MVq+PT2w6zPA==
l3KxTGDF9B+6JTFyCYttLC8tOgi4IEO1ogkexXZpXsrYOpGx0u/+wgMp0fKb2C2x5/COm89yC6MVq+PT2w6zPA==
/2vyjX4ID2tDPkoi0zURGvctNglVOD0TPI8UR9ypi1QRI7M1QvbE406zandPkb5NUz1znQJdTkrSASHT/vfMD6ItdbM5
llF9TsLzWPLn3CtS04qHlDthThp2YmkyY/mRwrvILccHoU4rb+KLU3V7o+P7HrNM
CmgeY2qoiSf+AocydS15tM7RUkHLkaU+ij8oliEVVX1vSIfXqQD3Pk1tsz/GWfNEO4kxtfvB1wizRg==
cYF//x74nVDPPDx55LtsZI9d8kREad3BNHTEIZs7jcWUZVk5Qb0wmQTieJWjQ5wjhsfIyQezSw==
LuNrn/ntcAv9AHYElR5DZJq4SQRuo2KqE4dfOa+hNsyomdZMJwQ87vO+ipIeRCnpyy1xpKqO52G5Gx9lQwDo1E201QNUR4eDlRVfhusl4SbjRO3T793eb1fO66c9Z5NHY1KzGA==
1jNopV3NL2t7Fz7BKB6E9vrAoBn2jzM/4JazGXkAHcm/smU4IR0iiWTBSwTja+IzireCFVUsDx/t9RxKWpuQjzSHUa1gNY2B7X1cYVAyzD1/I2BLUnd8EWuzJw==
oidBhmb8s7rm5vpHWelci+Ahp0FhtEEthJFmFjWV/5iLRUkCE5S3hYRlwqHt6EUzNJ/8B3RZA/TJU6s1WgacQ8bDwrcngbZtq23LHXqNdiraEQkTlkdEb3odbbMh
iUj21u5WHh4NDbFEjKappyy9lQathGIWMZ3jiGd9LSL3zJt1uC0GYamguYNYR1hn0KGvZFXbL7XejgDTartmV4PZWt3XpQ9dPkVKWvbJbTNyfyh/ZhVpsyU=
585bGWQz0FdTnyIheoqLl5q4SQRuo2KqE4dfOa+hNsyzmdZMJwQ87vO+ipIeRCnpyy1xpKqO52G5Gx9lQwDo1E201QNUR4eDlRVfhusl4SbjRO3T793eb1fO66c9Z5NHY1KzGA==
NJYX/Xts7ppOvED7DA2sgzHe5PvT8cM9bd3TNrhiRmGEUl4WDWXH+KO1gUJbRB/lHPVaIXV43ZNcTzRHPGnr1LFjUzUiNmRjrvMKd2/RXs0z/VOd4h3uynJBwdPeN2yPQm1Vsxk=
ijAt4VahhdwmX93Zp9VFmJyzTw1KpHa8NZdfPKyFLM6+mdZMJwQ87vO+ipIeRCnpyy1xpKqO52G5Gx9lQwDo1E201QNUR4eDlRVfhusl4SbjRO3T793eb1fO66c9Z5NHY1KzGA==
Y7X0cakhdf4ZQdgrFQcXBZGTh++VDSi/sMAj8jWL5MeZTjpAn2hSFgF908jXnZ2iZyxLNejNFmG5gGnDCOfI56ABXyQl+9+1rq7wExobltcTeYodh4UfXS4lmpqmqf2zwh+Yv1Z1WbMV
kzfbAPIscyWHPD8j6WmFziSwlwKU+KgScG1fdYdYABwEMM3o4qBnLzpp5doKrJWhZW8YLbMgjqGY4TJPP/HQqYL6vPMrWLUByynivX81l92m1SL6Dnkl87ovcJ9OZVGzHQ==
Tc4dOcGBqAU2O/f3VQ4tuwl+bz9ce25+TeGGoEQFOva3uedQLrXOPFEuKcXx5ApvievfN0sw48mJ2Sxxv2yiBHlox3cp4LceTU1zX0b5M2Q7aXFVe2EXaLMm
